#! /c/iverilog/bin/vvp
:ivl_version "0.9.7 " "(v0_9_7)";
:vpi_time_precision + 0;
:vpi_module "system";
:vpi_module "v2005_math";
:vpi_module "va_math";
S_00FD4FD8 .scope module, "cnn_accelerator_top" "cnn_accelerator_top" 2 11;
 .timescale 0 0;
P_00F81304 .param/l "ACC_WIDTH" 2 17, +C4<0100000>;
P_00F81318 .param/l "DATA_WIDTH" 2 15, +C4<01000>;
P_00F8132C .param/l "IMAGE_HEIGHT" 2 13, +C4<01000000>;
P_00F81340 .param/l "IMAGE_WIDTH" 2 12, +C4<01000000>;
P_00F81354 .param/l "KERNEL_SIZE" 2 14, +C4<011>;
P_00F81368 .param/l "MAC_UNITS" 2 19, +C4<01001>;
P_00F8137C .param/l "NWEIGHTS" 2 65, +C4<01001>;
P_00F81390 .param/l "OUT_WIDTH" 2 18, +C4<01000>;
P_00F813A4 .param/l "PROD_WIDTH" 2 16, +C4<010000>;
P_00F813B8 .param/l "STORE_WIDTH" 2 21, +C4<010000>;
P_00F813CC .param/l "TOTAL_OUT" 2 20, +C4<0111100000100>;
L_00FAAD78 .functor NOT 1, C4<z>, C4<0>, C4<0>, C4<0>;
L_0101CAE0 .functor AND 1, v0101ACC0_0, v0101AC68_0, C4<1>, C4<1>;
v0101BA80_0 .net/s "acc_result", 31 0, v01012150_0; 1 drivers
v0101C2C0_0 .net "acc_valid", 0 0, v01012360_0; 1 drivers
v0101C000_0 .net "clk", 0 0, C4<z>; 0 drivers
v0101BDF0_0 .net "ctrl_result_valid", 0 0, v0101BEF8_0; 1 drivers
v0101C058_0 .net "done_fsm", 0 0, v0101A188_0; 1 drivers
v0101BC38_0 .net "feature_out", 15 0, v00FD12B0_0; 1 drivers
v0101BAD8_0 .net "frame_done", 0 0, v01019948_0; 1 drivers
v0101C160_0 .net "mac_valid", 0 0, v010190D0_0; 1 drivers
v0101C108_0 .net "pipe_en_fsm", 0 0, v0101A2E8_0; 1 drivers
v0101C210_0 .net/s "pixel_in", 7 0, v01019840_0; 1 drivers
v0101BFA8_0 .net "pixel_valid", 0 0, v01019D10_0; 1 drivers
RS_00FDD7F4/0/0 .resolv tri, L_0101B138, L_0101BA28, L_0101FE88, L_0101F858;
RS_00FDD7F4/0/4 .resolv tri, L_01020BF0, L_01020408, L_01020510, L_0101F750;
RS_00FDD7F4/0/8 .resolv tri, L_0101F280, C4<zzzzzzzzzzzzzzzzzzzzzzzzzzzzzzzzzzzzzzzzzzzzzzzzzzzzzzzzzzzzzzzzzzzzzzzzzzzzzzzzzzzzzzzzzzzzzzzzzzzzzzzzzzzzzzzzzzzzzzzzzzzzzzzzzzzzzzzzzzzzzzzz>, C4<zzzzzzzzzzzzzzzzzzzzzzzzzzzzzzzzzzzzzzzzzzzzzzzzzzzzzzzzzzzzzzzzzzzzzzzzzzzzzzzzzzzzzzzzzzzzzzzzzzzzzzzzzzzzzzzzzzzzzzzzzzzzzzzzzzzzzzzzzzzzzzzz>, C4<zzzzzzzzzzzzzzzzzzzzzzzzzzzzzzzzzzzzzzzzzzzzzzzzzzzzzzzzzzzzzzzzzzzzzzzzzzzzzzzzzzzzzzzzzzzzzzzzzzzzzzzzzzzzzzzzzzzzzzzzzzzzzzzzzzzzzzzzzzzzzzzz>;
RS_00FDD7F4 .resolv tri, RS_00FDD7F4/0/0, RS_00FDD7F4/0/4, RS_00FDD7F4/0/8, C4<zzzzzzzzzzzzzzzzzzzzzzzzzzzzzzzzzzzzzzzzzzzzzzzzzzzzzzzzzzzzzzzzzzzzzzzzzzzzzzzzzzzzzzzzzzzzzzzzzzzzzzzzzzzzzzzzzzzzzzzzzzzzzzzzzzzzzzzzzzzzzzzz>;
v0101C318_0 .net8/s "products", 143 0, RS_00FDD7F4; 9 drivers
v0101BE48_0 .net "relu_out", 7 0, v01011440_0; 1 drivers
v0101C268_0 .net "relu_valid", 0 0, v01011DE0_0; 1 drivers
v0101BB30_0 .net "rom_en", 0 0, L_0101CAE0; 1 drivers
RS_00FDE574 .resolv tri, L_0101A950, L_0101A638, C4<zzzzzzzzzzzzzzzz>, C4<zzzzzzzzzzzzzzzz>;
v0101BC90_0 .net8 "row_out_flat", 15 0, RS_00FDE574; 2 drivers
v0101BEA0_0 .net "rst", 0 0, C4<z>; 0 drivers
v0101C370_0 .net "rst_n", 0 0, L_00FAAD78; 1 drivers
v0101C1B8_0 .net "start", 0 0, C4<z>; 0 drivers
v0101AC68_0 .var "start_latched", 0 0;
v0101BB88_0 .net "valid", 0 0, v00FD1360_0; 1 drivers
v0101AA00_0 .var "w_addr_r", 3 0;
v0101AE20_0 .var/s "w_data_r", 7 0;
v0101A740_0 .var "w_en_r", 0 0;
RS_00FDE364/0/0 .resolv tri, L_0101AF28, L_0101AB08, L_0101A480, L_0101AB60;
RS_00FDE364/0/4 .resolv tri, L_0101A4D8, L_0101A530, L_0101A588, L_0101A8F8;
RS_00FDE364/0/8 .resolv tri, L_0101A690, C4<zzzzzzzzzzzzzzzzzzzzzzzzzzzzzzzzzzzzzzzzzzzzzzzzzzzzzzzzzzzzzzzzzzzzzzzz>, C4<zzzzzzzzzzzzzzzzzzzzzzzzzzzzzzzzzzzzzzzzzzzzzzzzzzzzzzzzzzzzzzzzzzzzzzzz>, C4<zzzzzzzzzzzzzzzzzzzzzzzzzzzzzzzzzzzzzzzzzzzzzzzzzzzzzzzzzzzzzzzzzzzzzzzz>;
RS_00FDE364 .resolv tri, RS_00FDE364/0/0, RS_00FDE364/0/4, RS_00FDE364/0/8, C4<zzzzzzzzzzzzzzzzzzzzzzzzzzzzzzzzzzzzzzzzzzzzzzzzzzzzzzzzzzzzzzzzzzzzzzzz>;
v0101ABB8_0 .net8/s "weight_flat", 71 0, RS_00FDE364; 9 drivers
v0101A6E8_0 .net "weight_loaded", 0 0, v01019478_0; 1 drivers
v0101AD18_0 .net "weight_wr_addr_w", 3 0, v0101AA00_0; 1 drivers
v0101A798_0 .net/s "weight_wr_data_w", 7 0, v0101AE20_0; 1 drivers
v0101A9A8_0 .net "weight_wr_en_w", 0 0, v0101A740_0; 1 drivers
RS_00FDE34C/0/0 .resolv tri, L_0101A8A0, L_0101B7C0, L_0101B8C8, L_0101B6B8;
RS_00FDE34C/0/4 .resolv tri, L_0101B190, L_0101AF80, L_0101B920, L_0101AFD8;
RS_00FDE34C/0/8 .resolv tri, L_0101B978, C4<zzzzzzzzzzzzzzzzzzzzzzzzzzzzzzzzzzzzzzzzzzzzzzzzzzzzzzzzzzzzzzzzzzzzzzzz>, C4<zzzzzzzzzzzzzzzzzzzzzzzzzzzzzzzzzzzzzzzzzzzzzzzzzzzzzzzzzzzzzzzzzzzzzzzz>, C4<zzzzzzzzzzzzzzzzzzzzzzzzzzzzzzzzzzzzzzzzzzzzzzzzzzzzzzzzzzzzzzzzzzzzzzzz>;
RS_00FDE34C .resolv tri, RS_00FDE34C/0/0, RS_00FDE34C/0/4, RS_00FDE34C/0/8, C4<zzzzzzzzzzzzzzzzzzzzzzzzzzzzzzzzzzzzzzzzzzzzzzzzzzzzzzzzzzzzzzzzzzzzzzzz>;
v0101AA58_0 .net8/s "window_flat", 71 0, RS_00FDE34C; 9 drivers
v0101ADC8_0 .net "window_valid", 0 0, v010186D8_0; 1 drivers
v0101AE78_0 .var "wload_active", 0 0;
v0101AC10_0 .var "wload_cnt", 3 0;
v0101ACC0_0 .var "wload_done", 0 0;
S_00FB9B70 .scope function, "krn_val" "krn_val" 2 75, 2 75, S_00FD4FD8;
 .timescale 0 0;
v0101C0B0_0 .var/i "idx", 31 0;
v0101C3C8_0 .var/s "krn_val", 7 0;
TD_cnn_accelerator_top.krn_val ;
    %load/v 8, v0101C0B0_0, 32;
    %cmpi/u 8, 0, 32;
    %jmp/1 T_0.0, 6;
    %cmpi/u 8, 1, 32;
    %jmp/1 T_0.1, 6;
    %cmpi/u 8, 2, 32;
    %jmp/1 T_0.2, 6;
    %cmpi/u 8, 3, 32;
    %jmp/1 T_0.3, 6;
    %cmpi/u 8, 5, 32;
    %jmp/1 T_0.4, 6;
    %cmpi/u 8, 6, 32;
    %jmp/1 T_0.5, 6;
    %cmpi/u 8, 7, 32;
    %jmp/1 T_0.6, 6;
    %cmpi/u 8, 8, 32;
    %jmp/1 T_0.7, 6;
    %cmpi/u 8, 4, 32;
    %jmp/1 T_0.8, 6;
    %set/v v0101C3C8_0, 0, 8;
    %jmp T_0.10;
T_0.0 ;
    %set/v v0101C3C8_0, 1, 8;
    %jmp T_0.10;
T_0.1 ;
    %set/v v0101C3C8_0, 1, 8;
    %jmp T_0.10;
T_0.2 ;
    %set/v v0101C3C8_0, 1, 8;
    %jmp T_0.10;
T_0.3 ;
    %set/v v0101C3C8_0, 1, 8;
    %jmp T_0.10;
T_0.4 ;
    %set/v v0101C3C8_0, 1, 8;
    %jmp T_0.10;
T_0.5 ;
    %set/v v0101C3C8_0, 1, 8;
    %jmp T_0.10;
T_0.6 ;
    %set/v v0101C3C8_0, 1, 8;
    %jmp T_0.10;
T_0.7 ;
    %set/v v0101C3C8_0, 1, 8;
    %jmp T_0.10;
T_0.8 ;
    %movi 8, 8, 8;
    %set/v v0101C3C8_0, 8, 8;
    %jmp T_0.10;
T_0.10 ;
    %end;
S_00FB97B8 .scope module, "u_ctrl" "controller_fsm" 2 133, 3 30, S_00FD4FD8;
 .timescale 0 0;
P_00D43604 .param/l "CNT_W" 3 57, +C4<00000000000000000000000000001101>;
P_00D43618 .param/l "IMAGE_HEIGHT" 3 32, +C4<01000000>;
P_00D4362C .param/l "IMAGE_WIDTH" 3 31, +C4<01000000>;
P_00D43640 .param/l "KERNEL_SIZE" 3 33, +C4<011>;
P_00D43654 .param/l "OCNT_W" 3 58, +C4<00000000000000000000000000001100>;
P_00D43668 .param/l "OUT_H" 3 53, +C4<0111110>;
P_00D4367C .param/l "OUT_W" 3 52, +C4<0111110>;
P_00D43690 .param/l "PIPE_STAGES" 3 81, +C4<011>;
P_00D436A4 .param/l "ST_DONE" 3 67, C4<11>;
P_00D436B8 .param/l "ST_IDLE" 3 64, C4<00>;
P_00D436CC .param/l "ST_LOAD" 3 65, C4<01>;
P_00D436E0 .param/l "ST_RUN" 3 66, C4<10>;
P_00D436F4 .param/l "TOTAL_IN" 3 54, +C4<01000000000000>;
P_00D43708 .param/l "TOTAL_OUT" 3 55, +C4<0111100000100>;
P_00D4371C .param/l "WARMUP_PIXELS" 3 79, +C4<010000010>;
L_0101C6F0 .functor AND 1, L_0101A7F0, L_0101AAB0, C4<1>, C4<1>;
v01019688_0 .net *"_s0", 6 0, L_0101AED0; 1 drivers
v01019DC0_0 .net *"_s11", 0 0, C4<0>; 1 drivers
v010196E0_0 .net *"_s12", 6 0, C4<0000010>; 1 drivers
v0101A238_0 .net *"_s14", 0 0, L_0101AAB0; 1 drivers
v0101A130_0 .net *"_s3", 0 0, C4<0>; 1 drivers
v0101A398_0 .net *"_s4", 6 0, C4<0000010>; 1 drivers
v0101A080_0 .net *"_s6", 0 0, L_0101A7F0; 1 drivers
v0101A028_0 .net *"_s8", 6 0, L_0101AD70; 1 drivers
v0101A3F0_0 .alias "clk", 0 0, v0101C000_0;
v0101A0D8_0 .var "col_cnt", 5 0;
v0101A188_0 .var "done_out", 0 0;
v0101A1E0_0 .net "in_valid_region", 0 0, L_0101C6F0; 1 drivers
v0101A290_0 .var "next_state", 1 0;
v01019F78_0 .var "out_cnt", 11 0;
v0101A2E8_0 .var "pipe_en", 0 0;
v0101A340_0 .var "pixel_cnt", 12 0;
v01019FD0_0 .alias "pixel_valid_in", 0 0, v0101BFA8_0;
v0101BEF8_0 .var "result_valid", 0 0;
v0101BD40_0 .var "row_cnt", 5 0;
v0101BD98_0 .alias "rst_n", 0 0, v0101C370_0;
v0101BCE8_0 .alias "start", 0 0, v0101C1B8_0;
v0101BBE0_0 .var "state", 1 0;
v0101BF50_0 .alias "weight_loaded", 0 0, v0101A6E8_0;
E_00FD8328 .event edge, v0101BBE0_0, v0101BCE8_0, v010198F0_0, v0101A340_0;
L_0101AED0 .concat [ 6 1 0 0], v0101BD40_0, C4<0>;
L_0101A7F0 .cmp/ge 7, L_0101AED0, C4<0000010>;
L_0101AD70 .concat [ 6 1 0 0], v0101A0D8_0, C4<0>;
L_0101AAB0 .cmp/ge 7, L_0101AD70, C4<0000010>;
S_00FC62D0 .scope module, "u_weights" "weight_buffer" 2 147, 4 16, S_00FD4FD8;
 .timescale 0 0;
P_0101433C .param/l "DATA_WIDTH" 4 17, +C4<01000>;
P_01014350 .param/l "KERNEL_SIZE" 4 18, +C4<011>;
P_01014364 .param/l "NUM_WEIGHTS" 4 29, +C4<01001>;
v01019F20_0 .alias "clk", 0 0, v0101C000_0;
v01019AA8_0 .var/i "i", 31 0;
v01019478_0 .var "loaded_r", 0 0;
v01019580_0 .alias "rst_n", 0 0, v0101C370_0;
v01019C08_0 .alias/s "weight_flat", 71 0, v0101ABB8_0;
v010198F0_0 .alias "weight_loaded", 0 0, v0101A6E8_0;
v01019BB0_0 .alias "weight_wr_addr", 3 0, v0101AD18_0;
v01019E18_0 .alias/s "weight_wr_data", 7 0, v0101A798_0;
v010195D8_0 .alias "weight_wr_en", 0 0, v0101A9A8_0;
v01019630 .array/s "weights", 8 0, 7 0;
v01019630_0 .array/port v01019630, 0;
L_0101AF28 .part/pv v01019630_0, 0, 8, 72;
v01019630_1 .array/port v01019630, 1;
L_0101AB08 .part/pv v01019630_1, 8, 8, 72;
v01019630_2 .array/port v01019630, 2;
L_0101A480 .part/pv v01019630_2, 16, 8, 72;
v01019630_3 .array/port v01019630, 3;
L_0101AB60 .part/pv v01019630_3, 24, 8, 72;
v01019630_4 .array/port v01019630, 4;
L_0101A4D8 .part/pv v01019630_4, 32, 8, 72;
v01019630_5 .array/port v01019630, 5;
L_0101A530 .part/pv v01019630_5, 40, 8, 72;
v01019630_6 .array/port v01019630, 6;
L_0101A588 .part/pv v01019630_6, 48, 8, 72;
v01019630_7 .array/port v01019630, 7;
L_0101A8F8 .part/pv v01019630_7, 56, 8, 72;
v01019630_8 .array/port v01019630, 8;
L_0101A690 .part/pv v01019630_8, 64, 8, 72;
S_00FB96A8 .scope generate, "gen_wflat[0]" "gen_wflat[0]" 4 56, 4 56, S_00FC62D0;
 .timescale 0 0;
P_00FD85AC .param/l "gi" 4 56, +C4<00>;
v01019EC8_0 .net *"_s2", 7 0, v01019630_0; 1 drivers
S_00FB9730 .scope generate, "gen_wflat[1]" "gen_wflat[1]" 4 56, 4 56, S_00FC62D0;
 .timescale 0 0;
P_00FD868C .param/l "gi" 4 56, +C4<01>;
v01019D68_0 .net *"_s2", 7 0, v01019630_1; 1 drivers
S_00FB9620 .scope generate, "gen_wflat[2]" "gen_wflat[2]" 4 56, 4 56, S_00FC62D0;
 .timescale 0 0;
P_00FD862C .param/l "gi" 4 56, +C4<010>;
v01019B58_0 .net *"_s2", 7 0, v01019630_2; 1 drivers
S_00FB9488 .scope generate, "gen_wflat[3]" "gen_wflat[3]" 4 56, 4 56, S_00FC62D0;
 .timescale 0 0;
P_00FD850C .param/l "gi" 4 56, +C4<011>;
v01019E70_0 .net *"_s2", 7 0, v01019630_3; 1 drivers
S_00FB9EA0 .scope generate, "gen_wflat[4]" "gen_wflat[4]" 4 56, 4 56, S_00FC62D0;
 .timescale 0 0;
P_00FD842C .param/l "gi" 4 56, +C4<0100>;
v01019738_0 .net *"_s2", 7 0, v01019630_4; 1 drivers
S_00FBA148 .scope generate, "gen_wflat[5]" "gen_wflat[5]" 4 56, 4 56, S_00FC62D0;
 .timescale 0 0;
P_00FD866C .param/l "gi" 4 56, +C4<0101>;
v01019A50_0 .net *"_s2", 7 0, v01019630_5; 1 drivers
S_00FC64F0 .scope generate, "gen_wflat[6]" "gen_wflat[6]" 4 56, 4 56, S_00FC62D0;
 .timescale 0 0;
P_00FD830C .param/l "gi" 4 56, +C4<0110>;
v01019898_0 .net *"_s2", 7 0, v01019630_6; 1 drivers
S_00FC6468 .scope generate, "gen_wflat[7]" "gen_wflat[7]" 4 56, 4 56, S_00FC62D0;
 .timescale 0 0;
P_00FD846C .param/l "gi" 4 56, +C4<0111>;
v010199F8_0 .net *"_s2", 7 0, v01019630_7; 1 drivers
S_00FC63E0 .scope generate, "gen_wflat[8]" "gen_wflat[8]" 4 56, 4 56, S_00FC62D0;
 .timescale 0 0;
P_00FD854C .param/l "gi" 4 56, +C4<01000>;
v01019528_0 .net *"_s2", 7 0, v01019630_8; 1 drivers
S_00FC61C0 .scope module, "u_img_rom" "image_rom" 2 160, 5 14, S_00FD4FD8;
 .timescale 0 0;
P_00FAAA34 .param/l "DATA_WIDTH" 5 15, +C4<01000>;
P_00FAAA48 .param/l "IMAGE_PIXELS" 5 16, +C4<01000000000000>;
v010194D0_0 .alias "clk", 0 0, v0101C000_0;
v01019C60_0 .alias "en", 0 0, v0101BB30_0;
v01019948_0 .var "frame_done", 0 0;
v010197E8 .array "mem", 4095 0, 7 0;
v01019840_0 .var/s "pixel_out", 7 0;
v01019D10_0 .var "pixel_valid", 0 0;
v010199A0_0 .var "rd_ptr", 11 0;
v01019CB8_0 .alias "rst", 0 0, v0101BEA0_0;
v01019B00_0 .var "running", 0 0;
S_00FC6F90 .scope module, "u_line_buf" "line_buffer" 2 173, 6 25, S_00FD4FD8;
 .timescale 0 0;
P_010142AC .param/l "DATA_WIDTH" 6 26, +C4<01000>;
P_010142C0 .param/l "IMAGE_WIDTH" 6 27, +C4<01000000>;
P_010142D4 .param/l "KERNEL_SIZE" 6 28, +C4<011>;
L_0101CBC0 .functor BUFZ 8, L_0101A5E0, C4<00000000>, C4<00000000>, C4<00000000>;
L_0101DD08 .functor BUFZ 8, L_0101A848, C4<00000000>, C4<00000000>, C4<00000000>;
v01018EC0_0 .net *"_s11", 7 0, L_0101DD08; 1 drivers
v01018AA0_0 .net *"_s2", 7 0, L_0101A5E0; 1 drivers
v01018B50_0 .net *"_s5", 7 0, L_0101CBC0; 1 drivers
v01018838_0 .net *"_s8", 7 0, L_0101A848; 1 drivers
v01018D08_0 .var/i "c", 31 0;
v01018998_0 .alias "clk", 0 0, v0101C000_0;
v01018D60_0 .var "col_idx", 5 0;
v01018F18 .array/s "lb1", 63 0, 7 0;
v01018578 .array/s "lb2", 63 0, 7 0;
v01018788_0 .alias/s "pixel_in", 7 0, v0101C210_0;
v010189F0_0 .alias "pixel_valid", 0 0, v0101BFA8_0;
v01018A48_0 .alias "row_out_flat", 15 0, v0101BC90_0;
v01019790_0 .alias "rst_n", 0 0, v0101C370_0;
L_0101A950 .part/pv L_0101CBC0, 0, 8, 16;
L_0101A5E0 .array/port v01018F18, v01018D60_0;
L_0101A638 .part/pv L_0101DD08, 8, 8, 16;
L_0101A848 .array/port v01018578, v01018D60_0;
S_00FC5B60 .scope module, "u_win_gen" "window_generator" 2 185, 7 31, S_00FD4FD8;
 .timescale 0 0;
P_01014024 .param/l "DATA_WIDTH" 7 32, +C4<01000>;
P_01014038 .param/l "IMAGE_WIDTH" 7 33, +C4<01000000>;
P_0101404C .param/l "KERNEL_SIZE" 7 34, +C4<011>;
v010184C8 .array/s "bot_sr", 2 0, 7 0;
v01018C00_0 .alias "clk", 0 0, v0101C000_0;
v01018AF8_0 .var "col_cnt", 5 0;
v01018890_0 .var/i "i", 31 0;
v01018E10 .array/s "mid_sr", 2 0, 7 0;
v01018628_0 .net/s "mid_tap", 7 0, L_0101B558; 1 drivers
v01018E68_0 .alias/s "pixel_in", 7 0, v0101C210_0;
v010188E8_0 .alias "pixel_valid", 0 0, v0101BFA8_0;
v010185D0_0 .var "row_cnt", 5 0;
v01018BA8_0 .alias "row_out_flat", 15 0, v0101BC90_0;
v01018470_0 .alias "rst_n", 0 0, v0101C370_0;
v01018DB8 .array/s "top_sr", 2 0, 7 0;
v01018730_0 .net/s "top_tap", 7 0, L_0101B5B0; 1 drivers
v01018680_0 .alias/s "window_flat", 71 0, v0101AA58_0;
v010186D8_0 .var "window_valid", 0 0;
E_00FD8108/0 .event negedge, v01011C28_0;
E_00FD8108/1 .event posedge, v00FD1620_0;
E_00FD8108 .event/or E_00FD8108/0, E_00FD8108/1;
v01018DB8_0 .array/port v01018DB8, 0;
L_0101A8A0 .part/pv v01018DB8_0, 0, 8, 72;
v01018DB8_1 .array/port v01018DB8, 1;
L_0101B7C0 .part/pv v01018DB8_1, 8, 8, 72;
v01018DB8_2 .array/port v01018DB8, 2;
L_0101B8C8 .part/pv v01018DB8_2, 16, 8, 72;
v01018E10_0 .array/port v01018E10, 0;
L_0101B6B8 .part/pv v01018E10_0, 24, 8, 72;
v01018E10_1 .array/port v01018E10, 1;
L_0101B190 .part/pv v01018E10_1, 32, 8, 72;
v01018E10_2 .array/port v01018E10, 2;
L_0101AF80 .part/pv v01018E10_2, 40, 8, 72;
v010184C8_0 .array/port v010184C8, 0;
L_0101B920 .part/pv v010184C8_0, 48, 8, 72;
v010184C8_1 .array/port v010184C8, 1;
L_0101AFD8 .part/pv v010184C8_1, 56, 8, 72;
v010184C8_2 .array/port v010184C8, 2;
L_0101B978 .part/pv v010184C8_2, 64, 8, 72;
L_0101B558 .part RS_00FDE574, 0, 8;
L_0101B5B0 .part RS_00FDE574, 8, 8;
S_00FC69B8 .scope generate, "gen_row[0]" "gen_row[0]" 7 117, 7 117, S_00FC5B60;
 .timescale 0 0;
P_00FD83EC .param/l "gr" 7 117, +C4<00>;
S_00FC6BD8 .scope generate, "gen_col[0]" "gen_col[0]" 7 118, 7 118, S_00FC69B8;
 .timescale 0 0;
P_00FD856C .param/l "gc" 7 118, +C4<00>;
v01018520_0 .net *"_s2", 7 0, v01018DB8_0; 1 drivers
S_00FC6A40 .scope generate, "gen_col[1]" "gen_col[1]" 7 118, 7 118, S_00FC69B8;
 .timescale 0 0;
P_00FD83AC .param/l "gc" 7 118, +C4<01>;
v01018940_0 .net *"_s2", 7 0, v01018DB8_1; 1 drivers
S_00FC6F08 .scope generate, "gen_col[2]" "gen_col[2]" 7 118, 7 118, S_00FC69B8;
 .timescale 0 0;
P_00FD82EC .param/l "gc" 7 118, +C4<010>;
v01018CB0_0 .net *"_s2", 7 0, v01018DB8_2; 1 drivers
S_00FC5FA0 .scope generate, "gen_row[1]" "gen_row[1]" 7 117, 7 117, S_00FC5B60;
 .timescale 0 0;
P_00FD852C .param/l "gr" 7 117, +C4<01>;
S_00FC5E08 .scope generate, "gen_col[0]" "gen_col[0]" 7 118, 7 118, S_00FC5FA0;
 .timescale 0 0;
P_00FD85EC .param/l "gc" 7 118, +C4<00>;
v01018C58_0 .net *"_s2", 7 0, v01018E10_0; 1 drivers
S_00FC6028 .scope generate, "gen_col[1]" "gen_col[1]" 7 118, 7 118, S_00FC5FA0;
 .timescale 0 0;
P_00FD838C .param/l "gc" 7 118, +C4<01>;
v010187E0_0 .net *"_s2", 7 0, v01018E10_1; 1 drivers
S_00FC5C70 .scope generate, "gen_col[2]" "gen_col[2]" 7 118, 7 118, S_00FC5FA0;
 .timescale 0 0;
P_00FD84AC .param/l "gc" 7 118, +C4<010>;
v01018FC8_0 .net *"_s2", 7 0, v01018E10_2; 1 drivers
S_00FC5940 .scope generate, "gen_row[2]" "gen_row[2]" 7 117, 7 117, S_00FC5B60;
 .timescale 0 0;
P_00FD814C .param/l "gr" 7 117, +C4<010>;
S_00FC5F18 .scope generate, "gen_col[0]" "gen_col[0]" 7 118, 7 118, S_00FC5940;
 .timescale 0 0;
P_00FD836C .param/l "gc" 7 118, +C4<00>;
v01019020_0 .net *"_s2", 7 0, v010184C8_0; 1 drivers
S_00FC5BE8 .scope generate, "gen_col[1]" "gen_col[1]" 7 118, 7 118, S_00FC5940;
 .timescale 0 0;
P_00FD848C .param/l "gc" 7 118, +C4<01>;
v01019128_0 .net *"_s2", 7 0, v010184C8_1; 1 drivers
S_00FC59C8 .scope generate, "gen_col[2]" "gen_col[2]" 7 118, 7 118, S_00FC5940;
 .timescale 0 0;
P_00FD818C .param/l "gc" 7 118, +C4<010>;
v01018F70_0 .net *"_s2", 7 0, v010184C8_2; 1 drivers
S_00FD6380 .scope module, "u_mac_arr" "mac_array" 2 199, 8 27, S_00FD4FD8;
 .timescale 0 0;
P_00FA0B0C .param/l "DATA_WIDTH" 8 28, +C4<01000>;
P_00FA0B20 .param/l "MAC_UNITS" 8 30, +C4<01001>;
P_00FA0B34 .param/l "PROD_WIDTH" 8 29, +C4<010000>;
v010192E0_0 .alias "clk", 0 0, v0101C000_0;
v010191D8_0 .alias "enable", 0 0, v0101ADC8_0;
v01019390_0 .alias/s "pixel_flat", 71 0, v0101AA58_0;
v01019230_0 .alias/s "products", 143 0, v0101C318_0;
v010193E8_0 .alias "rst_n", 0 0, v0101C370_0;
v010190D0_0 .var "valid_out", 0 0;
v01019288_0 .alias/s "weight_flat", 71 0, v0101ABB8_0;
L_0101B3A0 .part RS_00FDE34C, 0, 8;
L_0101B450 .part RS_00FDE364, 0, 8;
L_0101B138 .part/pv v01016068_0, 0, 16, 144;
L_0101B818 .part RS_00FDE34C, 8, 8;
L_0101B870 .part RS_00FDE364, 8, 8;
L_0101BA28 .part/pv v010155C0_0, 16, 16, 144;
L_0101FBC8 .part RS_00FDE34C, 16, 8;
L_0101FA68 .part RS_00FDE364, 16, 8;
L_0101FE88 .part/pv v010158D8_0, 32, 16, 144;
L_0101F800 .part RS_00FDE34C, 24, 8;
L_01020250 .part RS_00FDE364, 24, 8;
L_0101F858 .part/pv v01015378_0, 48, 16, 144;
L_0101FF38 .part RS_00FDE34C, 32, 8;
L_0101FC20 .part RS_00FDE364, 32, 8;
L_01020BF0 .part/pv v01014560_0, 64, 16, 144;
L_01020880 .part RS_00FDE34C, 40, 8;
L_010204B8 .part RS_00FDE364, 40, 8;
L_01020408 .part/pv v01014A88_0, 80, 16, 144;
L_01020AE8 .part RS_00FDE34C, 48, 8;
L_010209E0 .part RS_00FDE364, 48, 8;
L_01020510 .part/pv v01013310_0, 96, 16, 144;
L_0101F0C8 .part RS_00FDE34C, 56, 8;
L_0101F648 .part RS_00FDE364, 56, 8;
L_0101F750 .part/pv v01012E40_0, 112, 16, 144;
L_0101ED00 .part RS_00FDE34C, 64, 8;
L_0101EDB0 .part RS_00FDE364, 64, 8;
L_0101F280 .part/pv v01012C30_0, 128, 16, 144;
S_00FC58B8 .scope generate, "gen_mac[0]" "gen_mac[0]" 8 54, 8 54, S_00FD6380;
 .timescale 0 0;
P_00FD804C .param/l "gi" 8 54, +C4<00>;
S_00FC5AD8 .scope module, "u_mac" "mac_unit" 8 59, 9 16, S_00FC58B8;
 .timescale 0 0;
P_01013D9C .param/l "DATA_WIDTH" 9 17, +C4<01000>;
P_01013DB0 .param/l "OUT_WIDTH" 9 18, +C4<010000>;
P_01013DC4 .param/l "PIPELINE_REG" 9 19, +C4<01>;
L_0101E280 .functor XOR 1, L_0101B608, L_0101B030, C4<0>, C4<0>;
v010161C8_0 .net *"_s1", 0 0, L_0101B608; 1 drivers
v010162D0_0 .net *"_s13", 7 0, C4<00000000>; 1 drivers
v01016170_0 .net/s *"_s14", 15 0, L_0101B088; 1 drivers
v01016220_0 .net/s *"_s16", 15 0, L_0101B348; 1 drivers
v01015FB8_0 .net *"_s3", 0 0, L_0101B030; 1 drivers
v01016118_0 .net *"_s4", 0 0, L_0101E280; 1 drivers
v01015F60_0 .net/s *"_s7", 7 0, L_0101B2F0; 1 drivers
v01016278_0 .net *"_s8", 7 0, L_0101B3F8; 1 drivers
v01016010_0 .alias "clk", 0 0, v0101C000_0;
v01016380_0 .net/s "data_in", 7 0, L_0101B3A0; 1 drivers
v010163D8_0 .alias "enable", 0 0, v0101ADC8_0;
v01016068_0 .var/s "product_out", 15 0;
v010160C0_0 .net/s "product_wire", 15 0, L_0101B660; 1 drivers
v01019180_0 .net/s "raw_product", 15 0, L_0101B0E0; 1 drivers
v01019338_0 .alias "rst_n", 0 0, v0101C370_0;
v01019078_0 .net/s "weight_in", 7 0, L_0101B450; 1 drivers
L_0101B608 .part L_0101B3A0, 7, 1;
L_0101B030 .part L_0101B450, 7, 1;
L_0101B2F0 .arith/mult 8, L_0101B3A0, L_0101B450;
L_0101B3F8 .concat [ 8 0 0 0], L_0101B2F0;
L_0101B660 .concat [ 8 8 0 0], L_0101B3F8, C4<00000000>;
L_0101B088 .extend/s 16, L_0101B3A0;
L_0101B348 .extend/s 16, L_0101B450;
L_0101B0E0 .arith/mult 16, L_0101B088, L_0101B348;
S_00FC52E0 .scope generate, "gen_reg" "gen_reg" 9 38, 9 38, S_00FC5AD8;
 .timescale 0 0;
S_00FD59F0 .scope generate, "gen_mac[1]" "gen_mac[1]" 8 54, 8 54, S_00FD6380;
 .timescale 0 0;
P_00FD806C .param/l "gi" 8 54, +C4<01>;
S_00FC5588 .scope module, "u_mac" "mac_unit" 8 59, 9 16, S_00FD59F0;
 .timescale 0 0;
P_0101421C .param/l "DATA_WIDTH" 9 17, +C4<01000>;
P_01014230 .param/l "OUT_WIDTH" 9 18, +C4<010000>;
P_01014244 .param/l "PIPELINE_REG" 9 19, +C4<01>;
L_0101DEC8 .functor XOR 1, L_0101B1E8, L_0101B710, C4<0>, C4<0>;
v010157D0_0 .net *"_s1", 0 0, L_0101B1E8; 1 drivers
v01015828_0 .net *"_s13", 7 0, C4<00000000>; 1 drivers
v01015A38_0 .net/s *"_s14", 15 0, L_0101B4A8; 1 drivers
v01015C48_0 .net/s *"_s16", 15 0, L_0101B500; 1 drivers
v01015CF8_0 .net *"_s3", 0 0, L_0101B710; 1 drivers
v01015D50_0 .net *"_s4", 0 0, L_0101DEC8; 1 drivers
v01015930_0 .net/s *"_s7", 7 0, L_0101B9D0; 1 drivers
v01015880_0 .net *"_s8", 7 0, L_0101B240; 1 drivers
v01015DA8_0 .alias "clk", 0 0, v0101C000_0;
v01015E58_0 .net/s "data_in", 7 0, L_0101B818; 1 drivers
v01015988_0 .alias "enable", 0 0, v0101ADC8_0;
v010155C0_0 .var/s "product_out", 15 0;
v01015618_0 .net/s "product_wire", 15 0, L_0101B298; 1 drivers
v010159E0_0 .net/s "raw_product", 15 0, L_0101B768; 1 drivers
v01015AE8_0 .alias "rst_n", 0 0, v0101C370_0;
v01016328_0 .net/s "weight_in", 7 0, L_0101B870; 1 drivers
L_0101B1E8 .part L_0101B818, 7, 1;
L_0101B710 .part L_0101B870, 7, 1;
L_0101B9D0 .arith/mult 8, L_0101B818, L_0101B870;
L_0101B240 .concat [ 8 0 0 0], L_0101B9D0;
L_0101B298 .concat [ 8 8 0 0], L_0101B240, C4<00000000>;
L_0101B4A8 .extend/s 16, L_0101B818;
L_0101B500 .extend/s 16, L_0101B870;
L_0101B768 .arith/mult 16, L_0101B4A8, L_0101B500;
S_00FC5698 .scope generate, "gen_reg" "gen_reg" 9 38, 9 38, S_00FC5588;
 .timescale 0 0;
S_00FD5DA8 .scope generate, "gen_mac[2]" "gen_mac[2]" 8 54, 8 54, S_00FD6380;
 .timescale 0 0;
P_00FD82AC .param/l "gi" 8 54, +C4<010>;
S_00FD5EB8 .scope module, "u_mac" "mac_unit" 8 59, 9 16, S_00FD5DA8;
 .timescale 0 0;
P_0101418C .param/l "DATA_WIDTH" 9 17, +C4<01000>;
P_010141A0 .param/l "OUT_WIDTH" 9 18, +C4<010000>;
P_010141B4 .param/l "PIPELINE_REG" 9 19, +C4<01>;
L_0101E890 .functor XOR 1, L_01020040, L_0101FC78, C4<0>, C4<0>;
v01015A90_0 .net *"_s1", 0 0, L_01020040; 1 drivers
v01015EB0_0 .net *"_s13", 7 0, C4<00000000>; 1 drivers
v010154B8_0 .net/s *"_s14", 15 0, L_010201A0; 1 drivers
v01015B40_0 .net/s *"_s16", 15 0, L_0101FF90; 1 drivers
v01015510_0 .net *"_s3", 0 0, L_0101FC78; 1 drivers
v01015568_0 .net *"_s4", 0 0, L_0101E890; 1 drivers
v01015B98_0 .net/s *"_s7", 7 0, L_0101FB70; 1 drivers
v01015BF0_0 .net *"_s8", 7 0, L_010201F8; 1 drivers
v01015F08_0 .alias "clk", 0 0, v0101C000_0;
v010156C8_0 .net/s "data_in", 7 0, L_0101FBC8; 1 drivers
v01015E00_0 .alias "enable", 0 0, v0101ADC8_0;
v010158D8_0 .var/s "product_out", 15 0;
v01015670_0 .net/s "product_wire", 15 0, L_0101FB18; 1 drivers
v01015460_0 .net/s "raw_product", 15 0, L_0101FE30; 1 drivers
v01015720_0 .alias "rst_n", 0 0, v0101C370_0;
v01015778_0 .net/s "weight_in", 7 0, L_0101FA68; 1 drivers
L_01020040 .part L_0101FBC8, 7, 1;
L_0101FC78 .part L_0101FA68, 7, 1;
L_0101FB70 .arith/mult 8, L_0101FBC8, L_0101FA68;
L_010201F8 .concat [ 8 0 0 0], L_0101FB70;
L_0101FB18 .concat [ 8 8 0 0], L_010201F8, C4<00000000>;
L_010201A0 .extend/s 16, L_0101FBC8;
L_0101FF90 .extend/s 16, L_0101FA68;
L_0101FE30 .arith/mult 16, L_010201A0, L_0101FF90;
S_00FD66B0 .scope generate, "gen_reg" "gen_reg" 9 38, 9 38, S_00FD5EB8;
 .timescale 0 0;
S_00FD5D20 .scope generate, "gen_mac[3]" "gen_mac[3]" 8 54, 8 54, S_00FD6380;
 .timescale 0 0;
P_00FD82CC .param/l "gi" 8 54, +C4<011>;
S_00FD60D8 .scope module, "u_mac" "mac_unit" 8 59, 9 16, S_00FD5D20;
 .timescale 0 0;
P_01014384 .param/l "DATA_WIDTH" 9 17, +C4<01000>;
P_01014398 .param/l "OUT_WIDTH" 9 18, +C4<010000>;
P_010143AC .param/l "PIPELINE_REG" 9 19, +C4<01>;
L_0101E698 .functor XOR 1, L_0101F7A8, L_01020148, C4<0>, C4<0>;
v010147C8_0 .net *"_s1", 0 0, L_0101F7A8; 1 drivers
v01014F58_0 .net *"_s13", 7 0, C4<00000000>; 1 drivers
v01015168_0 .net/s *"_s14", 15 0, L_01020098; 1 drivers
v010151C0_0 .net/s *"_s16", 15 0, L_0101FA10; 1 drivers
v010153D0_0 .net *"_s3", 0 0, L_01020148; 1 drivers
v01014FB0_0 .net *"_s4", 0 0, L_0101E698; 1 drivers
v01015060_0 .net/s *"_s7", 7 0, L_0101FDD8; 1 drivers
v01015008_0 .net *"_s8", 7 0, L_0101F908; 1 drivers
v010150B8_0 .alias "clk", 0 0, v0101C000_0;
v01015110_0 .net/s "data_in", 7 0, L_0101F800; 1 drivers
v01015218_0 .alias "enable", 0 0, v0101ADC8_0;
v01015378_0 .var/s "product_out", 15 0;
v01015270_0 .net/s "product_wire", 15 0, L_0101FFE8; 1 drivers
v010152C8_0 .net/s "raw_product", 15 0, L_010200F0; 1 drivers
v01015320_0 .alias "rst_n", 0 0, v0101C370_0;
v01015CA0_0 .net/s "weight_in", 7 0, L_01020250; 1 drivers
L_0101F7A8 .part L_0101F800, 7, 1;
L_01020148 .part L_01020250, 7, 1;
L_0101FDD8 .arith/mult 8, L_0101F800, L_01020250;
L_0101F908 .concat [ 8 0 0 0], L_0101FDD8;
L_0101FFE8 .concat [ 8 8 0 0], L_0101F908, C4<00000000>;
L_01020098 .extend/s 16, L_0101F800;
L_0101FA10 .extend/s 16, L_01020250;
L_010200F0 .arith/mult 16, L_01020098, L_0101FA10;
S_00FD6160 .scope generate, "gen_reg" "gen_reg" 9 38, 9 38, S_00FD60D8;
 .timescale 0 0;
S_00FD65A0 .scope generate, "gen_mac[4]" "gen_mac[4]" 8 54, 8 54, S_00FD6380;
 .timescale 0 0;
P_00FD7F8C .param/l "gi" 8 54, +C4<0100>;
S_00FD5FC8 .scope module, "u_mac" "mac_unit" 8 59, 9 16, S_00FD65A0;
 .timescale 0 0;
P_01013D54 .param/l "DATA_WIDTH" 9 17, +C4<01000>;
P_01013D68 .param/l "OUT_WIDTH" 9 18, +C4<010000>;
P_01013D7C .param/l "PIPELINE_REG" 9 19, +C4<01>;
L_0101E510 .functor XOR 1, L_0101FD28, L_0101F8B0, C4<0>, C4<0>;
v010144B0_0 .net *"_s1", 0 0, L_0101FD28; 1 drivers
v01014AE0_0 .net *"_s13", 7 0, C4<00000000>; 1 drivers
v01014820_0 .net/s *"_s14", 15 0, L_0101FD80; 1 drivers
v01014DF8_0 .net/s *"_s16", 15 0, L_0101F960; 1 drivers
v01014B38_0 .net *"_s3", 0 0, L_0101F8B0; 1 drivers
v010145B8_0 .net *"_s4", 0 0, L_0101E510; 1 drivers
v01014458_0 .net/s *"_s7", 7 0, L_0101F9B8; 1 drivers
v01014E50_0 .net *"_s8", 7 0, L_0101FCD0; 1 drivers
v01014BE8_0 .alias "clk", 0 0, v0101C000_0;
v01014EA8_0 .net/s "data_in", 7 0, L_0101FF38; 1 drivers
v01014508_0 .alias "enable", 0 0, v0101ADC8_0;
v01014560_0 .var/s "product_out", 15 0;
v010148D0_0 .net/s "product_wire", 15 0, L_0101FAC0; 1 drivers
v01014610_0 .net/s "raw_product", 15 0, L_0101FEE0; 1 drivers
v010146C0_0 .alias "rst_n", 0 0, v0101C370_0;
v01014770_0 .net/s "weight_in", 7 0, L_0101FC20; 1 drivers
L_0101FD28 .part L_0101FF38, 7, 1;
L_0101F8B0 .part L_0101FC20, 7, 1;
L_0101F9B8 .arith/mult 8, L_0101FF38, L_0101FC20;
L_0101FCD0 .concat [ 8 0 0 0], L_0101F9B8;
L_0101FAC0 .concat [ 8 8 0 0], L_0101FCD0, C4<00000000>;
L_0101FD80 .extend/s 16, L_0101FF38;
L_0101F960 .extend/s 16, L_0101FC20;
L_0101FEE0 .arith/mult 16, L_0101FD80, L_0101F960;
S_00FD6628 .scope generate, "gen_reg" "gen_reg" 9 38, 9 38, S_00FD5FC8;
 .timescale 0 0;
S_00FD6738 .scope generate, "gen_mac[5]" "gen_mac[5]" 8 54, 8 54, S_00FD6380;
 .timescale 0 0;
P_00FD816C .param/l "gi" 8 54, +C4<0101>;
S_00FD5E30 .scope module, "u_mac" "mac_unit" 8 59, 9 16, S_00FD6738;
 .timescale 0 0;
P_01013FDC .param/l "DATA_WIDTH" 9 17, +C4<01000>;
P_01013FF0 .param/l "OUT_WIDTH" 9 18, +C4<010000>;
P_01014004 .param/l "PIPELINE_REG" 9 19, +C4<01>;
L_0101EB30 .functor XOR 1, L_010202A8, L_010203B0, C4<0>, C4<0>;
v01013100_0 .net *"_s1", 0 0, L_010202A8; 1 drivers
v01014DA0_0 .net *"_s13", 7 0, C4<00000000>; 1 drivers
v01014F00_0 .net/s *"_s14", 15 0, L_01020B40; 1 drivers
v01014928_0 .net/s *"_s16", 15 0, L_01020300; 1 drivers
v010149D8_0 .net *"_s3", 0 0, L_010203B0; 1 drivers
v01014C98_0 .net *"_s4", 0 0, L_0101EB30; 1 drivers
v01014B90_0 .net/s *"_s7", 7 0, L_010208D8; 1 drivers
v01014718_0 .net *"_s8", 7 0, L_010206C8; 1 drivers
v01014878_0 .alias "clk", 0 0, v0101C000_0;
v01014980_0 .net/s "data_in", 7 0, L_01020880; 1 drivers
v01014C40_0 .alias "enable", 0 0, v0101ADC8_0;
v01014A88_0 .var/s "product_out", 15 0;
v01014A30_0 .net/s "product_wire", 15 0, L_01020B98; 1 drivers
v01014CF0_0 .net/s "raw_product", 15 0, L_01020778; 1 drivers
v01014668_0 .alias "rst_n", 0 0, v0101C370_0;
v01014D48_0 .net/s "weight_in", 7 0, L_010204B8; 1 drivers
L_010202A8 .part L_01020880, 7, 1;
L_010203B0 .part L_010204B8, 7, 1;
L_010208D8 .arith/mult 8, L_01020880, L_010204B8;
L_010206C8 .concat [ 8 0 0 0], L_010208D8;
L_01020B98 .concat [ 8 8 0 0], L_010206C8, C4<00000000>;
L_01020B40 .extend/s 16, L_01020880;
L_01020300 .extend/s 16, L_010204B8;
L_01020778 .arith/mult 16, L_01020B40, L_01020300;
S_00FD6050 .scope generate, "gen_reg" "gen_reg" 9 38, 9 38, S_00FD5E30;
 .timescale 0 0;
S_00FD6518 .scope generate, "gen_mac[6]" "gen_mac[6]" 8 54, 8 54, S_00FD6380;
 .timescale 0 0;
P_00FD7F0C .param/l "gi" 8 54, +C4<0110>;
S_00FD5F40 .scope module, "u_mac" "mac_unit" 8 59, 9 16, S_00FD6518;
 .timescale 0 0;
P_010140B4 .param/l "DATA_WIDTH" 9 17, +C4<01000>;
P_010140C8 .param/l "OUT_WIDTH" 9 18, +C4<010000>;
P_010140DC .param/l "PIPELINE_REG" 9 19, +C4<01>;
L_0101EC10 .functor XOR 1, L_010205C0, L_01020930, C4<0>, C4<0>;
v01012EF0_0 .net *"_s1", 0 0, L_010205C0; 1 drivers
v010124A0_0 .net *"_s13", 7 0, C4<00000000>; 1 drivers
v01012550_0 .net/s *"_s14", 15 0, L_01020618; 1 drivers
v01013158_0 .net/s *"_s16", 15 0, L_01020568; 1 drivers
v01013368_0 .net *"_s3", 0 0, L_01020930; 1 drivers
v01013260_0 .net *"_s4", 0 0, L_0101EC10; 1 drivers
v010132B8_0 .net/s *"_s7", 7 0, L_01020358; 1 drivers
v010131B0_0 .net *"_s8", 7 0, L_01020720; 1 drivers
v010133C0_0 .alias "clk", 0 0, v0101C000_0;
v01012FF8_0 .net/s "data_in", 7 0, L_01020AE8; 1 drivers
v01013208_0 .alias "enable", 0 0, v0101ADC8_0;
v01013310_0 .var/s "product_out", 15 0;
v01012F48_0 .net/s "product_wire", 15 0, L_01020460; 1 drivers
v01013050_0 .net/s "raw_product", 15 0, L_01020988; 1 drivers
v01012FA0_0 .alias "rst_n", 0 0, v0101C370_0;
v010130A8_0 .net/s "weight_in", 7 0, L_010209E0; 1 drivers
L_010205C0 .part L_01020AE8, 7, 1;
L_01020930 .part L_010209E0, 7, 1;
L_01020358 .arith/mult 8, L_01020AE8, L_010209E0;
L_01020720 .concat [ 8 0 0 0], L_01020358;
L_01020460 .concat [ 8 8 0 0], L_01020720, C4<00000000>;
L_01020618 .extend/s 16, L_01020AE8;
L_01020568 .extend/s 16, L_010209E0;
L_01020988 .arith/mult 16, L_01020618, L_01020568;
S_00FD5C98 .scope generate, "gen_reg" "gen_reg" 9 38, 9 38, S_00FD5F40;
 .timescale 0 0;
S_00FD5C10 .scope generate, "gen_mac[7]" "gen_mac[7]" 8 54, 8 54, S_00FD6380;
 .timescale 0 0;
P_00FD7FCC .param/l "gi" 8 54, +C4<0111>;
S_00FD62F8 .scope module, "u_mac" "mac_unit" 8 59, 9 16, S_00FD5C10;
 .timescale 0 0;
P_01013EBC .param/l "DATA_WIDTH" 9 17, +C4<01000>;
P_01013ED0 .param/l "OUT_WIDTH" 9 18, +C4<010000>;
P_01013EE4 .param/l "PIPELINE_REG" 9 19, +C4<01>;
L_010211F0 .functor XOR 1, L_01020A38, L_01020670, C4<0>, C4<0>;
v01012918_0 .net *"_s1", 0 0, L_01020A38; 1 drivers
v01012868_0 .net *"_s13", 7 0, C4<00000000>; 1 drivers
v01012C88_0 .net/s *"_s14", 15 0, L_0101EFC0; 1 drivers
v010125A8_0 .net/s *"_s16", 15 0, L_0101F228; 1 drivers
v01012970_0 .net *"_s3", 0 0, L_01020670; 1 drivers
v010129C8_0 .net *"_s4", 0 0, L_010211F0; 1 drivers
v01012448_0 .net/s *"_s7", 7 0, L_010207D0; 1 drivers
v01012AD0_0 .net *"_s8", 7 0, L_01020A90; 1 drivers
v01012D38_0 .alias "clk", 0 0, v0101C000_0;
v01012B28_0 .net/s "data_in", 7 0, L_0101F0C8; 1 drivers
v01012D90_0 .alias "enable", 0 0, v0101ADC8_0;
v01012E40_0 .var/s "product_out", 15 0;
v010124F8_0 .net/s "product_wire", 15 0, L_01020828; 1 drivers
v01012B80_0 .net/s "raw_product", 15 0, L_0101F070; 1 drivers
v01012DE8_0 .alias "rst_n", 0 0, v0101C370_0;
v01012BD8_0 .net/s "weight_in", 7 0, L_0101F648; 1 drivers
L_01020A38 .part L_0101F0C8, 7, 1;
L_01020670 .part L_0101F648, 7, 1;
L_010207D0 .arith/mult 8, L_0101F0C8, L_0101F648;
L_01020A90 .concat [ 8 0 0 0], L_010207D0;
L_01020828 .concat [ 8 8 0 0], L_01020A90, C4<00000000>;
L_0101EFC0 .extend/s 16, L_0101F0C8;
L_0101F228 .extend/s 16, L_0101F648;
L_0101F070 .arith/mult 16, L_0101EFC0, L_0101F228;
S_00FD6490 .scope generate, "gen_reg" "gen_reg" 9 38, 9 38, S_00FD62F8;
 .timescale 0 0;
S_00FD67C0 .scope generate, "gen_mac[8]" "gen_mac[8]" 8 54, 8 54, S_00FD6380;
 .timescale 0 0;
P_00FD822C .param/l "gi" 8 54, +C4<01000>;
S_00FD5A78 .scope module, "u_mac" "mac_unit" 8 59, 9 16, S_00FD67C0;
 .timescale 0 0;
P_00FA0B54 .param/l "DATA_WIDTH" 9 17, +C4<01000>;
P_00FA0B68 .param/l "OUT_WIDTH" 9 18, +C4<010000>;
P_00FA0B7C .param/l "PIPELINE_REG" 9 19, +C4<01>;
L_010210D8 .functor XOR 1, L_0101F120, L_0101F178, C4<0>, C4<0>;
v01011F40_0 .net *"_s1", 0 0, L_0101F120; 1 drivers
v01011F98_0 .net *"_s13", 7 0, C4<00000000>; 1 drivers
v01011FF0_0 .net/s *"_s14", 15 0, L_0101F490; 1 drivers
v010126B0_0 .net/s *"_s16", 15 0, L_0101F6A0; 1 drivers
v01012708_0 .net *"_s3", 0 0, L_0101F178; 1 drivers
v010128C0_0 .net *"_s4", 0 0, L_010210D8; 1 drivers
v01012658_0 .net/s *"_s7", 7 0, L_0101F6F8; 1 drivers
v01012E98_0 .net *"_s8", 7 0, L_0101F018; 1 drivers
v01012760_0 .alias "clk", 0 0, v0101C000_0;
v010127B8_0 .net/s "data_in", 7 0, L_0101ED00; 1 drivers
v01012810_0 .alias "enable", 0 0, v0101ADC8_0;
v01012C30_0 .var/s "product_out", 15 0;
v01012A20_0 .net/s "product_wire", 15 0, L_0101ECA8; 1 drivers
v01012A78_0 .net/s "raw_product", 15 0, L_0101ED58; 1 drivers
v01012CE0_0 .alias "rst_n", 0 0, v0101C370_0;
v01012600_0 .net/s "weight_in", 7 0, L_0101EDB0; 1 drivers
L_0101F120 .part L_0101ED00, 7, 1;
L_0101F178 .part L_0101EDB0, 7, 1;
L_0101F6F8 .arith/mult 8, L_0101ED00, L_0101EDB0;
L_0101F018 .concat [ 8 0 0 0], L_0101F6F8;
L_0101ECA8 .concat [ 8 8 0 0], L_0101F018, C4<00000000>;
L_0101F490 .extend/s 16, L_0101ED00;
L_0101F6A0 .extend/s 16, L_0101EDB0;
L_0101ED58 .arith/mult 16, L_0101F490, L_0101F6A0;
S_00FD5B00 .scope generate, "gen_reg" "gen_reg" 9 38, 9 38, S_00FD5A78;
 .timescale 0 0;
S_00FD4978 .scope module, "u_accum" "accumulator" 2 213, 10 24, S_00FD4FD8;
 .timescale 0 0;
P_00FA113C .param/l "ACC_WIDTH" 10 26, +C4<0100000>;
P_00FA1150 .param/l "MAC_UNITS" 10 27, +C4<01001>;
P_00FA1164 .param/l "PROD_WIDTH" 10 25, +C4<010000>;
v010122B0_0 .alias "clk", 0 0, v0101C000_0;
v01012048_0 .var/i "i", 31 0;
v010123B8 .array "padded", 8 0;
v010123B8_0 .net/s v010123B8 0, 31 0, L_0101F1D0; 1 drivers
v010123B8_1 .net/s v010123B8 1, 31 0, L_0101F3E0; 1 drivers
v010123B8_2 .net/s v010123B8 2, 31 0, L_0101EEB8; 1 drivers
v010123B8_3 .net/s v010123B8 3, 31 0, L_01024348; 1 drivers
v010123B8_4 .net/s v010123B8 4, 31 0, L_01024978; 1 drivers
v010123B8_5 .net/s v010123B8 5, 31 0, L_010243A0; 1 drivers
v010123B8_6 .net/s v010123B8 6, 31 0, L_010243F8; 1 drivers
v010123B8_7 .net/s v010123B8 7, 31 0, L_01024190; 1 drivers
v010123B8_8 .net/s v010123B8 8, 31 0, L_010242F0; 1 drivers
v010120A0_0 .alias/s "products", 143 0, v0101C318_0;
v01012150_0 .var/s "result", 31 0;
v01012308_0 .alias "rst_n", 0 0, v0101C370_0;
v010121A8_0 .var/s "sum_comb", 31 0;
v01012200_0 .alias "valid_in", 0 0, v0101C160_0;
v01012360_0 .var "valid_out", 0 0;
E_00FD80E8/0 .event edge, v010121A8_0, v01012048_0, v010123B8_0, v010123B8_1;
E_00FD80E8/1 .event edge, v010123B8_2, v010123B8_3, v010123B8_4, v010123B8_5;
E_00FD80E8/2 .event edge, v010123B8_6, v010123B8_7, v010123B8_8;
E_00FD80E8 .event/or E_00FD80E8/0, E_00FD80E8/1, E_00FD80E8/2;
L_0101EF68 .part RS_00FDD7F4, 15, 1;
L_0101EE08 .part RS_00FDD7F4, 0, 16;
L_0101F4E8 .part RS_00FDD7F4, 31, 1;
L_0101F5F0 .part RS_00FDD7F4, 16, 16;
L_0101F388 .part RS_00FDD7F4, 47, 1;
L_0101EE60 .part RS_00FDD7F4, 32, 16;
L_0101EF10 .part RS_00FDD7F4, 63, 1;
L_0101F598 .part RS_00FDD7F4, 48, 16;
L_01024450 .part RS_00FDD7F4, 79, 1;
L_010241E8 .part RS_00FDD7F4, 64, 16;
L_01024500 .part RS_00FDD7F4, 95, 1;
L_01024710 .part RS_00FDD7F4, 80, 16;
L_01024608 .part RS_00FDD7F4, 111, 1;
L_010249D0 .part RS_00FDD7F4, 96, 16;
L_01024240 .part RS_00FDD7F4, 127, 1;
L_01024558 .part RS_00FDD7F4, 112, 16;
L_010244A8 .part RS_00FDD7F4, 143, 1;
L_01024660 .part RS_00FDD7F4, 128, 16;
S_00FD6270 .scope generate, "gen_pad[0]" "gen_pad[0]" 10 50, 10 50, S_00FD4978;
 .timescale 0 0;
P_00FD7F4C .param/l "gi" 10 50, +C4<00>;
v01011968_0 .net *"_s1", 0 0, L_0101EF68; 1 drivers
v010120F8_0 .net *"_s2", 15 0, L_0101F330; 1 drivers
v01012258_0 .net *"_s4", 15 0, L_0101EE08; 1 drivers
LS_0101F330_0_0 .concat [ 1 1 1 1], L_0101EF68, L_0101EF68, L_0101EF68, L_0101EF68;
LS_0101F330_0_4 .concat [ 1 1 1 1], L_0101EF68, L_0101EF68, L_0101EF68, L_0101EF68;
LS_0101F330_0_8 .concat [ 1 1 1 1], L_0101EF68, L_0101EF68, L_0101EF68, L_0101EF68;
LS_0101F330_0_12 .concat [ 1 1 1 1], L_0101EF68, L_0101EF68, L_0101EF68, L_0101EF68;
L_0101F330 .concat [ 4 4 4 4], LS_0101F330_0_0, LS_0101F330_0_4, LS_0101F330_0_8, LS_0101F330_0_12;
L_0101F1D0 .concat [ 16 16 0 0], L_0101EE08, L_0101F330;
S_00FD6408 .scope generate, "gen_pad[1]" "gen_pad[1]" 10 50, 10 50, S_00FD4978;
 .timescale 0 0;
P_00FD800C .param/l "gi" 10 50, +C4<01>;
v01011860_0 .net *"_s1", 0 0, L_0101F4E8; 1 drivers
v01011910_0 .net *"_s2", 15 0, L_0101F2D8; 1 drivers
v010118B8_0 .net *"_s4", 15 0, L_0101F5F0; 1 drivers
LS_0101F2D8_0_0 .concat [ 1 1 1 1], L_0101F4E8, L_0101F4E8, L_0101F4E8, L_0101F4E8;
LS_0101F2D8_0_4 .concat [ 1 1 1 1], L_0101F4E8, L_0101F4E8, L_0101F4E8, L_0101F4E8;
LS_0101F2D8_0_8 .concat [ 1 1 1 1], L_0101F4E8, L_0101F4E8, L_0101F4E8, L_0101F4E8;
LS_0101F2D8_0_12 .concat [ 1 1 1 1], L_0101F4E8, L_0101F4E8, L_0101F4E8, L_0101F4E8;
L_0101F2D8 .concat [ 4 4 4 4], LS_0101F2D8_0_0, LS_0101F2D8_0_4, LS_0101F2D8_0_8, LS_0101F2D8_0_12;
L_0101F3E0 .concat [ 16 16 0 0], L_0101F5F0, L_0101F2D8;
S_00FD5B88 .scope generate, "gen_pad[2]" "gen_pad[2]" 10 50, 10 50, S_00FD4978;
 .timescale 0 0;
P_00FD81CC .param/l "gi" 10 50, +C4<010>;
v01011700_0 .net *"_s1", 0 0, L_0101F388; 1 drivers
v01011758_0 .net *"_s2", 15 0, L_0101F438; 1 drivers
v010117B0_0 .net *"_s4", 15 0, L_0101EE60; 1 drivers
LS_0101F438_0_0 .concat [ 1 1 1 1], L_0101F388, L_0101F388, L_0101F388, L_0101F388;
LS_0101F438_0_4 .concat [ 1 1 1 1], L_0101F388, L_0101F388, L_0101F388, L_0101F388;
LS_0101F438_0_8 .concat [ 1 1 1 1], L_0101F388, L_0101F388, L_0101F388, L_0101F388;
LS_0101F438_0_12 .concat [ 1 1 1 1], L_0101F388, L_0101F388, L_0101F388, L_0101F388;
L_0101F438 .concat [ 4 4 4 4], LS_0101F438_0_0, LS_0101F438_0_4, LS_0101F438_0_8, LS_0101F438_0_12;
L_0101EEB8 .concat [ 16 16 0 0], L_0101EE60, L_0101F438;
S_00FD61E8 .scope generate, "gen_pad[3]" "gen_pad[3]" 10 50, 10 50, S_00FD4978;
 .timescale 0 0;
P_00FD820C .param/l "gi" 10 50, +C4<011>;
v01011650_0 .net *"_s1", 0 0, L_0101EF10; 1 drivers
v01011CD8_0 .net *"_s2", 15 0, L_0101F540; 1 drivers
v010116A8_0 .net *"_s4", 15 0, L_0101F598; 1 drivers
LS_0101F540_0_0 .concat [ 1 1 1 1], L_0101EF10, L_0101EF10, L_0101EF10, L_0101EF10;
LS_0101F540_0_4 .concat [ 1 1 1 1], L_0101EF10, L_0101EF10, L_0101EF10, L_0101EF10;
LS_0101F540_0_8 .concat [ 1 1 1 1], L_0101EF10, L_0101EF10, L_0101EF10, L_0101EF10;
LS_0101F540_0_12 .concat [ 1 1 1 1], L_0101EF10, L_0101EF10, L_0101EF10, L_0101EF10;
L_0101F540 .concat [ 4 4 4 4], LS_0101F540_0_0, LS_0101F540_0_4, LS_0101F540_0_8, LS_0101F540_0_12;
L_01024348 .concat [ 16 16 0 0], L_0101F598, L_0101F540;
S_00FD4C20 .scope generate, "gen_pad[4]" "gen_pad[4]" 10 50, 10 50, S_00FD4978;
 .timescale 0 0;
P_00FD812C .param/l "gi" 10 50, +C4<0100>;
v01011548_0 .net *"_s1", 0 0, L_01024450; 1 drivers
v01011BD0_0 .net *"_s2", 15 0, L_01024920; 1 drivers
v010115F8_0 .net *"_s4", 15 0, L_010241E8; 1 drivers
LS_01024920_0_0 .concat [ 1 1 1 1], L_01024450, L_01024450, L_01024450, L_01024450;
LS_01024920_0_4 .concat [ 1 1 1 1], L_01024450, L_01024450, L_01024450, L_01024450;
LS_01024920_0_8 .concat [ 1 1 1 1], L_01024450, L_01024450, L_01024450, L_01024450;
LS_01024920_0_12 .concat [ 1 1 1 1], L_01024450, L_01024450, L_01024450, L_01024450;
L_01024920 .concat [ 4 4 4 4], LS_01024920_0_0, LS_01024920_0_4, LS_01024920_0_8, LS_01024920_0_12;
L_01024978 .concat [ 16 16 0 0], L_010241E8, L_01024920;
S_00FD4B10 .scope generate, "gen_pad[5]" "gen_pad[5]" 10 50, 10 50, S_00FD4978;
 .timescale 0 0;
P_00FD802C .param/l "gi" 10 50, +C4<0101>;
v01011808_0 .net *"_s1", 0 0, L_01024500; 1 drivers
v010114F0_0 .net *"_s2", 15 0, L_010245B0; 1 drivers
v010115A0_0 .net *"_s4", 15 0, L_01024710; 1 drivers
LS_010245B0_0_0 .concat [ 1 1 1 1], L_01024500, L_01024500, L_01024500, L_01024500;
LS_010245B0_0_4 .concat [ 1 1 1 1], L_01024500, L_01024500, L_01024500, L_01024500;
LS_010245B0_0_8 .concat [ 1 1 1 1], L_01024500, L_01024500, L_01024500, L_01024500;
LS_010245B0_0_12 .concat [ 1 1 1 1], L_01024500, L_01024500, L_01024500, L_01024500;
L_010245B0 .concat [ 4 4 4 4], LS_010245B0_0_0, LS_010245B0_0_4, LS_010245B0_0_8, LS_010245B0_0_12;
L_010243A0 .concat [ 16 16 0 0], L_01024710, L_010245B0;
S_00FD4A88 .scope generate, "gen_pad[6]" "gen_pad[6]" 10 50, 10 50, S_00FD4978;
 .timescale 0 0;
P_00FD7F2C .param/l "gi" 10 50, +C4<0110>;
v01011E90_0 .net *"_s1", 0 0, L_01024608; 1 drivers
v01011B20_0 .net *"_s2", 15 0, L_010246B8; 1 drivers
v01011B78_0 .net *"_s4", 15 0, L_010249D0; 1 drivers
LS_010246B8_0_0 .concat [ 1 1 1 1], L_01024608, L_01024608, L_01024608, L_01024608;
LS_010246B8_0_4 .concat [ 1 1 1 1], L_01024608, L_01024608, L_01024608, L_01024608;
LS_010246B8_0_8 .concat [ 1 1 1 1], L_01024608, L_01024608, L_01024608, L_01024608;
LS_010246B8_0_12 .concat [ 1 1 1 1], L_01024608, L_01024608, L_01024608, L_01024608;
L_010246B8 .concat [ 4 4 4 4], LS_010246B8_0_0, LS_010246B8_0_4, LS_010246B8_0_8, LS_010246B8_0_12;
L_010243F8 .concat [ 16 16 0 0], L_010249D0, L_010246B8;
S_00FD4B98 .scope generate, "gen_pad[7]" "gen_pad[7]" 10 50, 10 50, S_00FD4978;
 .timescale 0 0;
P_00FD826C .param/l "gi" 10 50, +C4<0111>;
v01011D88_0 .net *"_s1", 0 0, L_01024240; 1 drivers
v01011EE8_0 .net *"_s2", 15 0, L_01024A28; 1 drivers
v01011498_0 .net *"_s4", 15 0, L_01024558; 1 drivers
LS_01024A28_0_0 .concat [ 1 1 1 1], L_01024240, L_01024240, L_01024240, L_01024240;
LS_01024A28_0_4 .concat [ 1 1 1 1], L_01024240, L_01024240, L_01024240, L_01024240;
LS_01024A28_0_8 .concat [ 1 1 1 1], L_01024240, L_01024240, L_01024240, L_01024240;
LS_01024A28_0_12 .concat [ 1 1 1 1], L_01024240, L_01024240, L_01024240, L_01024240;
L_01024A28 .concat [ 4 4 4 4], LS_01024A28_0_0, LS_01024A28_0_4, LS_01024A28_0_8, LS_01024A28_0_12;
L_01024190 .concat [ 16 16 0 0], L_01024558, L_01024A28;
S_00FD4A00 .scope generate, "gen_pad[8]" "gen_pad[8]" 10 50, 10 50, S_00FD4978;
 .timescale 0 0;
P_00FD824C .param/l "gi" 10 50, +C4<01000>;
v01011A70_0 .net *"_s1", 0 0, L_010244A8; 1 drivers
v01011C80_0 .net *"_s2", 15 0, L_01024768; 1 drivers
v01011AC8_0 .net *"_s4", 15 0, L_01024660; 1 drivers
LS_01024768_0_0 .concat [ 1 1 1 1], L_010244A8, L_010244A8, L_010244A8, L_010244A8;
LS_01024768_0_4 .concat [ 1 1 1 1], L_010244A8, L_010244A8, L_010244A8, L_010244A8;
LS_01024768_0_8 .concat [ 1 1 1 1], L_010244A8, L_010244A8, L_010244A8, L_010244A8;
LS_01024768_0_12 .concat [ 1 1 1 1], L_010244A8, L_010244A8, L_010244A8, L_010244A8;
L_01024768 .concat [ 4 4 4 4], LS_01024768_0_0, LS_01024768_0_4, LS_01024768_0_8, LS_01024768_0_12;
L_010242F0 .concat [ 16 16 0 0], L_01024660, L_01024768;
S_00FD48F0 .scope module, "u_relu" "activation_relu" 2 225, 11 20, S_00FD4FD8;
 .timescale 0 0;
P_00FA13C4 .param/l "ACC_WIDTH" 11 21, +C4<0100000>;
P_00FA13D8 .param/l "OUT_WIDTH" 11 22, +C4<01000>;
P_00FA13EC .param/l "SAT_MAX" 11 36, C4<00000000000000000000000011111111>;
v00FD1A40_0 .net *"_s1", 0 0, L_010240E0; 1 drivers
v00FD13B8_0 .net *"_s10", 7 0, C4<11111111>; 1 drivers
v00FD1410_0 .net *"_s13", 7 0, L_01024818; 1 drivers
v00FD14C0_0 .net *"_s2", 31 0, C4<00000000000000000000000000000000>; 1 drivers
v00FD1570_0 .net *"_s6", 31 0, C4<00000000000000000000000011111111>; 1 drivers
v00FD1678_0 .net *"_s8", 0 0, L_010247C0; 1 drivers
v00FD16D0_0 .alias/s "acc_in", 31 0, v0101BA80_0;
v01011E38_0 .alias "clk", 0 0, v0101C000_0;
v01011440_0 .var "feature", 7 0;
v010119C0_0 .net/s "relu_val", 31 0, L_01024298; 1 drivers
v01011C28_0 .alias "rst_n", 0 0, v0101C370_0;
v01011D30_0 .net "sat_val", 7 0, L_01024870; 1 drivers
v01011A18_0 .alias "valid_in", 0 0, v0101C2C0_0;
v01011DE0_0 .var "valid_out", 0 0;
L_010240E0 .part v01012150_0, 31, 1;
L_01024298 .functor MUXZ 32, v01012150_0, C4<00000000000000000000000000000000>, L_010240E0, C4<>;
L_010247C0 .cmp/gt 32, L_01024298, C4<00000000000000000000000011111111>;
L_01024818 .part L_01024298, 0, 8;
L_01024870 .functor MUXZ 8, L_01024818, C4<11111111>, L_010247C0, C4<>;
S_00FD5858 .scope module, "u_fmap" "feature_map_store" 2 238, 12 31, S_00FD4FD8;
 .timescale 0 0;
P_00FD563C .param/l "OUT_WIDTH" 12 32, +C4<01000>;
P_00FD5650 .param/l "STORE_W" 12 33, +C4<010000>;
P_00FD5664 .param/l "ST_CAPTURE" 12 49, C4<00>;
P_00FD5678 .param/l "ST_DONE" 12 51, C4<10>;
P_00FD568C .param/l "ST_READOUT" 12 50, C4<01>;
P_00FD56A0 .param/l "TOTAL_OUT" 12 34, +C4<0111100000100>;
v00FD1258_0 .var "capture_done", 0 0;
v00FD1620_0 .alias "clk", 0 0, v0101C000_0;
v00FD1830_0 .var "cnt", 12 0;
v00FD17D8_0 .alias "feature_in", 7 0, v0101BE48_0;
v00FD1468 .array "feature_map", 3843 0, 15 0;
v00FD12B0_0 .var "feature_out", 15 0;
v00FD1518_0 .alias "rst", 0 0, v0101BEA0_0;
v00FD1990_0 .var "state", 1 0;
v00FD19E8_0 .alias "valid_in", 0 0, v0101C268_0;
v00FD1360_0 .var "valid_out", 0 0;
E_00FD7C28 .event posedge, v00FD1620_0;
    .scope S_00FB97B8;
T_1 ;
    %wait E_00FD7C28;
    %load/v 8, v0101BD98_0, 1;
    %inv 8, 1;
    %jmp/0xz  T_1.0, 8;
    %ix/load 0, 2, 0;
    %assign/v0 v0101BBE0_0, 0, 0;
    %jmp T_1.1;
T_1.0 ;
    %load/v 8, v0101A290_0, 2;
    %ix/load 0, 2, 0;
    %assign/v0 v0101BBE0_0, 0, 8;
T_1.1 ;
    %jmp T_1;
    .thread T_1;
    .scope S_00FB97B8;
T_2 ;
    %wait E_00FD8328;
    %load/v 8, v0101BBE0_0, 2;
    %set/v v0101A290_0, 8, 2;
    %load/v 8, v0101BBE0_0, 2;
    %cmpi/u 8, 0, 2;
    %jmp/1 T_2.0, 6;
    %cmpi/u 8, 1, 2;
    %jmp/1 T_2.1, 6;
    %cmpi/u 8, 2, 2;
    %jmp/1 T_2.2, 6;
    %cmpi/u 8, 3, 2;
    %jmp/1 T_2.3, 6;
    %jmp T_2.4;
T_2.0 ;
    %load/v 8, v0101BCE8_0, 1;
    %jmp/0xz  T_2.5, 8;
    %movi 8, 1, 2;
    %set/v v0101A290_0, 8, 2;
T_2.5 ;
    %jmp T_2.4;
T_2.1 ;
    %load/v 8, v0101BF50_0, 1;
    %jmp/0xz  T_2.7, 8;
    %movi 8, 2, 2;
    %set/v v0101A290_0, 8, 2;
T_2.7 ;
    %jmp T_2.4;
T_2.2 ;
    %load/v 8, v0101A340_0, 13;
    %cmpi/u 8, 4096, 13;
    %jmp/0xz  T_2.9, 4;
    %set/v v0101A290_0, 1, 2;
T_2.9 ;
    %jmp T_2.4;
T_2.3 ;
    %set/v v0101A290_0, 0, 2;
    %jmp T_2.4;
T_2.4 ;
    %jmp T_2;
    .thread T_2, $push;
    .scope S_00FB97B8;
T_3 ;
    %wait E_00FD7C28;
    %load/v 8, v0101BD98_0, 1;
    %inv 8, 1;
    %jmp/0xz  T_3.0, 8;
    %ix/load 0, 13, 0;
    %assign/v0 v0101A340_0, 0, 0;
    %ix/load 0, 12, 0;
    %assign/v0 v01019F78_0, 0, 0;
    %ix/load 0, 6, 0;
    %assign/v0 v0101A0D8_0, 0, 0;
    %ix/load 0, 6, 0;
    %assign/v0 v0101BD40_0, 0, 0;
    %ix/load 0, 1, 0;
    %assign/v0 v0101A2E8_0, 0, 0;
    %ix/load 0, 1, 0;
    %assign/v0 v0101A188_0, 0, 0;
    %ix/load 0, 1, 0;
    %assign/v0 v0101BEF8_0, 0, 0;
    %jmp T_3.1;
T_3.0 ;
    %ix/load 0, 1, 0;
    %assign/v0 v0101A188_0, 0, 0;
    %ix/load 0, 1, 0;
    %assign/v0 v0101BEF8_0, 0, 0;
    %load/v 8, v0101BBE0_0, 2;
    %cmpi/u 8, 0, 2;
    %jmp/1 T_3.2, 6;
    %cmpi/u 8, 1, 2;
    %jmp/1 T_3.3, 6;
    %cmpi/u 8, 2, 2;
    %jmp/1 T_3.4, 6;
    %cmpi/u 8, 3, 2;
    %jmp/1 T_3.5, 6;
    %jmp T_3.6;
T_3.2 ;
    %ix/load 0, 13, 0;
    %assign/v0 v0101A340_0, 0, 0;
    %ix/load 0, 12, 0;
    %assign/v0 v01019F78_0, 0, 0;
    %ix/load 0, 6, 0;
    %assign/v0 v0101A0D8_0, 0, 0;
    %ix/load 0, 6, 0;
    %assign/v0 v0101BD40_0, 0, 0;
    %ix/load 0, 1, 0;
    %assign/v0 v0101A2E8_0, 0, 0;
    %jmp T_3.6;
T_3.3 ;
    %ix/load 0, 1, 0;
    %assign/v0 v0101A2E8_0, 0, 0;
    %jmp T_3.6;
T_3.4 ;
    %ix/load 0, 1, 0;
    %assign/v0 v0101A2E8_0, 0, 1;
    %load/v 8, v01019FD0_0, 1;
    %jmp/0xz  T_3.7, 8;
    %load/v 8, v0101A340_0, 13;
   %cmpi/u 8, 4096, 13;
    %jmp/0xz  T_3.9, 5;
    %ix/load 0, 1, 0;
    %load/vp0 8, v0101A340_0, 13;
    %ix/load 0, 13, 0;
    %assign/v0 v0101A340_0, 0, 8;
T_3.9 ;
    %load/v 8, v0101A0D8_0, 6;
    %mov 14, 0, 4;
    %cmpi/u 8, 63, 10;
    %jmp/0xz  T_3.11, 4;
    %ix/load 0, 6, 0;
    %assign/v0 v0101A0D8_0, 0, 0;
    %load/v 8, v0101BD40_0, 6;
    %mov 14, 0, 4;
   %cmpi/u 8, 63, 10;
    %jmp/0xz  T_3.13, 5;
    %ix/load 0, 1, 0;
    %load/vp0 8, v0101BD40_0, 6;
    %ix/load 0, 6, 0;
    %assign/v0 v0101BD40_0, 0, 8;
T_3.13 ;
    %jmp T_3.12;
T_3.11 ;
    %ix/load 0, 1, 0;
    %load/vp0 8, v0101A0D8_0, 6;
    %ix/load 0, 6, 0;
    %assign/v0 v0101A0D8_0, 0, 8;
T_3.12 ;
    %load/v 8, v0101A1E0_0, 1;
    %ix/load 0, 1, 0;
    %assign/v0 v0101BEF8_0, 0, 8;
T_3.7 ;
    %jmp T_3.6;
T_3.5 ;
    %ix/load 0, 1, 0;
    %assign/v0 v0101A2E8_0, 0, 0;
    %ix/load 0, 1, 0;
    %assign/v0 v0101A188_0, 0, 1;
    %jmp T_3.6;
T_3.6 ;
T_3.1 ;
    %jmp T_3;
    .thread T_3;
    .scope S_00FC62D0;
T_4 ;
    %wait E_00FD8108;
    %load/v 8, v01019580_0, 1;
    %inv 8, 1;
    %jmp/0xz  T_4.0, 8;
    %set/v v01019AA8_0, 0, 32;
T_4.2 ;
    %load/v 8, v01019AA8_0, 32;
   %cmpi/s 8, 9, 32;
    %jmp/0xz T_4.3, 5;
    %ix/getv/s 3, v01019AA8_0;
    %jmp/1 t_0, 4;
    %ix/load 0, 8, 0; word width
    %ix/load 1, 0, 0; part off
    %assign/av v01019630, 0, 0;
t_0 ;
    %ix/load 0, 1, 0;
    %load/vp0/s 8, v01019AA8_0, 32;
    %set/v v01019AA8_0, 8, 32;
    %jmp T_4.2;
T_4.3 ;
    %ix/load 0, 1, 0;
    %assign/v0 v01019478_0, 0, 0;
    %jmp T_4.1;
T_4.0 ;
    %load/v 8, v010195D8_0, 1;
    %jmp/0xz  T_4.4, 8;
    %load/v 8, v01019E18_0, 8;
    %ix/getv 3, v01019BB0_0;
    %jmp/1 t_1, 4;
    %ix/load 0, 8, 0; word width
    %ix/load 1, 0, 0; part off
    %assign/av v01019630, 0, 8;
t_1 ;
    %load/v 8, v01019BB0_0, 4;
    %mov 12, 0, 3;
    %cmpi/u 8, 8, 7;
    %jmp/0xz  T_4.6, 4;
    %ix/load 0, 1, 0;
    %assign/v0 v01019478_0, 0, 1;
T_4.6 ;
T_4.4 ;
T_4.1 ;
    %jmp T_4;
    .thread T_4;
    .scope S_00FC61C0;
T_5 ;
    %vpi_call 5 30 "$readmemh", "image2.mem", v010197E8;
    %end;
    .thread T_5;
    .scope S_00FC61C0;
T_6 ;
    %wait E_00FD7C28;
    %load/v 8, v01019CB8_0, 1;
    %jmp/0xz  T_6.0, 8;
    %ix/load 0, 12, 0;
    %assign/v0 v010199A0_0, 0, 0;
    %ix/load 0, 1, 0;
    %assign/v0 v01019B00_0, 0, 0;
    %ix/load 0, 1, 0;
    %assign/v0 v01019D10_0, 0, 0;
    %ix/load 0, 1, 0;
    %assign/v0 v01019948_0, 0, 0;
    %ix/load 0, 8, 0;
    %assign/v0 v01019840_0, 0, 0;
    %jmp T_6.1;
T_6.0 ;
    %ix/load 0, 1, 0;
    %assign/v0 v01019948_0, 0, 0;
    %ix/load 0, 1, 0;
    %assign/v0 v01019D10_0, 0, 0;
    %load/v 8, v01019C60_0, 1;
    %load/v 9, v01019B00_0, 1;
    %inv 9, 1;
    %and 8, 9, 1;
    %jmp/0xz  T_6.2, 8;
    %ix/load 0, 1, 0;
    %assign/v0 v01019B00_0, 0, 1;
T_6.2 ;
    %load/v 8, v01019B00_0, 1;
    %jmp/0xz  T_6.4, 8;
    %ix/getv 3, v010199A0_0;
    %load/av 8, v010197E8, 8;
    %ix/load 0, 8, 0;
    %assign/v0 v01019840_0, 0, 8;
    %ix/load 0, 1, 0;
    %assign/v0 v01019D10_0, 0, 1;
    %load/v 8, v010199A0_0, 12;
    %mov 20, 0, 4;
    %cmpi/u 8, 4095, 16;
    %jmp/0xz  T_6.6, 4;
    %ix/load 0, 12, 0;
    %assign/v0 v010199A0_0, 0, 0;
    %ix/load 0, 1, 0;
    %assign/v0 v01019B00_0, 0, 0;
    %ix/load 0, 1, 0;
    %assign/v0 v01019948_0, 0, 1;
    %ix/load 0, 1, 0;
    %assign/v0 v01019D10_0, 0, 0;
    %jmp T_6.7;
T_6.6 ;
    %load/v 8, v010199A0_0, 12;
    %mov 20, 0, 20;
    %addi 8, 1, 32;
    %ix/load 0, 12, 0;
    %assign/v0 v010199A0_0, 0, 8;
T_6.7 ;
T_6.4 ;
T_6.1 ;
    %jmp T_6;
    .thread T_6;
    .scope S_00FC6F90;
T_7 ;
    %wait E_00FD8108;
    %load/v 8, v01019790_0, 1;
    %inv 8, 1;
    %jmp/0xz  T_7.0, 8;
    %ix/load 0, 6, 0;
    %assign/v0 v01018D60_0, 0, 0;
    %set/v v01018D08_0, 0, 32;
T_7.2 ;
    %load/v 8, v01018D08_0, 32;
   %cmpi/s 8, 64, 32;
    %jmp/0xz T_7.3, 5;
    %ix/getv/s 3, v01018D08_0;
    %jmp/1 t_2, 4;
    %ix/load 0, 8, 0; word width
    %ix/load 1, 0, 0; part off
    %assign/av v01018F18, 0, 0;
t_2 ;
    %ix/getv/s 3, v01018D08_0;
    %jmp/1 t_3, 4;
    %ix/load 0, 8, 0; word width
    %ix/load 1, 0, 0; part off
    %assign/av v01018578, 0, 0;
t_3 ;
    %ix/load 0, 1, 0;
    %load/vp0/s 8, v01018D08_0, 32;
    %set/v v01018D08_0, 8, 32;
    %jmp T_7.2;
T_7.3 ;
    %jmp T_7.1;
T_7.0 ;
    %load/v 8, v010189F0_0, 1;
    %jmp/0xz  T_7.4, 8;
    %ix/getv 3, v01018D60_0;
    %load/av 8, v01018F18, 8;
    %ix/getv 3, v01018D60_0;
    %jmp/1 t_4, 4;
    %ix/load 0, 8, 0; word width
    %ix/load 1, 0, 0; part off
    %assign/av v01018578, 0, 8;
t_4 ;
    %load/v 8, v01018788_0, 8;
    %ix/getv 3, v01018D60_0;
    %jmp/1 t_5, 4;
    %ix/load 0, 8, 0; word width
    %ix/load 1, 0, 0; part off
    %assign/av v01018F18, 0, 8;
t_5 ;
    %load/v 8, v01018D60_0, 6;
    %mov 14, 0, 4;
    %cmpi/u 8, 63, 10;
    %jmp/0xz  T_7.6, 4;
    %ix/load 0, 6, 0;
    %assign/v0 v01018D60_0, 0, 0;
    %jmp T_7.7;
T_7.6 ;
    %ix/load 0, 1, 0;
    %load/vp0 8, v01018D60_0, 6;
    %ix/load 0, 6, 0;
    %assign/v0 v01018D60_0, 0, 8;
T_7.7 ;
T_7.4 ;
T_7.1 ;
    %jmp T_7;
    .thread T_7;
    .scope S_00FC5B60;
T_8 ;
    %wait E_00FD8108;
    %load/v 8, v01018470_0, 1;
    %inv 8, 1;
    %jmp/0xz  T_8.0, 8;
    %ix/load 0, 6, 0;
    %assign/v0 v01018AF8_0, 0, 0;
    %ix/load 0, 6, 0;
    %assign/v0 v010185D0_0, 0, 0;
    %ix/load 0, 1, 0;
    %assign/v0 v010186D8_0, 0, 0;
    %set/v v01018890_0, 0, 32;
T_8.2 ;
    %load/v 8, v01018890_0, 32;
   %cmpi/s 8, 3, 32;
    %jmp/0xz T_8.3, 5;
    %ix/getv/s 3, v01018890_0;
    %jmp/1 t_6, 4;
    %ix/load 0, 8, 0; word width
    %ix/load 1, 0, 0; part off
    %assign/av v01018DB8, 0, 0;
t_6 ;
    %ix/getv/s 3, v01018890_0;
    %jmp/1 t_7, 4;
    %ix/load 0, 8, 0; word width
    %ix/load 1, 0, 0; part off
    %assign/av v01018E10, 0, 0;
t_7 ;
    %ix/getv/s 3, v01018890_0;
    %jmp/1 t_8, 4;
    %ix/load 0, 8, 0; word width
    %ix/load 1, 0, 0; part off
    %assign/av v010184C8, 0, 0;
t_8 ;
    %ix/load 0, 1, 0;
    %load/vp0/s 8, v01018890_0, 32;
    %set/v v01018890_0, 8, 32;
    %jmp T_8.2;
T_8.3 ;
    %jmp T_8.1;
T_8.0 ;
    %load/v 8, v010188E8_0, 1;
    %jmp/0xz  T_8.4, 8;
    %movi 8, 2, 7;
    %load/v 15, v010185D0_0, 6;
    %mov 21, 0, 1;
    %cmp/u 8, 15, 7;
    %or 5, 4, 1;
    %mov 8, 5, 1;
    %movi 9, 2, 7;
    %load/v 16, v01018AF8_0, 6;
    %mov 22, 0, 1;
    %cmp/u 9, 16, 7;
    %or 5, 4, 1;
    %mov 9, 5, 1;
    %and 8, 9, 1;
    %jmp/0xz  T_8.6, 8;
    %ix/load 0, 1, 0;
    %assign/v0 v010186D8_0, 0, 1;
    %jmp T_8.7;
T_8.6 ;
    %ix/load 0, 1, 0;
    %assign/v0 v010186D8_0, 0, 0;
T_8.7 ;
    %ix/load 3, 1, 0;
    %mov 4, 0, 1;
    %load/av 8, v010184C8, 8;
    %ix/load 3, 0, 0; address
    %ix/load 0, 8, 0; word width
    %ix/load 1, 0, 0; part off
    %assign/av v010184C8, 0, 8;
t_9 ;
    %ix/load 3, 2, 0;
    %mov 4, 0, 1;
    %load/av 8, v010184C8, 8;
    %ix/load 3, 1, 0; address
    %ix/load 0, 8, 0; word width
    %ix/load 1, 0, 0; part off
    %assign/av v010184C8, 0, 8;
t_10 ;
    %load/v 8, v01018E68_0, 8;
    %ix/load 3, 2, 0; address
    %ix/load 0, 8, 0; word width
    %ix/load 1, 0, 0; part off
    %assign/av v010184C8, 0, 8;
t_11 ;
    %ix/load 3, 1, 0;
    %mov 4, 0, 1;
    %load/av 8, v01018E10, 8;
    %ix/load 3, 0, 0; address
    %ix/load 0, 8, 0; word width
    %ix/load 1, 0, 0; part off
    %assign/av v01018E10, 0, 8;
t_12 ;
    %ix/load 3, 2, 0;
    %mov 4, 0, 1;
    %load/av 8, v01018E10, 8;
    %ix/load 3, 1, 0; address
    %ix/load 0, 8, 0; word width
    %ix/load 1, 0, 0; part off
    %assign/av v01018E10, 0, 8;
t_13 ;
    %load/v 8, v01018628_0, 8;
    %ix/load 3, 2, 0; address
    %ix/load 0, 8, 0; word width
    %ix/load 1, 0, 0; part off
    %assign/av v01018E10, 0, 8;
t_14 ;
    %ix/load 3, 1, 0;
    %mov 4, 0, 1;
    %load/av 8, v01018DB8, 8;
    %ix/load 3, 0, 0; address
    %ix/load 0, 8, 0; word width
    %ix/load 1, 0, 0; part off
    %assign/av v01018DB8, 0, 8;
t_15 ;
    %ix/load 3, 2, 0;
    %mov 4, 0, 1;
    %load/av 8, v01018DB8, 8;
    %ix/load 3, 1, 0; address
    %ix/load 0, 8, 0; word width
    %ix/load 1, 0, 0; part off
    %assign/av v01018DB8, 0, 8;
t_16 ;
    %load/v 8, v01018730_0, 8;
    %ix/load 3, 2, 0; address
    %ix/load 0, 8, 0; word width
    %ix/load 1, 0, 0; part off
    %assign/av v01018DB8, 0, 8;
t_17 ;
    %load/v 8, v01018AF8_0, 6;
    %mov 14, 0, 4;
    %cmpi/u 8, 63, 10;
    %jmp/0xz  T_8.8, 4;
    %ix/load 0, 6, 0;
    %assign/v0 v01018AF8_0, 0, 0;
    %ix/load 0, 1, 0;
    %load/vp0 8, v010185D0_0, 6;
    %ix/load 0, 6, 0;
    %assign/v0 v010185D0_0, 0, 8;
    %jmp T_8.9;
T_8.8 ;
    %ix/load 0, 1, 0;
    %load/vp0 8, v01018AF8_0, 6;
    %ix/load 0, 6, 0;
    %assign/v0 v01018AF8_0, 0, 8;
T_8.9 ;
    %jmp T_8.5;
T_8.4 ;
    %ix/load 0, 1, 0;
    %assign/v0 v010186D8_0, 0, 0;
T_8.5 ;
T_8.1 ;
    %jmp T_8;
    .thread T_8;
    .scope S_00FC52E0;
T_9 ;
    %wait E_00FD7C28;
    %load/v 8, v01019338_0, 1;
    %inv 8, 1;
    %jmp/0xz  T_9.0, 8;
    %ix/load 0, 16, 0;
    %assign/v0 v01016068_0, 0, 0;
    %jmp T_9.1;
T_9.0 ;
    %load/v 8, v010163D8_0, 1;
    %jmp/0xz  T_9.2, 8;
    %load/v 8, v01019180_0, 16;
    %ix/load 1, 15, 0;
    %mov 4, 0, 1;
    %jmp/1 T_9.4, 4;
    %load/x1p 25, v01019180_0, 1;
    %jmp T_9.5;
T_9.4 ;
    %mov 25, 2, 1;
T_9.5 ;
    %mov 24, 25, 1; Move signal select into place
    %ix/load 0, 16, 0;
    %assign/v0 v01016068_0, 0, 8;
T_9.2 ;
T_9.1 ;
    %jmp T_9;
    .thread T_9;
    .scope S_00FC5698;
T_10 ;
    %wait E_00FD7C28;
    %load/v 8, v01015AE8_0, 1;
    %inv 8, 1;
    %jmp/0xz  T_10.0, 8;
    %ix/load 0, 16, 0;
    %assign/v0 v010155C0_0, 0, 0;
    %jmp T_10.1;
T_10.0 ;
    %load/v 8, v01015988_0, 1;
    %jmp/0xz  T_10.2, 8;
    %load/v 8, v010159E0_0, 16;
    %ix/load 1, 15, 0;
    %mov 4, 0, 1;
    %jmp/1 T_10.4, 4;
    %load/x1p 25, v010159E0_0, 1;
    %jmp T_10.5;
T_10.4 ;
    %mov 25, 2, 1;
T_10.5 ;
    %mov 24, 25, 1; Move signal select into place
    %ix/load 0, 16, 0;
    %assign/v0 v010155C0_0, 0, 8;
T_10.2 ;
T_10.1 ;
    %jmp T_10;
    .thread T_10;
    .scope S_00FD66B0;
T_11 ;
    %wait E_00FD7C28;
    %load/v 8, v01015720_0, 1;
    %inv 8, 1;
    %jmp/0xz  T_11.0, 8;
    %ix/load 0, 16, 0;
    %assign/v0 v010158D8_0, 0, 0;
    %jmp T_11.1;
T_11.0 ;
    %load/v 8, v01015E00_0, 1;
    %jmp/0xz  T_11.2, 8;
    %load/v 8, v01015460_0, 16;
    %ix/load 1, 15, 0;
    %mov 4, 0, 1;
    %jmp/1 T_11.4, 4;
    %load/x1p 25, v01015460_0, 1;
    %jmp T_11.5;
T_11.4 ;
    %mov 25, 2, 1;
T_11.5 ;
    %mov 24, 25, 1; Move signal select into place
    %ix/load 0, 16, 0;
    %assign/v0 v010158D8_0, 0, 8;
T_11.2 ;
T_11.1 ;
    %jmp T_11;
    .thread T_11;
    .scope S_00FD6160;
T_12 ;
    %wait E_00FD7C28;
    %load/v 8, v01015320_0, 1;
    %inv 8, 1;
    %jmp/0xz  T_12.0, 8;
    %ix/load 0, 16, 0;
    %assign/v0 v01015378_0, 0, 0;
    %jmp T_12.1;
T_12.0 ;
    %load/v 8, v01015218_0, 1;
    %jmp/0xz  T_12.2, 8;
    %load/v 8, v010152C8_0, 16;
    %ix/load 1, 15, 0;
    %mov 4, 0, 1;
    %jmp/1 T_12.4, 4;
    %load/x1p 25, v010152C8_0, 1;
    %jmp T_12.5;
T_12.4 ;
    %mov 25, 2, 1;
T_12.5 ;
    %mov 24, 25, 1; Move signal select into place
    %ix/load 0, 16, 0;
    %assign/v0 v01015378_0, 0, 8;
T_12.2 ;
T_12.1 ;
    %jmp T_12;
    .thread T_12;
    .scope S_00FD6628;
T_13 ;
    %wait E_00FD7C28;
    %load/v 8, v010146C0_0, 1;
    %inv 8, 1;
    %jmp/0xz  T_13.0, 8;
    %ix/load 0, 16, 0;
    %assign/v0 v01014560_0, 0, 0;
    %jmp T_13.1;
T_13.0 ;
    %load/v 8, v01014508_0, 1;
    %jmp/0xz  T_13.2, 8;
    %load/v 8, v01014610_0, 16;
    %ix/load 1, 15, 0;
    %mov 4, 0, 1;
    %jmp/1 T_13.4, 4;
    %load/x1p 25, v01014610_0, 1;
    %jmp T_13.5;
T_13.4 ;
    %mov 25, 2, 1;
T_13.5 ;
    %mov 24, 25, 1; Move signal select into place
    %ix/load 0, 16, 0;
    %assign/v0 v01014560_0, 0, 8;
T_13.2 ;
T_13.1 ;
    %jmp T_13;
    .thread T_13;
    .scope S_00FD6050;
T_14 ;
    %wait E_00FD7C28;
    %load/v 8, v01014668_0, 1;
    %inv 8, 1;
    %jmp/0xz  T_14.0, 8;
    %ix/load 0, 16, 0;
    %assign/v0 v01014A88_0, 0, 0;
    %jmp T_14.1;
T_14.0 ;
    %load/v 8, v01014C40_0, 1;
    %jmp/0xz  T_14.2, 8;
    %load/v 8, v01014CF0_0, 16;
    %ix/load 1, 15, 0;
    %mov 4, 0, 1;
    %jmp/1 T_14.4, 4;
    %load/x1p 25, v01014CF0_0, 1;
    %jmp T_14.5;
T_14.4 ;
    %mov 25, 2, 1;
T_14.5 ;
    %mov 24, 25, 1; Move signal select into place
    %ix/load 0, 16, 0;
    %assign/v0 v01014A88_0, 0, 8;
T_14.2 ;
T_14.1 ;
    %jmp T_14;
    .thread T_14;
    .scope S_00FD5C98;
T_15 ;
    %wait E_00FD7C28;
    %load/v 8, v01012FA0_0, 1;
    %inv 8, 1;
    %jmp/0xz  T_15.0, 8;
    %ix/load 0, 16, 0;
    %assign/v0 v01013310_0, 0, 0;
    %jmp T_15.1;
T_15.0 ;
    %load/v 8, v01013208_0, 1;
    %jmp/0xz  T_15.2, 8;
    %load/v 8, v01013050_0, 16;
    %ix/load 1, 15, 0;
    %mov 4, 0, 1;
    %jmp/1 T_15.4, 4;
    %load/x1p 25, v01013050_0, 1;
    %jmp T_15.5;
T_15.4 ;
    %mov 25, 2, 1;
T_15.5 ;
    %mov 24, 25, 1; Move signal select into place
    %ix/load 0, 16, 0;
    %assign/v0 v01013310_0, 0, 8;
T_15.2 ;
T_15.1 ;
    %jmp T_15;
    .thread T_15;
    .scope S_00FD6490;
T_16 ;
    %wait E_00FD7C28;
    %load/v 8, v01012DE8_0, 1;
    %inv 8, 1;
    %jmp/0xz  T_16.0, 8;
    %ix/load 0, 16, 0;
    %assign/v0 v01012E40_0, 0, 0;
    %jmp T_16.1;
T_16.0 ;
    %load/v 8, v01012D90_0, 1;
    %jmp/0xz  T_16.2, 8;
    %load/v 8, v01012B80_0, 16;
    %ix/load 1, 15, 0;
    %mov 4, 0, 1;
    %jmp/1 T_16.4, 4;
    %load/x1p 25, v01012B80_0, 1;
    %jmp T_16.5;
T_16.4 ;
    %mov 25, 2, 1;
T_16.5 ;
    %mov 24, 25, 1; Move signal select into place
    %ix/load 0, 16, 0;
    %assign/v0 v01012E40_0, 0, 8;
T_16.2 ;
T_16.1 ;
    %jmp T_16;
    .thread T_16;
    .scope S_00FD5B00;
T_17 ;
    %wait E_00FD7C28;
    %load/v 8, v01012CE0_0, 1;
    %inv 8, 1;
    %jmp/0xz  T_17.0, 8;
    %ix/load 0, 16, 0;
    %assign/v0 v01012C30_0, 0, 0;
    %jmp T_17.1;
T_17.0 ;
    %load/v 8, v01012810_0, 1;
    %jmp/0xz  T_17.2, 8;
    %load/v 8, v01012A78_0, 16;
    %ix/load 1, 15, 0;
    %mov 4, 0, 1;
    %jmp/1 T_17.4, 4;
    %load/x1p 25, v01012A78_0, 1;
    %jmp T_17.5;
T_17.4 ;
    %mov 25, 2, 1;
T_17.5 ;
    %mov 24, 25, 1; Move signal select into place
    %ix/load 0, 16, 0;
    %assign/v0 v01012C30_0, 0, 8;
T_17.2 ;
T_17.1 ;
    %jmp T_17;
    .thread T_17;
    .scope S_00FD6380;
T_18 ;
    %wait E_00FD7C28;
    %load/v 8, v010193E8_0, 1;
    %inv 8, 1;
    %jmp/0xz  T_18.0, 8;
    %ix/load 0, 1, 0;
    %assign/v0 v010190D0_0, 0, 0;
    %jmp T_18.1;
T_18.0 ;
    %load/v 8, v010191D8_0, 1;
    %ix/load 0, 1, 0;
    %assign/v0 v010190D0_0, 0, 8;
T_18.1 ;
    %jmp T_18;
    .thread T_18;
    .scope S_00FD4978;
T_19 ;
    %wait E_00FD80E8;
    %set/v v010121A8_0, 0, 32;
    %set/v v01012048_0, 0, 32;
T_19.0 ;
    %load/v 8, v01012048_0, 32;
   %cmpi/s 8, 9, 32;
    %jmp/0xz T_19.1, 5;
    %load/v 8, v010121A8_0, 32;
    %ix/getv/s 3, v01012048_0;
    %load/av 40, v010123B8, 32;
    %add 8, 40, 32;
    %set/v v010121A8_0, 8, 32;
    %ix/load 0, 1, 0;
    %load/vp0/s 8, v01012048_0, 32;
    %set/v v01012048_0, 8, 32;
    %jmp T_19.0;
T_19.1 ;
    %jmp T_19;
    .thread T_19, $push;
    .scope S_00FD4978;
T_20 ;
    %wait E_00FD7C28;
    %load/v 8, v01012308_0, 1;
    %inv 8, 1;
    %jmp/0xz  T_20.0, 8;
    %ix/load 0, 32, 0;
    %assign/v0 v01012150_0, 0, 0;
    %ix/load 0, 1, 0;
    %assign/v0 v01012360_0, 0, 0;
    %jmp T_20.1;
T_20.0 ;
    %load/v 8, v010121A8_0, 32;
    %ix/load 0, 32, 0;
    %assign/v0 v01012150_0, 0, 8;
    %load/v 8, v01012200_0, 1;
    %ix/load 0, 1, 0;
    %assign/v0 v01012360_0, 0, 8;
T_20.1 ;
    %jmp T_20;
    .thread T_20;
    .scope S_00FD48F0;
T_21 ;
    %wait E_00FD7C28;
    %load/v 8, v01011C28_0, 1;
    %inv 8, 1;
    %jmp/0xz  T_21.0, 8;
    %ix/load 0, 8, 0;
    %assign/v0 v01011440_0, 0, 0;
    %ix/load 0, 1, 0;
    %assign/v0 v01011DE0_0, 0, 0;
    %jmp T_21.1;
T_21.0 ;
    %load/v 8, v01011D30_0, 8;
    %ix/load 0, 8, 0;
    %assign/v0 v01011440_0, 0, 8;
    %load/v 8, v01011A18_0, 1;
    %ix/load 0, 1, 0;
    %assign/v0 v01011DE0_0, 0, 8;
T_21.1 ;
    %jmp T_21;
    .thread T_21;
    .scope S_00FD5858;
T_22 ;
    %wait E_00FD7C28;
    %load/v 8, v00FD1518_0, 1;
    %jmp/0xz  T_22.0, 8;
    %ix/load 0, 2, 0;
    %assign/v0 v00FD1990_0, 0, 0;
    %ix/load 0, 13, 0;
    %assign/v0 v00FD1830_0, 0, 0;
    %ix/load 0, 1, 0;
    %assign/v0 v00FD1258_0, 0, 0;
    %ix/load 0, 1, 0;
    %assign/v0 v00FD1360_0, 0, 0;
    %ix/load 0, 16, 0;
    %assign/v0 v00FD12B0_0, 0, 0;
    %jmp T_22.1;
T_22.0 ;
    %ix/load 0, 1, 0;
    %assign/v0 v00FD1258_0, 0, 0;
    %ix/load 0, 1, 0;
    %assign/v0 v00FD1360_0, 0, 0;
    %load/v 8, v00FD1990_0, 2;
    %cmpi/u 8, 0, 2;
    %jmp/1 T_22.2, 6;
    %cmpi/u 8, 1, 2;
    %jmp/1 T_22.3, 6;
    %cmpi/u 8, 2, 2;
    %jmp/1 T_22.4, 6;
    %ix/load 0, 2, 0;
    %assign/v0 v00FD1990_0, 0, 0;
    %jmp T_22.6;
T_22.2 ;
    %load/v 8, v00FD19E8_0, 1;
    %jmp/0xz  T_22.7, 8;
    %load/v 8, v00FD17D8_0, 8;
    %mov 16, 0, 8;
    %ix/getv 3, v00FD1830_0;
    %jmp/1 t_18, 4;
    %ix/load 0, 16, 0; word width
    %ix/load 1, 0, 0; part off
    %assign/av v00FD1468, 0, 8;
t_18 ;
    %load/v 8, v00FD1830_0, 13;
    %mov 21, 0, 2;
    %cmpi/u 8, 3843, 15;
    %jmp/0xz  T_22.9, 4;
    %ix/load 0, 1, 0;
    %assign/v0 v00FD1258_0, 0, 1;
    %ix/load 0, 13, 0;
    %assign/v0 v00FD1830_0, 0, 0;
    %movi 8, 1, 2;
    %ix/load 0, 2, 0;
    %assign/v0 v00FD1990_0, 0, 8;
    %jmp T_22.10;
T_22.9 ;
    %load/v 8, v00FD1830_0, 13;
    %mov 21, 0, 19;
    %addi 8, 1, 32;
    %ix/load 0, 13, 0;
    %assign/v0 v00FD1830_0, 0, 8;
T_22.10 ;
T_22.7 ;
    %jmp T_22.6;
T_22.3 ;
    %ix/getv 3, v00FD1830_0;
    %load/av 8, v00FD1468, 16;
    %ix/load 0, 16, 0;
    %assign/v0 v00FD12B0_0, 0, 8;
    %ix/load 0, 1, 0;
    %assign/v0 v00FD1360_0, 0, 1;
    %load/v 8, v00FD1830_0, 13;
    %mov 21, 0, 2;
    %cmpi/u 8, 3843, 15;
    %jmp/0xz  T_22.11, 4;
    %ix/load 0, 13, 0;
    %assign/v0 v00FD1830_0, 0, 0;
    %movi 8, 2, 2;
    %ix/load 0, 2, 0;
    %assign/v0 v00FD1990_0, 0, 8;
    %jmp T_22.12;
T_22.11 ;
    %load/v 8, v00FD1830_0, 13;
    %mov 21, 0, 19;
    %addi 8, 1, 32;
    %ix/load 0, 13, 0;
    %assign/v0 v00FD1830_0, 0, 8;
T_22.12 ;
    %jmp T_22.6;
T_22.4 ;
    %ix/load 0, 1, 0;
    %assign/v0 v00FD1360_0, 0, 0;
    %ix/load 0, 16, 0;
    %assign/v0 v00FD12B0_0, 0, 0;
    %jmp T_22.6;
T_22.6 ;
T_22.1 ;
    %jmp T_22;
    .thread T_22;
    .scope S_00FD4FD8;
T_23 ;
    %wait E_00FD7C28;
    %load/v 8, v0101BEA0_0, 1;
    %jmp/0xz  T_23.0, 8;
    %ix/load 0, 4, 0;
    %assign/v0 v0101AC10_0, 0, 0;
    %ix/load 0, 1, 0;
    %assign/v0 v0101ACC0_0, 0, 0;
    %ix/load 0, 1, 0;
    %assign/v0 v0101AE78_0, 0, 0;
    %ix/load 0, 1, 0;
    %assign/v0 v0101A740_0, 0, 0;
    %ix/load 0, 4, 0;
    %assign/v0 v0101AA00_0, 0, 0;
    %ix/load 0, 8, 0;
    %assign/v0 v0101AE20_0, 0, 0;
    %jmp T_23.1;
T_23.0 ;
    %ix/load 0, 1, 0;
    %assign/v0 v0101A740_0, 0, 0;
    %load/v 8, v0101ACC0_0, 1;
    %inv 8, 1;
    %jmp/0xz  T_23.2, 8;
    %load/v 8, v0101AE78_0, 1;
    %inv 8, 1;
    %jmp/0xz  T_23.4, 8;
    %ix/load 0, 1, 0;
    %assign/v0 v0101AE78_0, 0, 1;
    %jmp T_23.5;
T_23.4 ;
    %load/v 8, v0101AC10_0, 4;
    %mov 12, 0, 2;
   %cmpi/u 8, 9, 6;
    %jmp/0xz  T_23.6, 5;
    %ix/load 0, 1, 0;
    %assign/v0 v0101A740_0, 0, 1;
    %load/v 8, v0101AC10_0, 4;
    %ix/load 0, 4, 0;
    %assign/v0 v0101AA00_0, 0, 8;
    %load/v 8, v0101AC10_0, 4;
    %movi 12, 0, 28;
    %set/v v0101C0B0_0, 8, 32;
    %fork TD_cnn_accelerator_top.krn_val, S_00FB9B70;
    %join;
    %load/v  8, v0101C3C8_0, 8;
    %ix/load 0, 8, 0;
    %assign/v0 v0101AE20_0, 0, 8;
    %load/v 8, v0101AC10_0, 4;
    %mov 12, 0, 28;
    %addi 8, 1, 32;
    %ix/load 0, 4, 0;
    %assign/v0 v0101AC10_0, 0, 8;
    %jmp T_23.7;
T_23.6 ;
    %ix/load 0, 1, 0;
    %assign/v0 v0101ACC0_0, 0, 1;
    %ix/load 0, 1, 0;
    %assign/v0 v0101AE78_0, 0, 0;
T_23.7 ;
T_23.5 ;
T_23.2 ;
T_23.1 ;
    %jmp T_23;
    .thread T_23;
    .scope S_00FD4FD8;
T_24 ;
    %wait E_00FD7C28;
    %load/v 8, v0101BEA0_0, 1;
    %jmp/0xz  T_24.0, 8;
    %ix/load 0, 1, 0;
    %assign/v0 v0101AC68_0, 0, 0;
    %jmp T_24.1;
T_24.0 ;
    %load/v 8, v0101C1B8_0, 1;
    %jmp/0xz  T_24.2, 8;
    %ix/load 0, 1, 0;
    %assign/v0 v0101AC68_0, 0, 1;
T_24.2 ;
T_24.1 ;
    %jmp T_24;
    .thread T_24;
# The file index is used to find the file name in the following table.
:file_names 13;
    "N/A";
    "<interactive>";
    "cnn_accelerator_top.v";
    "./controller_fsm.v";
    "./weight_buffer.v";
    "./image_rom.v";
    "./line_buffer.v";
    "./window_generator.v";
    "./mac_array.v";
    "./mac_unit.v";
    "./accumulator.v";
    "./activation_relu.v";
    "./feature_map_store.v";
