#! /c/iverilog/bin/vvp
:ivl_version "0.9.7 " "(v0_9_7)";
:vpi_time_precision + 0;
:vpi_module "system";
:vpi_module "v2005_math";
:vpi_module "va_math";
S_00A0A050 .scope module, "controller_fsm" "controller_fsm" 2 28;
 .timescale 0 0;
P_00A04694 .param/l "CNT_W" 2 55, +C4<00000000000000000000000000001011>;
P_00A046A8 .param/l "IMAGE_HEIGHT" 2 30, +C4<0100000>;
P_00A046BC .param/l "IMAGE_WIDTH" 2 29, +C4<0100000>;
P_00A046D0 .param/l "KERNEL_SIZE" 2 31, +C4<011>;
P_00A046E4 .param/l "OCNT_W" 2 56, +C4<00000000000000000000000000001010>;
P_00A046F8 .param/l "OUT_H" 2 51, +C4<011110>;
P_00A0470C .param/l "OUT_W" 2 50, +C4<011110>;
P_00A04720 .param/l "PIPE_STAGES" 2 79, +C4<011>;
P_00A04734 .param/l "ST_DONE" 2 65, C4<11>;
P_00A04748 .param/l "ST_IDLE" 2 62, C4<00>;
P_00A0475C .param/l "ST_LOAD" 2 63, C4<01>;
P_00A04770 .param/l "ST_RUN" 2 64, C4<10>;
P_00A04784 .param/l "TOTAL_IN" 2 52, +C4<010000000000>;
P_00A04798 .param/l "TOTAL_OUT" 2 53, +C4<01110000100>;
P_00A047AC .param/l "WARMUP_PIXELS" 2 77, +C4<01000010>;
L_00A0ECF0 .functor AND 1, L_01170188, L_01170340, C4<1>, C4<1>;
v00A03720_0 .net *"_s0", 5 0, L_01170130; 1 drivers
v00A0AFD0_0 .net *"_s11", 0 0, C4<0>; 1 drivers
v00A042E8_0 .net *"_s12", 5 0, C4<000010>; 1 drivers
v00A04D78_0 .net *"_s14", 0 0, L_01170340; 1 drivers
v00A04570_0 .net *"_s3", 0 0, C4<0>; 1 drivers
v00A034F0_0 .net *"_s4", 5 0, C4<000010>; 1 drivers
v00A03548_0 .net *"_s6", 0 0, L_01170188; 1 drivers
v00A035A0_0 .net *"_s8", 5 0, L_011701E0; 1 drivers
v0116FF78_0 .net "clk", 0 0, C4<z>; 0 drivers
v0116FEC8_0 .var "col_cnt", 4 0;
v01170028_0 .var "done_out", 0 0;
v011702E8_0 .net "in_valid_region", 0 0, L_00A0ECF0; 1 drivers
v01170238_0 .var "next_state", 1 0;
v01170080_0 .var "out_cnt", 9 0;
v0116FF20_0 .var "pipe_en", 0 0;
v01170290_0 .var "pixel_cnt", 10 0;
v011700D8_0 .net "pixel_valid_in", 0 0, C4<z>; 0 drivers
v0116FFD0_0 .var "result_valid", 0 0;
v0116FDC0_0 .var "row_cnt", 4 0;
v01170448_0 .net "rst_n", 0 0, C4<z>; 0 drivers
v0116FE18_0 .net "start", 0 0, C4<z>; 0 drivers
v0116FE70_0 .var "state", 1 0;
v0116FD68_0 .net "weight_loaded", 0 0, C4<z>; 0 drivers
E_00A0B0E0 .event posedge, v0116FF78_0;
E_00A0B180 .event edge, v0116FE70_0, v0116FE18_0, v0116FD68_0, v01170290_0;
L_01170130 .concat [ 5 1 0 0], v0116FDC0_0, C4<0>;
L_01170188 .cmp/ge 6, L_01170130, C4<000010>;
L_011701E0 .concat [ 5 1 0 0], v0116FEC8_0, C4<0>;
L_01170340 .cmp/ge 6, L_011701E0, C4<000010>;
    .scope S_00A0A050;
T_0 ;
    %wait E_00A0B0E0;
    %load/v 8, v01170448_0, 1;
    %inv 8, 1;
    %jmp/0xz  T_0.0, 8;
    %ix/load 0, 2, 0;
    %assign/v0 v0116FE70_0, 0, 0;
    %jmp T_0.1;
T_0.0 ;
    %load/v 8, v01170238_0, 2;
    %ix/load 0, 2, 0;
    %assign/v0 v0116FE70_0, 0, 8;
T_0.1 ;
    %jmp T_0;
    .thread T_0;
    .scope S_00A0A050;
T_1 ;
    %wait E_00A0B180;
    %load/v 8, v0116FE70_0, 2;
    %set/v v01170238_0, 8, 2;
    %load/v 8, v0116FE70_0, 2;
    %cmpi/u 8, 0, 2;
    %jmp/1 T_1.0, 6;
    %cmpi/u 8, 1, 2;
    %jmp/1 T_1.1, 6;
    %cmpi/u 8, 2, 2;
    %jmp/1 T_1.2, 6;
    %cmpi/u 8, 3, 2;
    %jmp/1 T_1.3, 6;
    %jmp T_1.4;
T_1.0 ;
    %load/v 8, v0116FE18_0, 1;
    %jmp/0xz  T_1.5, 8;
    %movi 8, 1, 2;
    %set/v v01170238_0, 8, 2;
T_1.5 ;
    %jmp T_1.4;
T_1.1 ;
    %load/v 8, v0116FD68_0, 1;
    %jmp/0xz  T_1.7, 8;
    %movi 8, 2, 2;
    %set/v v01170238_0, 8, 2;
T_1.7 ;
    %jmp T_1.4;
T_1.2 ;
    %load/v 8, v01170290_0, 11;
    %cmpi/u 8, 1024, 11;
    %jmp/0xz  T_1.9, 4;
    %set/v v01170238_0, 1, 2;
T_1.9 ;
    %jmp T_1.4;
T_1.3 ;
    %set/v v01170238_0, 0, 2;
    %jmp T_1.4;
T_1.4 ;
    %jmp T_1;
    .thread T_1, $push;
    .scope S_00A0A050;
T_2 ;
    %wait E_00A0B0E0;
    %load/v 8, v01170448_0, 1;
    %inv 8, 1;
    %jmp/0xz  T_2.0, 8;
    %ix/load 0, 11, 0;
    %assign/v0 v01170290_0, 0, 0;
    %ix/load 0, 10, 0;
    %assign/v0 v01170080_0, 0, 0;
    %ix/load 0, 5, 0;
    %assign/v0 v0116FEC8_0, 0, 0;
    %ix/load 0, 5, 0;
    %assign/v0 v0116FDC0_0, 0, 0;
    %ix/load 0, 1, 0;
    %assign/v0 v0116FF20_0, 0, 0;
    %ix/load 0, 1, 0;
    %assign/v0 v01170028_0, 0, 0;
    %ix/load 0, 1, 0;
    %assign/v0 v0116FFD0_0, 0, 0;
    %jmp T_2.1;
T_2.0 ;
    %ix/load 0, 1, 0;
    %assign/v0 v01170028_0, 0, 0;
    %ix/load 0, 1, 0;
    %assign/v0 v0116FFD0_0, 0, 0;
    %load/v 8, v0116FE70_0, 2;
    %cmpi/u 8, 0, 2;
    %jmp/1 T_2.2, 6;
    %cmpi/u 8, 1, 2;
    %jmp/1 T_2.3, 6;
    %cmpi/u 8, 2, 2;
    %jmp/1 T_2.4, 6;
    %cmpi/u 8, 3, 2;
    %jmp/1 T_2.5, 6;
    %jmp T_2.6;
T_2.2 ;
    %ix/load 0, 11, 0;
    %assign/v0 v01170290_0, 0, 0;
    %ix/load 0, 10, 0;
    %assign/v0 v01170080_0, 0, 0;
    %ix/load 0, 5, 0;
    %assign/v0 v0116FEC8_0, 0, 0;
    %ix/load 0, 5, 0;
    %assign/v0 v0116FDC0_0, 0, 0;
    %ix/load 0, 1, 0;
    %assign/v0 v0116FF20_0, 0, 0;
    %jmp T_2.6;
T_2.3 ;
    %ix/load 0, 1, 0;
    %assign/v0 v0116FF20_0, 0, 0;
    %jmp T_2.6;
T_2.4 ;
    %ix/load 0, 1, 0;
    %assign/v0 v0116FF20_0, 0, 1;
    %load/v 8, v011700D8_0, 1;
    %jmp/0xz  T_2.7, 8;
    %load/v 8, v01170290_0, 11;
   %cmpi/u 8, 1024, 11;
    %jmp/0xz  T_2.9, 5;
    %ix/load 0, 1, 0;
    %load/vp0 8, v01170290_0, 11;
    %ix/load 0, 11, 0;
    %assign/v0 v01170290_0, 0, 8;
T_2.9 ;
    %load/v 8, v0116FEC8_0, 5;
    %mov 13, 0, 4;
    %cmpi/u 8, 31, 9;
    %jmp/0xz  T_2.11, 4;
    %ix/load 0, 5, 0;
    %assign/v0 v0116FEC8_0, 0, 0;
    %load/v 8, v0116FDC0_0, 5;
    %mov 13, 0, 4;
   %cmpi/u 8, 31, 9;
    %jmp/0xz  T_2.13, 5;
    %ix/load 0, 1, 0;
    %load/vp0 8, v0116FDC0_0, 5;
    %ix/load 0, 5, 0;
    %assign/v0 v0116FDC0_0, 0, 8;
T_2.13 ;
    %jmp T_2.12;
T_2.11 ;
    %ix/load 0, 1, 0;
    %load/vp0 8, v0116FEC8_0, 5;
    %ix/load 0, 5, 0;
    %assign/v0 v0116FEC8_0, 0, 8;
T_2.12 ;
    %load/v 8, v011702E8_0, 1;
    %ix/load 0, 1, 0;
    %assign/v0 v0116FFD0_0, 0, 8;
T_2.7 ;
    %jmp T_2.6;
T_2.5 ;
    %ix/load 0, 1, 0;
    %assign/v0 v0116FF20_0, 0, 0;
    %ix/load 0, 1, 0;
    %assign/v0 v01170028_0, 0, 1;
    %jmp T_2.6;
T_2.6 ;
T_2.1 ;
    %jmp T_2;
    .thread T_2;
# The file index is used to find the file name in the following table.
:file_names 3;
    "N/A";
    "<interactive>";
    "controller_fsm.v";
