#! /c/iverilog/bin/vvp
:ivl_version "0.9.7 " "(v0_9_7)";
:vpi_time_precision + 0;
:vpi_module "system";
:vpi_module "v2005_math";
:vpi_module "va_math";
S_012AACE8 .scope module, "feature_map_store" "feature_map_store" 2 31;
 .timescale 0 0;
P_012AA13C .param/l "OUT_WIDTH" 2 32, +C4<01000>;
P_012AA150 .param/l "STORE_W" 2 33, +C4<010000>;
P_012AA164 .param/l "ST_CAPTURE" 2 49, C4<00>;
P_012AA178 .param/l "ST_DONE" 2 51, C4<10>;
P_012AA18C .param/l "ST_READOUT" 2 50, C4<01>;
P_012AA1A0 .param/l "TOTAL_OUT" 2 34, +C4<0111100000100>;
v012A32E8_0 .var "capture_done", 0 0;
v012A3340_0 .net "clk", 0 0, C4<z>; 0 drivers
v012A45E0_0 .var "cnt", 12 0;
v012A4638_0 .net "feature_in", 7 0, C4<zzzzzzzz>; 0 drivers
v012A3600 .array "feature_map", 3843 0, 15 0;
v012A3658_0 .var "feature_out", 15 0;
v012A36B0_0 .net "rst", 0 0, C4<z>; 0 drivers
v012A3708_0 .var "state", 1 0;
v012AE140_0 .net "valid_in", 0 0, C4<z>; 0 drivers
v012AE198_0 .var "valid_out", 0 0;
E_012A8850 .event posedge, v012A3340_0;
    .scope S_012AACE8;
T_0 ;
    %wait E_012A8850;
    %load/v 8, v012A36B0_0, 1;
    %jmp/0xz  T_0.0, 8;
    %ix/load 0, 2, 0;
    %assign/v0 v012A3708_0, 0, 0;
    %ix/load 0, 13, 0;
    %assign/v0 v012A45E0_0, 0, 0;
    %ix/load 0, 1, 0;
    %assign/v0 v012A32E8_0, 0, 0;
    %ix/load 0, 1, 0;
    %assign/v0 v012AE198_0, 0, 0;
    %ix/load 0, 16, 0;
    %assign/v0 v012A3658_0, 0, 0;
    %jmp T_0.1;
T_0.0 ;
    %ix/load 0, 1, 0;
    %assign/v0 v012A32E8_0, 0, 0;
    %ix/load 0, 1, 0;
    %assign/v0 v012AE198_0, 0, 0;
    %load/v 8, v012A3708_0, 2;
    %cmpi/u 8, 0, 2;
    %jmp/1 T_0.2, 6;
    %cmpi/u 8, 1, 2;
    %jmp/1 T_0.3, 6;
    %cmpi/u 8, 2, 2;
    %jmp/1 T_0.4, 6;
    %ix/load 0, 2, 0;
    %assign/v0 v012A3708_0, 0, 0;
    %jmp T_0.6;
T_0.2 ;
    %load/v 8, v012AE140_0, 1;
    %jmp/0xz  T_0.7, 8;
    %load/v 8, v012A4638_0, 8;
    %mov 16, 0, 8;
    %ix/getv 3, v012A45E0_0;
    %jmp/1 t_0, 4;
    %ix/load 0, 16, 0; word width
    %ix/load 1, 0, 0; part off
    %assign/av v012A3600, 0, 8;
t_0 ;
    %load/v 8, v012A45E0_0, 13;
    %mov 21, 0, 2;
    %cmpi/u 8, 3843, 15;
    %jmp/0xz  T_0.9, 4;
    %ix/load 0, 1, 0;
    %assign/v0 v012A32E8_0, 0, 1;
    %ix/load 0, 13, 0;
    %assign/v0 v012A45E0_0, 0, 0;
    %movi 8, 1, 2;
    %ix/load 0, 2, 0;
    %assign/v0 v012A3708_0, 0, 8;
    %jmp T_0.10;
T_0.9 ;
    %load/v 8, v012A45E0_0, 13;
    %mov 21, 0, 19;
    %addi 8, 1, 32;
    %ix/load 0, 13, 0;
    %assign/v0 v012A45E0_0, 0, 8;
T_0.10 ;
T_0.7 ;
    %jmp T_0.6;
T_0.3 ;
    %ix/getv 3, v012A45E0_0;
    %load/av 8, v012A3600, 16;
    %ix/load 0, 16, 0;
    %assign/v0 v012A3658_0, 0, 8;
    %ix/load 0, 1, 0;
    %assign/v0 v012AE198_0, 0, 1;
    %load/v 8, v012A45E0_0, 13;
    %mov 21, 0, 2;
    %cmpi/u 8, 3843, 15;
    %jmp/0xz  T_0.11, 4;
    %ix/load 0, 13, 0;
    %assign/v0 v012A45E0_0, 0, 0;
    %movi 8, 2, 2;
    %ix/load 0, 2, 0;
    %assign/v0 v012A3708_0, 0, 8;
    %jmp T_0.12;
T_0.11 ;
    %load/v 8, v012A45E0_0, 13;
    %mov 21, 0, 19;
    %addi 8, 1, 32;
    %ix/load 0, 13, 0;
    %assign/v0 v012A45E0_0, 0, 8;
T_0.12 ;
    %jmp T_0.6;
T_0.4 ;
    %ix/load 0, 1, 0;
    %assign/v0 v012AE198_0, 0, 0;
    %ix/load 0, 16, 0;
    %assign/v0 v012A3658_0, 0, 0;
    %jmp T_0.6;
T_0.6 ;
T_0.1 ;
    %jmp T_0;
    .thread T_0;
# The file index is used to find the file name in the following table.
:file_names 3;
    "N/A";
    "<interactive>";
    "feature_map_store.v";
