#! /c/iverilog/bin/vvp
:ivl_version "0.9.7 " "(v0_9_7)";
:vpi_time_precision + 0;
:vpi_module "system";
:vpi_module "v2005_math";
:vpi_module "va_math";
S_0119A050 .scope module, "image_rom" "image_rom" 2 11;
 .timescale 0 0;
P_01193324 .param/l "DATA_WIDTH" 2 12, +C4<01000>;
P_01193338 .param/l "IMAGE_PIXELS" 2 13, +C4<01000000>;
v011991A8_0 .var "addr", 5 0;
v01199200_0 .net "clk", 0 0, C4<z>; 0 drivers
v0119EEA8_0 .net "en", 0 0, C4<z>; 0 drivers
v0119EF00_0 .var "frame_done", 0 0;
v0119EF58 .array "mem", 63 0, 7 0;
v01193600_0 .var/s "pixel_out", 7 0;
v01193658_0 .var "pixel_valid", 0 0;
v011936B0_0 .net "rst", 0 0, C4<z>; 0 drivers
v01193708_0 .var "running", 0 0;
E_0119B118 .event posedge, v01199200_0;
    .scope S_0119A050;
T_0 ;
    %vpi_call 2 25 "$readmemh", "image.mem", v0119EF58;
    %end;
    .thread T_0;
    .scope S_0119A050;
T_1 ;
    %wait E_0119B118;
    %load/v 8, v011936B0_0, 1;
    %jmp/0xz  T_1.0, 8;
    %ix/load 0, 6, 0;
    %assign/v0 v011991A8_0, 0, 0;
    %ix/load 0, 1, 0;
    %assign/v0 v01193708_0, 0, 0;
    %ix/load 0, 1, 0;
    %assign/v0 v01193658_0, 0, 0;
    %ix/load 0, 8, 0;
    %assign/v0 v01193600_0, 0, 0;
    %ix/load 0, 1, 0;
    %assign/v0 v0119EF00_0, 0, 0;
    %jmp T_1.1;
T_1.0 ;
    %ix/load 0, 1, 0;
    %assign/v0 v0119EF00_0, 0, 0;
    %load/v 8, v01193708_0, 1;
    %inv 8, 1;
    %load/v 9, v0119EEA8_0, 1;
    %and 8, 9, 1;
    %jmp/0xz  T_1.2, 8;
    %ix/load 0, 1, 0;
    %assign/v0 v01193708_0, 0, 1;
    %ix/load 0, 6, 0;
    %assign/v0 v011991A8_0, 0, 0;
    %ix/load 3, 0, 0;
    %mov 4, 0, 1;
    %load/av 8, v0119EF58, 8;
    %ix/load 0, 8, 0;
    %assign/v0 v01193600_0, 0, 8;
    %ix/load 0, 1, 0;
    %assign/v0 v01193658_0, 0, 1;
    %jmp T_1.3;
T_1.2 ;
    %load/v 8, v01193708_0, 1;
    %jmp/0xz  T_1.4, 8;
    %load/v 8, v011991A8_0, 6;
    %mov 14, 0, 4;
    %cmpi/u 8, 63, 10;
    %jmp/0xz  T_1.6, 4;
    %ix/load 0, 1, 0;
    %assign/v0 v01193708_0, 0, 0;
    %ix/load 0, 1, 0;
    %assign/v0 v01193658_0, 0, 0;
    %ix/load 0, 1, 0;
    %assign/v0 v0119EF00_0, 0, 1;
    %ix/load 0, 6, 0;
    %assign/v0 v011991A8_0, 0, 0;
    %jmp T_1.7;
T_1.6 ;
    %load/v 8, v011991A8_0, 6;
    %mov 14, 0, 26;
    %addi 8, 1, 32;
    %ix/load 0, 6, 0;
    %assign/v0 v011991A8_0, 0, 8;
    %ix/load 0, 1, 0;
    %load/vp0 16, v011991A8_0, 32;
    %ix/get 3, 16, 32;
    %load/av 8, v0119EF58, 8;
    %ix/load 0, 8, 0;
    %assign/v0 v01193600_0, 0, 8;
    %ix/load 0, 1, 0;
    %assign/v0 v01193658_0, 0, 1;
T_1.7 ;
    %jmp T_1.5;
T_1.4 ;
    %ix/load 0, 1, 0;
    %assign/v0 v01193658_0, 0, 0;
T_1.5 ;
T_1.3 ;
T_1.1 ;
    %jmp T_1;
    .thread T_1;
# The file index is used to find the file name in the following table.
:file_names 3;
    "N/A";
    "<interactive>";
    "image_rom.v";
