#! /c/iverilog/bin/vvp
:ivl_version "0.9.7 " "(v0_9_7)";
:vpi_time_precision + 0;
:vpi_module "system";
:vpi_module "v2005_math";
:vpi_module "va_math";
S_010E37C8 .scope module, "line_buffer" "line_buffer" 2 25;
 .timescale 0 0;
P_011D3304 .param/l "DATA_WIDTH" 2 26, +C4<01000>;
P_011D3318 .param/l "IMAGE_WIDTH" 2 27, +C4<0100000>;
P_011D332C .param/l "KERNEL_SIZE" 2 28, +C4<011>;
L_011DE348 .functor BUFZ 8, L_011DEA70, C4<00000000>, C4<00000000>, C4<00000000>;
L_011DED58 .functor BUFZ 8, L_011DE9C0, C4<00000000>, C4<00000000>, C4<00000000>;
v011D3600_0 .net *"_s11", 7 0, L_011DED58; 1 drivers
v011D3658_0 .net *"_s2", 7 0, L_011DEA70; 1 drivers
v011D36B0_0 .net *"_s5", 7 0, L_011DE348; 1 drivers
v011D3708_0 .net *"_s8", 7 0, L_011DE9C0; 1 drivers
v011D3760_0 .var/i "c", 31 0;
v011DE138_0 .net "clk", 0 0, C4<z>; 0 drivers
v011DE190_0 .var "col_idx", 4 0;
v011DE1E8 .array/s "lb1", 31 0, 7 0;
v011DE240 .array/s "lb2", 31 0, 7 0;
v011DE298_0 .net/s "pixel_in", 7 0, C4<zzzzzzzz>; 0 drivers
v011DE2F0_0 .net "pixel_valid", 0 0, C4<z>; 0 drivers
RS_010E40C4 .resolv tri, L_011DEA18, L_011DE8B8, C4<zzzzzzzzzzzzzzzz>, C4<zzzzzzzzzzzzzzzz>;
v011DE380_0 .net8 "row_out_flat", 15 0, RS_010E40C4; 2 drivers
v011DE3D8_0 .net "rst_n", 0 0, C4<z>; 0 drivers
E_011D9390/0 .event negedge, v011DE3D8_0;
E_011D9390/1 .event posedge, v011DE138_0;
E_011D9390 .event/or E_011D9390/0, E_011D9390/1;
L_011DEA18 .part/pv L_011DE348, 0, 8, 16;
L_011DEA70 .array/port v011DE1E8, v011DE190_0;
L_011DE8B8 .part/pv L_011DED58, 8, 8, 16;
L_011DE9C0 .array/port v011DE240, v011DE190_0;
    .scope S_010E37C8;
T_0 ;
    %wait E_011D9390;
    %load/v 8, v011DE3D8_0, 1;
    %inv 8, 1;
    %jmp/0xz  T_0.0, 8;
    %ix/load 0, 5, 0;
    %assign/v0 v011DE190_0, 0, 0;
    %set/v v011D3760_0, 0, 32;
T_0.2 ;
    %load/v 8, v011D3760_0, 32;
   %cmpi/s 8, 32, 32;
    %jmp/0xz T_0.3, 5;
    %ix/getv/s 3, v011D3760_0;
    %jmp/1 t_0, 4;
    %ix/load 0, 8, 0; word width
    %ix/load 1, 0, 0; part off
    %assign/av v011DE1E8, 0, 0;
t_0 ;
    %ix/getv/s 3, v011D3760_0;
    %jmp/1 t_1, 4;
    %ix/load 0, 8, 0; word width
    %ix/load 1, 0, 0; part off
    %assign/av v011DE240, 0, 0;
t_1 ;
    %ix/load 0, 1, 0;
    %load/vp0/s 8, v011D3760_0, 32;
    %set/v v011D3760_0, 8, 32;
    %jmp T_0.2;
T_0.3 ;
    %jmp T_0.1;
T_0.0 ;
    %load/v 8, v011DE2F0_0, 1;
    %jmp/0xz  T_0.4, 8;
    %ix/getv 3, v011DE190_0;
    %load/av 8, v011DE1E8, 8;
    %ix/getv 3, v011DE190_0;
    %jmp/1 t_2, 4;
    %ix/load 0, 8, 0; word width
    %ix/load 1, 0, 0; part off
    %assign/av v011DE240, 0, 8;
t_2 ;
    %load/v 8, v011DE298_0, 8;
    %ix/getv 3, v011DE190_0;
    %jmp/1 t_3, 4;
    %ix/load 0, 8, 0; word width
    %ix/load 1, 0, 0; part off
    %assign/av v011DE1E8, 0, 8;
t_3 ;
    %load/v 8, v011DE190_0, 5;
    %mov 13, 0, 4;
    %cmpi/u 8, 31, 9;
    %jmp/0xz  T_0.6, 4;
    %ix/load 0, 5, 0;
    %assign/v0 v011DE190_0, 0, 0;
    %jmp T_0.7;
T_0.6 ;
    %ix/load 0, 1, 0;
    %load/vp0 8, v011DE190_0, 5;
    %ix/load 0, 5, 0;
    %assign/v0 v011DE190_0, 0, 8;
T_0.7 ;
T_0.4 ;
T_0.1 ;
    %jmp T_0;
    .thread T_0;
# The file index is used to find the file name in the following table.
:file_names 3;
    "N/A";
    "<interactive>";
    "line_buffer.v";
