#! /c/iverilog/bin/vvp
:ivl_version "0.9.7 " "(v0_9_7)";
:vpi_time_precision + 0;
:vpi_module "system";
:vpi_module "v2005_math";
:vpi_module "va_math";
S_00A89A28 .scope module, "mac_unit" "mac_unit" 2 16;
 .timescale 0 0;
P_00A83084 .param/l "DATA_WIDTH" 2 17, +C4<01000>;
P_00A83098 .param/l "OUT_WIDTH" 2 18, +C4<010000>;
P_00A830AC .param/l "PIPELINE_REG" 2 19, +C4<01>;
L_00A836E8 .functor XOR 1, L_00A8E480, L_00A8E320, C4<0>, C4<0>;
v00A83690_0 .net *"_s1", 0 0, L_00A8E480; 1 drivers
v00A834F0_0 .net *"_s13", 7 0, C4<00000000>; 1 drivers
v00A83548_0 .net/s *"_s14", 15 0, L_00A8DF00; 1 drivers
v00A835A0_0 .net/s *"_s16", 15 0, L_00A8E530; 1 drivers
v00A835F8_0 .net *"_s3", 0 0, L_00A8E320; 1 drivers
v00A8DC70_0 .net *"_s4", 0 0, L_00A836E8; 1 drivers
v00A8DCC8_0 .net/s *"_s7", 7 0, L_00A8E0B8; 1 drivers
v00A8DD20_0 .net *"_s8", 7 0, L_00A8E4D8; 1 drivers
v00A8DD78_0 .net "clk", 0 0, C4<z>; 0 drivers
v00A8DDD0_0 .net/s "data_in", 7 0, C4<zzzzzzzz>; 0 drivers
v00A8DE28_0 .net "enable", 0 0, C4<z>; 0 drivers
v00A8E5E0_0 .var/s "product_out", 15 0;
v00A8E3D0_0 .net/s "product_wire", 15 0, L_00A8E110; 1 drivers
v00A8E428_0 .net/s "raw_product", 15 0, L_00A8DFB0; 1 drivers
v00A8E378_0 .net "rst_n", 0 0, C4<z>; 0 drivers
v00A8E008_0 .net/s "weight_in", 7 0, C4<zzzzzzzz>; 0 drivers
L_00A8E480 .part C4<zzzzzzzz>, 7, 1;
L_00A8E320 .part C4<zzzzzzzz>, 7, 1;
L_00A8E0B8 .arith/mult 8, C4<zzzzzzzz>, C4<zzzzzzzz>;
L_00A8E4D8 .concat [ 8 0 0 0], L_00A8E0B8;
L_00A8E110 .concat [ 8 8 0 0], L_00A8E4D8, C4<00000000>;
L_00A8DF00 .extend/s 16, C4<zzzzzzzz>;
L_00A8E530 .extend/s 16, C4<zzzzzzzz>;
L_00A8DFB0 .arith/mult 16, L_00A8DF00, L_00A8E530;
S_00A891A8 .scope generate, "gen_reg" "gen_reg" 2 38, 2 38, S_00A89A28;
 .timescale 0 0;
E_00A8A168 .event posedge, v00A8DD78_0;
    .scope S_00A891A8;
T_0 ;
    %wait E_00A8A168;
    %load/v 8, v00A8E378_0, 1;
    %inv 8, 1;
    %jmp/0xz  T_0.0, 8;
    %ix/load 0, 16, 0;
    %assign/v0 v00A8E5E0_0, 0, 0;
    %jmp T_0.1;
T_0.0 ;
    %load/v 8, v00A8DE28_0, 1;
    %jmp/0xz  T_0.2, 8;
    %load/v 8, v00A8E428_0, 16;
    %ix/load 1, 15, 0;
    %mov 4, 0, 1;
    %jmp/1 T_0.4, 4;
    %load/x1p 25, v00A8E428_0, 1;
    %jmp T_0.5;
T_0.4 ;
    %mov 25, 2, 1;
T_0.5 ;
    %mov 24, 25, 1; Move signal select into place
    %ix/load 0, 16, 0;
    %assign/v0 v00A8E5E0_0, 0, 8;
T_0.2 ;
T_0.1 ;
    %jmp T_0;
    .thread T_0;
# The file index is used to find the file name in the following table.
:file_names 3;
    "N/A";
    "<interactive>";
    "mac_unit.v";
