#! /c/iverilog/bin/vvp
:ivl_version "0.9.7 " "(v0_9_7)";
:vpi_time_precision + 0;
:vpi_module "system";
:vpi_module "v2005_math";
:vpi_module "va_math";
S_01174628 .scope module, "mac_array" "mac_array" 2 25;
 .timescale 0 0;
P_01165894 .param/l "DATA_WIDTH" 2 26, +C4<01000>;
P_011658A8 .param/l "MAC_UNITS" 2 28, +C4<01001>;
P_011658BC .param/l "PROD_WIDTH" 2 27, +C4<010000>;
v011B37F0_0 .net "clk", 0 0, C4<z>; 0 drivers
v011B3270_0 .net "enable", 0 0, C4<z>; 0 drivers
v011B31C0_0 .net/s "pixel_flat", 71 0, C4<zzzzzzzzzzzzzzzzzzzzzzzzzzzzzzzzzzzzzzzzzzzzzzzzzzzzzzzzzzzzzzzzzzzzzzzz>; 0 drivers
RS_0117BDDC/0/0 .resolv tri, L_011B3C10, L_011B4D98, L_011B5000, L_011B4F50;
RS_0117BDDC/0/4 .resolv tri, L_011B53C8, L_011B63D0, L_011B6E20, L_011B6530;
RS_0117BDDC/0/8 .resolv tri, L_011B6ED0, C4<zzzzzzzzzzzzzzzzzzzzzzzzzzzzzzzzzzzzzzzzzzzzzzzzzzzzzzzzzzzzzzzzzzzzzzzzzzzzzzzzzzzzzzzzzzzzzzzzzzzzzzzzzzzzzzzzzzzzzzzzzzzzzzzzzzzzzzzzzzzzzzzz>, C4<zzzzzzzzzzzzzzzzzzzzzzzzzzzzzzzzzzzzzzzzzzzzzzzzzzzzzzzzzzzzzzzzzzzzzzzzzzzzzzzzzzzzzzzzzzzzzzzzzzzzzzzzzzzzzzzzzzzzzzzzzzzzzzzzzzzzzzzzzzzzzzzz>, C4<zzzzzzzzzzzzzzzzzzzzzzzzzzzzzzzzzzzzzzzzzzzzzzzzzzzzzzzzzzzzzzzzzzzzzzzzzzzzzzzzzzzzzzzzzzzzzzzzzzzzzzzzzzzzzzzzzzzzzzzzzzzzzzzzzzzzzzzzzzzzzzzz>;
RS_0117BDDC .resolv tri, RS_0117BDDC/0/0, RS_0117BDDC/0/4, RS_0117BDDC/0/8, C4<zzzzzzzzzzzzzzzzzzzzzzzzzzzzzzzzzzzzzzzzzzzzzzzzzzzzzzzzzzzzzzzzzzzzzzzzzzzzzzzzzzzzzzzzzzzzzzzzzzzzzzzzzzzzzzzzzzzzzzzzzzzzzzzzzzzzzzzzzzzzzzzz>;
v011B3218_0 .net8/s "products", 143 0, RS_0117BDDC; 9 drivers
v011B32C8_0 .net "rst_n", 0 0, C4<z>; 0 drivers
v011B3848_0 .var "valid_out", 0 0;
v011B38F8_0 .net/s "weight_flat", 71 0, C4<zzzzzzzzzzzzzzzzzzzzzzzzzzzzzzzzzzzzzzzzzzzzzzzzzzzzzzzzzzzzzzzzzzzzzzzz>; 0 drivers
L_011B3DC8 .part C4<zzzzzzzzzzzzzzzzzzzzzzzzzzzzzzzzzzzzzzzzzzzzzzzzzzzzzzzzzzzzzzzzzzzzzzzz>, 0, 8;
L_011B3AB0 .part C4<zzzzzzzzzzzzzzzzzzzzzzzzzzzzzzzzzzzzzzzzzzzzzzzzzzzzzzzzzzzzzzzzzzzzzzzz>, 0, 8;
L_011B3C10 .part/pv v011B3798_0, 0, 16, 144;
L_011B4C90 .part C4<zzzzzzzzzzzzzzzzzzzzzzzzzzzzzzzzzzzzzzzzzzzzzzzzzzzzzzzzzzzzzzzzzzzzzzzz>, 8, 8;
L_011B5058 .part C4<zzzzzzzzzzzzzzzzzzzzzzzzzzzzzzzzzzzzzzzzzzzzzzzzzzzzzzzzzzzzzzzzzzzzzzzz>, 8, 8;
L_011B4D98 .part/pv v011B3690_0, 16, 16, 144;
L_011B5210 .part C4<zzzzzzzzzzzzzzzzzzzzzzzzzzzzzzzzzzzzzzzzzzzzzzzzzzzzzzzzzzzzzzzzzzzzzzzz>, 16, 8;
L_011B5108 .part C4<zzzzzzzzzzzzzzzzzzzzzzzzzzzzzzzzzzzzzzzzzzzzzzzzzzzzzzzzzzzzzzzzzzzzzzzz>, 16, 8;
L_011B5000 .part/pv v011ADDE0_0, 32, 16, 144;
L_011B4EF8 .part C4<zzzzzzzzzzzzzzzzzzzzzzzzzzzzzzzzzzzzzzzzzzzzzzzzzzzzzzzzzzzzzzzzzzzzzzzz>, 24, 8;
L_011B4A28 .part C4<zzzzzzzzzzzzzzzzzzzzzzzzzzzzzzzzzzzzzzzzzzzzzzzzzzzzzzzzzzzzzzzzzzzzzzzz>, 24, 8;
L_011B4F50 .part/pv v011ADD30_0, 48, 16, 144;
L_011B56E0 .part C4<zzzzzzzzzzzzzzzzzzzzzzzzzzzzzzzzzzzzzzzzzzzzzzzzzzzzzzzzzzzzzzzzzzzzzzzz>, 32, 8;
L_011B5478 .part C4<zzzzzzzzzzzzzzzzzzzzzzzzzzzzzzzzzzzzzzzzzzzzzzzzzzzzzzzzzzzzzzzzzzzzzzzz>, 32, 8;
L_011B53C8 .part/pv v011AD0F0_0, 64, 16, 144;
L_011B5420 .part C4<zzzzzzzzzzzzzzzzzzzzzzzzzzzzzzzzzzzzzzzzzzzzzzzzzzzzzzzzzzzzzzzzzzzzzzzz>, 40, 8;
L_011B6690 .part C4<zzzzzzzzzzzzzzzzzzzzzzzzzzzzzzzzzzzzzzzzzzzzzzzzzzzzzzzzzzzzzzzzzzzzzzzz>, 40, 8;
L_011B63D0 .part/pv v011AC648_0, 80, 16, 144;
L_011B67F0 .part C4<zzzzzzzzzzzzzzzzzzzzzzzzzzzzzzzzzzzzzzzzzzzzzzzzzzzzzzzzzzzzzzzzzzzzzzzz>, 48, 8;
L_011B6848 .part C4<zzzzzzzzzzzzzzzzzzzzzzzzzzzzzzzzzzzzzzzzzzzzzzzzzzzzzzzzzzzzzzzzzzzzzzzz>, 48, 8;
L_011B6E20 .part/pv v011AC8B0_0, 96, 16, 144;
L_011B6A00 .part C4<zzzzzzzzzzzzzzzzzzzzzzzzzzzzzzzzzzzzzzzzzzzzzzzzzzzzzzzzzzzzzzzzzzzzzzzz>, 56, 8;
L_011B6B08 .part C4<zzzzzzzzzzzzzzzzzzzzzzzzzzzzzzzzzzzzzzzzzzzzzzzzzzzzzzzzzzzzzzzzzzzzzzzz>, 56, 8;
L_011B6530 .part/pv v01178080_0, 112, 16, 144;
L_011B71E8 .part C4<zzzzzzzzzzzzzzzzzzzzzzzzzzzzzzzzzzzzzzzzzzzzzzzzzzzzzzzzzzzzzzzzzzzzzzzz>, 64, 8;
L_011B70E0 .part C4<zzzzzzzzzzzzzzzzzzzzzzzzzzzzzzzzzzzzzzzzzzzzzzzzzzzzzzzzzzzzzzzzzzzzzzzz>, 64, 8;
L_011B6ED0 .part/pv v01177BB0_0, 128, 16, 144;
S_01176250 .scope generate, "gen_mac[0]" "gen_mac[0]" 2 52, 2 52, S_01174628;
 .timescale 0 0;
P_01179964 .param/l "gi" 2 52, +C4<00>;
S_01175B68 .scope module, "u_mac" "mac_unit" 2 57, 3 16, S_01176250;
 .timescale 0 0;
P_011ABCD4 .param/l "DATA_WIDTH" 3 17, +C4<01000>;
P_011ABCE8 .param/l "OUT_WIDTH" 3 18, +C4<010000>;
P_011ABCFC .param/l "PIPELINE_REG" 3 19, +C4<01>;
L_0117B220 .functor XOR 1, L_011B3428, L_011B3480, C4<0>, C4<0>;
v011B38A0_0 .net *"_s1", 0 0, L_011B3428; 1 drivers
v011B3110_0 .net *"_s13", 7 0, C4<00000000>; 1 drivers
v011B35E0_0 .net/s *"_s14", 15 0, L_011B3CC0; 1 drivers
v011B3638_0 .net/s *"_s16", 15 0, L_011B3D18; 1 drivers
v011B2F58_0 .net *"_s3", 0 0, L_011B3480; 1 drivers
v011B3060_0 .net *"_s4", 0 0, L_0117B220; 1 drivers
v011B39A8_0 .net/s *"_s7", 7 0, L_011B3320; 1 drivers
v011B30B8_0 .net *"_s8", 7 0, L_011B34D8; 1 drivers
v011B3168_0 .alias "clk", 0 0, v011B37F0_0;
v011B3008_0 .net/s "data_in", 7 0, L_011B3DC8; 1 drivers
v011B3740_0 .alias "enable", 0 0, v011B3270_0;
v011B3798_0 .var/s "product_out", 15 0;
v011B3378_0 .net/s "product_wire", 15 0, L_011B3A58; 1 drivers
v011B36E8_0 .net/s "raw_product", 15 0, L_011B3D70; 1 drivers
v011B2FB0_0 .alias "rst_n", 0 0, v011B32C8_0;
v011B33D0_0 .net/s "weight_in", 7 0, L_011B3AB0; 1 drivers
L_011B3428 .part L_011B3DC8, 7, 1;
L_011B3480 .part L_011B3AB0, 7, 1;
L_011B3320 .arith/mult 8, L_011B3DC8, L_011B3AB0;
L_011B34D8 .concat [ 8 0 0 0], L_011B3320;
L_011B3A58 .concat [ 8 8 0 0], L_011B34D8, C4<00000000>;
L_011B3CC0 .extend/s 16, L_011B3DC8;
L_011B3D18 .extend/s 16, L_011B3AB0;
L_011B3D70 .arith/mult 16, L_011B3CC0, L_011B3D18;
S_011757B0 .scope generate, "gen_reg" "gen_reg" 3 38, 3 38, S_01175B68;
 .timescale 0 0;
S_01174738 .scope generate, "gen_mac[1]" "gen_mac[1]" 2 52, 2 52, S_01174628;
 .timescale 0 0;
P_01179904 .param/l "gi" 2 52, +C4<01>;
S_01175728 .scope module, "u_mac" "mac_unit" 2 57, 3 16, S_01174738;
 .timescale 0 0;
P_011AC1E4 .param/l "DATA_WIDTH" 3 17, +C4<01000>;
P_011AC1F8 .param/l "OUT_WIDTH" 3 18, +C4<010000>;
P_011AC20C .param/l "PIPELINE_REG" 3 19, +C4<01>;
L_0117AFF0 .functor XOR 1, L_011B3E20, L_011B3E78, C4<0>, C4<0>;
v011AE1A8_0 .net *"_s1", 0 0, L_011B3E20; 1 drivers
v011ADE38_0 .net *"_s13", 7 0, C4<00000000>; 1 drivers
v011ADF98_0 .net/s *"_s14", 15 0, L_011B3BB8; 1 drivers
v011ADFF0_0 .net/s *"_s16", 15 0, L_011B3C68; 1 drivers
v011ADF40_0 .net *"_s3", 0 0, L_011B3E78; 1 drivers
v011AE2B0_0 .net *"_s4", 0 0, L_0117AFF0; 1 drivers
v011AE048_0 .net/s *"_s7", 7 0, L_011B3ED0; 1 drivers
v011AE0A0_0 .net *"_s8", 7 0, L_011B3B08; 1 drivers
v011AE0F8_0 .alias "clk", 0 0, v011B37F0_0;
v011AE200_0 .net/s "data_in", 7 0, L_011B4C90; 1 drivers
v011AE258_0 .alias "enable", 0 0, v011B3270_0;
v011B3690_0 .var/s "product_out", 15 0;
v011B3588_0 .net/s "product_wire", 15 0, L_011B3B60; 1 drivers
v011B3530_0 .net/s "raw_product", 15 0, L_011B4BE0; 1 drivers
v011B3950_0 .alias "rst_n", 0 0, v011B32C8_0;
v011B3A00_0 .net/s "weight_in", 7 0, L_011B5058; 1 drivers
L_011B3E20 .part L_011B4C90, 7, 1;
L_011B3E78 .part L_011B5058, 7, 1;
L_011B3ED0 .arith/mult 8, L_011B4C90, L_011B5058;
L_011B3B08 .concat [ 8 0 0 0], L_011B3ED0;
L_011B3B60 .concat [ 8 8 0 0], L_011B3B08, C4<00000000>;
L_011B3BB8 .extend/s 16, L_011B4C90;
L_011B3C68 .extend/s 16, L_011B5058;
L_011B4BE0 .arith/mult 16, L_011B3BB8, L_011B3C68;
S_01175C78 .scope generate, "gen_reg" "gen_reg" 3 38, 3 38, S_01175728;
 .timescale 0 0;
S_01174EA8 .scope generate, "gen_mac[2]" "gen_mac[2]" 2 52, 2 52, S_01174628;
 .timescale 0 0;
P_01179944 .param/l "gi" 2 52, +C4<010>;
S_011750C8 .scope module, "u_mac" "mac_unit" 2 57, 3 16, S_01174EA8;
 .timescale 0 0;
P_011ABECC .param/l "DATA_WIDTH" 3 17, +C4<01000>;
P_011ABEE0 .param/l "OUT_WIDTH" 3 18, +C4<010000>;
P_011ABEF4 .param/l "PIPELINE_REG" 3 19, +C4<01>;
L_011B5D58 .functor XOR 1, L_011B50B0, L_011B47C0, C4<0>, C4<0>;
v011AD808_0 .net *"_s1", 0 0, L_011B50B0; 1 drivers
v011AD7B0_0 .net *"_s13", 7 0, C4<00000000>; 1 drivers
v011AD6A8_0 .net/s *"_s14", 15 0, L_011B49D0; 1 drivers
v011AD910_0 .net/s *"_s16", 15 0, L_011B4FA8; 1 drivers
v011ADB20_0 .net *"_s3", 0 0, L_011B47C0; 1 drivers
v011AD548_0 .net *"_s4", 0 0, L_011B5D58; 1 drivers
v011AD968_0 .net/s *"_s7", 7 0, L_011B4978; 1 drivers
v011AD4F0_0 .net *"_s8", 7 0, L_011B4D40; 1 drivers
v011ADA70_0 .alias "clk", 0 0, v011B37F0_0;
v011ADCD8_0 .net/s "data_in", 7 0, L_011B5210; 1 drivers
v011AD9C0_0 .alias "enable", 0 0, v011B3270_0;
v011ADDE0_0 .var/s "product_out", 15 0;
v011ADB78_0 .net/s "product_wire", 15 0, L_011B4920; 1 drivers
v011AE150_0 .net/s "raw_product", 15 0, L_011B51B8; 1 drivers
v011ADEE8_0 .alias "rst_n", 0 0, v011B32C8_0;
v011ADE90_0 .net/s "weight_in", 7 0, L_011B5108; 1 drivers
L_011B50B0 .part L_011B5210, 7, 1;
L_011B47C0 .part L_011B5108, 7, 1;
L_011B4978 .arith/mult 8, L_011B5210, L_011B5108;
L_011B4D40 .concat [ 8 0 0 0], L_011B4978;
L_011B4920 .concat [ 8 8 0 0], L_011B4D40, C4<00000000>;
L_011B49D0 .extend/s 16, L_011B5210;
L_011B4FA8 .extend/s 16, L_011B5108;
L_011B51B8 .arith/mult 16, L_011B49D0, L_011B4FA8;
S_011751D8 .scope generate, "gen_reg" "gen_reg" 3 38, 3 38, S_011750C8;
 .timescale 0 0;
S_01175260 .scope generate, "gen_mac[3]" "gen_mac[3]" 2 52, 2 52, S_01174628;
 .timescale 0 0;
P_011798C4 .param/l "gi" 2 52, +C4<011>;
S_011746B0 .scope module, "u_mac" "mac_unit" 2 57, 3 16, S_01175260;
 .timescale 0 0;
P_011ABF5C .param/l "DATA_WIDTH" 3 17, +C4<01000>;
P_011ABF70 .param/l "OUT_WIDTH" 3 18, +C4<010000>;
P_011ABF84 .param/l "PIPELINE_REG" 3 19, +C4<01>;
L_011B5888 .functor XOR 1, L_011B4DF0, L_011B4E48, C4<0>, C4<0>;
v011AD3E8_0 .net *"_s1", 0 0, L_011B4DF0; 1 drivers
v011AD5A0_0 .net *"_s13", 7 0, C4<00000000>; 1 drivers
v011AD700_0 .net/s *"_s14", 15 0, L_011B4CE8; 1 drivers
v011AD440_0 .net/s *"_s16", 15 0, L_011B4818; 1 drivers
v011AD5F8_0 .net *"_s3", 0 0, L_011B4E48; 1 drivers
v011AD758_0 .net *"_s4", 0 0, L_011B5888; 1 drivers
v011AD338_0 .net/s *"_s7", 7 0, L_011B4C38; 1 drivers
v011ADBD0_0 .net *"_s8", 7 0, L_011B5160; 1 drivers
v011AD498_0 .alias "clk", 0 0, v011B37F0_0;
v011AD860_0 .net/s "data_in", 7 0, L_011B4EF8; 1 drivers
v011ADC80_0 .alias "enable", 0 0, v011B3270_0;
v011ADD30_0 .var/s "product_out", 15 0;
v011ADD88_0 .net/s "product_wire", 15 0, L_011B4768; 1 drivers
v011AD650_0 .net/s "raw_product", 15 0, L_011B4EA0; 1 drivers
v011ADAC8_0 .alias "rst_n", 0 0, v011B32C8_0;
v011AD8B8_0 .net/s "weight_in", 7 0, L_011B4A28; 1 drivers
L_011B4DF0 .part L_011B4EF8, 7, 1;
L_011B4E48 .part L_011B4A28, 7, 1;
L_011B4C38 .arith/mult 8, L_011B4EF8, L_011B4A28;
L_011B5160 .concat [ 8 0 0 0], L_011B4C38;
L_011B4768 .concat [ 8 8 0 0], L_011B5160, C4<00000000>;
L_011B4CE8 .extend/s 16, L_011B4EF8;
L_011B4818 .extend/s 16, L_011B4A28;
L_011B4EA0 .arith/mult 16, L_011B4CE8, L_011B4818;
S_01174E20 .scope generate, "gen_reg" "gen_reg" 3 38, 3 38, S_011746B0;
 .timescale 0 0;
S_01174D98 .scope generate, "gen_mac[4]" "gen_mac[4]" 2 52, 2 52, S_01174628;
 .timescale 0 0;
P_01179724 .param/l "gi" 2 52, +C4<0100>;
S_01174958 .scope module, "u_mac" "mac_unit" 2 57, 3 16, S_01174D98;
 .timescale 0 0;
P_011ABFEC .param/l "DATA_WIDTH" 3 17, +C4<01000>;
P_011AC000 .param/l "OUT_WIDTH" 3 18, +C4<010000>;
P_011AC014 .param/l "PIPELINE_REG" 3 19, +C4<01>;
L_011B5C78 .functor XOR 1, L_011B4870, L_011B48C8, C4<0>, C4<0>;
v011AD1F8_0 .net *"_s1", 0 0, L_011B4870; 1 drivers
v011AD250_0 .net *"_s13", 7 0, C4<00000000>; 1 drivers
v011AD148_0 .net/s *"_s14", 15 0, L_011B4B88; 1 drivers
v011ACFE8_0 .net/s *"_s16", 15 0, L_011B5318; 1 drivers
v011ACF90_0 .net *"_s3", 0 0, L_011B48C8; 1 drivers
v011ACE30_0 .net *"_s4", 0 0, L_011B5C78; 1 drivers
v011AD2A8_0 .net/s *"_s7", 7 0, L_011B4A80; 1 drivers
v011ACE88_0 .net *"_s8", 7 0, L_011B4AD8; 1 drivers
v011ACF38_0 .alias "clk", 0 0, v011B37F0_0;
v011AD040_0 .net/s "data_in", 7 0, L_011B56E0; 1 drivers
v011AD098_0 .alias "enable", 0 0, v011B3270_0;
v011AD0F0_0 .var/s "product_out", 15 0;
v011AD1A0_0 .net/s "product_wire", 15 0, L_011B4B30; 1 drivers
v011ADC28_0 .net/s "raw_product", 15 0, L_011B54D0; 1 drivers
v011ADA18_0 .alias "rst_n", 0 0, v011B32C8_0;
v011AD390_0 .net/s "weight_in", 7 0, L_011B5478; 1 drivers
L_011B4870 .part L_011B56E0, 7, 1;
L_011B48C8 .part L_011B5478, 7, 1;
L_011B4A80 .arith/mult 8, L_011B56E0, L_011B5478;
L_011B4AD8 .concat [ 8 0 0 0], L_011B4A80;
L_011B4B30 .concat [ 8 8 0 0], L_011B4AD8, C4<00000000>;
L_011B4B88 .extend/s 16, L_011B56E0;
L_011B5318 .extend/s 16, L_011B5478;
L_011B54D0 .arith/mult 16, L_011B4B88, L_011B5318;
S_01174C00 .scope generate, "gen_reg" "gen_reg" 3 38, 3 38, S_01174958;
 .timescale 0 0;
S_01174D10 .scope generate, "gen_mac[5]" "gen_mac[5]" 2 52, 2 52, S_01174628;
 .timescale 0 0;
P_01179884 .param/l "gi" 2 52, +C4<0101>;
S_011748D0 .scope module, "u_mac" "mac_unit" 2 57, 3 16, S_01174D10;
 .timescale 0 0;
P_011ABE84 .param/l "DATA_WIDTH" 3 17, +C4<01000>;
P_011ABE98 .param/l "OUT_WIDTH" 3 18, +C4<010000>;
P_011ABEAC .param/l "PIPELINE_REG" 3 19, +C4<01>;
L_011B5BD0 .functor XOR 1, L_011B5630, L_011B52C0, C4<0>, C4<0>;
v011ACCD0_0 .net *"_s1", 0 0, L_011B5630; 1 drivers
v011AC3E0_0 .net *"_s13", 7 0, C4<00000000>; 1 drivers
v011AC7A8_0 .net/s *"_s14", 15 0, L_011B55D8; 1 drivers
v011ACC20_0 .net/s *"_s16", 15 0, L_011B5268; 1 drivers
v011ACA10_0 .net *"_s3", 0 0, L_011B52C0; 1 drivers
v011ACBC8_0 .net *"_s4", 0 0, L_011B5BD0; 1 drivers
v011AC540_0 .net/s *"_s7", 7 0, L_011B5370; 1 drivers
v011AC490_0 .net *"_s8", 7 0, L_011B5580; 1 drivers
v011ACC78_0 .alias "clk", 0 0, v011B37F0_0;
v011ACDD8_0 .net/s "data_in", 7 0, L_011B5420; 1 drivers
v011AC330_0 .alias "enable", 0 0, v011B3270_0;
v011AC648_0 .var/s "product_out", 15 0;
v011AC4E8_0 .net/s "product_wire", 15 0, L_011B5528; 1 drivers
v011AC6A0_0 .net/s "raw_product", 15 0, L_011B5688; 1 drivers
v011AC750_0 .alias "rst_n", 0 0, v011B32C8_0;
v011ACEE0_0 .net/s "weight_in", 7 0, L_011B6690; 1 drivers
L_011B5630 .part L_011B5420, 7, 1;
L_011B52C0 .part L_011B6690, 7, 1;
L_011B5370 .arith/mult 8, L_011B5420, L_011B6690;
L_011B5580 .concat [ 8 0 0 0], L_011B5370;
L_011B5528 .concat [ 8 8 0 0], L_011B5580, C4<00000000>;
L_011B55D8 .extend/s 16, L_011B5420;
L_011B5268 .extend/s 16, L_011B6690;
L_011B5688 .arith/mult 16, L_011B55D8, L_011B5268;
S_011745A0 .scope generate, "gen_reg" "gen_reg" 3 38, 3 38, S_011748D0;
 .timescale 0 0;
S_011747C0 .scope generate, "gen_mac[6]" "gen_mac[6]" 2 52, 2 52, S_01174628;
 .timescale 0 0;
P_01179764 .param/l "gi" 2 52, +C4<0110>;
S_01174B78 .scope module, "u_mac" "mac_unit" 2 57, 3 16, S_011747C0;
 .timescale 0 0;
P_011AC10C .param/l "DATA_WIDTH" 3 17, +C4<01000>;
P_011AC120 .param/l "OUT_WIDTH" 3 18, +C4<010000>;
P_011AC134 .param/l "PIPELINE_REG" 3 19, +C4<01>;
L_011B57E0 .functor XOR 1, L_011B6798, L_011B6C10, C4<0>, C4<0>;
v011AC800_0 .net *"_s1", 0 0, L_011B6798; 1 drivers
v011AC960_0 .net *"_s13", 7 0, C4<00000000>; 1 drivers
v011AC908_0 .net/s *"_s14", 15 0, L_011B6D18; 1 drivers
v011AC6F8_0 .net/s *"_s16", 15 0, L_011B6480; 1 drivers
v011ACD28_0 .net *"_s3", 0 0, L_011B6C10; 1 drivers
v011ACD80_0 .net *"_s4", 0 0, L_011B57E0; 1 drivers
v011AC598_0 .net/s *"_s7", 7 0, L_011B66E8; 1 drivers
v011ACAC0_0 .net *"_s8", 7 0, L_011B6428; 1 drivers
v011ACB18_0 .alias "clk", 0 0, v011B37F0_0;
v011ACA68_0 .net/s "data_in", 7 0, L_011B67F0; 1 drivers
v011AC9B8_0 .alias "enable", 0 0, v011B3270_0;
v011AC8B0_0 .var/s "product_out", 15 0;
v011AC5F0_0 .net/s "product_wire", 15 0, L_011B6950; 1 drivers
v011AC858_0 .net/s "raw_product", 15 0, L_011B6C68; 1 drivers
v011ACB70_0 .alias "rst_n", 0 0, v011B32C8_0;
v011AC438_0 .net/s "weight_in", 7 0, L_011B6848; 1 drivers
L_011B6798 .part L_011B67F0, 7, 1;
L_011B6C10 .part L_011B6848, 7, 1;
L_011B66E8 .arith/mult 8, L_011B67F0, L_011B6848;
L_011B6428 .concat [ 8 0 0 0], L_011B66E8;
L_011B6950 .concat [ 8 8 0 0], L_011B6428, C4<00000000>;
L_011B6D18 .extend/s 16, L_011B67F0;
L_011B6480 .extend/s 16, L_011B6848;
L_011B6C68 .arith/mult 16, L_011B6D18, L_011B6480;
S_01174490 .scope generate, "gen_reg" "gen_reg" 3 38, 3 38, S_01174B78;
 .timescale 0 0;
S_01174F30 .scope generate, "gen_mac[7]" "gen_mac[7]" 2 52, 2 52, S_01174628;
 .timescale 0 0;
P_011799E4 .param/l "gi" 2 52, +C4<0111>;
S_011753F8 .scope module, "u_mac" "mac_unit" 2 57, 3 16, S_01174F30;
 .timescale 0 0;
P_011ABE3C .param/l "DATA_WIDTH" 3 17, +C4<01000>;
P_011ABE50 .param/l "OUT_WIDTH" 3 18, +C4<010000>;
P_011ABE64 .param/l "PIPELINE_REG" 3 19, +C4<01>;
L_011B7578 .functor XOR 1, L_011B6588, L_011B6AB0, C4<0>, C4<0>;
v011778F0_0 .net *"_s1", 0 0, L_011B6588; 1 drivers
v011780D8_0 .net *"_s13", 7 0, C4<00000000>; 1 drivers
v011781E0_0 .net/s *"_s14", 15 0, L_011B6A58; 1 drivers
v01177F20_0 .net/s *"_s16", 15 0, L_011B64D8; 1 drivers
v01178290_0 .net *"_s3", 0 0, L_011B6AB0; 1 drivers
v01177F78_0 .net *"_s4", 0 0, L_011B7578; 1 drivers
v01178130_0 .net/s *"_s7", 7 0, L_011B69A8; 1 drivers
v011782E8_0 .net *"_s8", 7 0, L_011B68A0; 1 drivers
v01177FD0_0 .alias "clk", 0 0, v011B37F0_0;
v01178340_0 .net/s "data_in", 7 0, L_011B6A00; 1 drivers
v01178398_0 .alias "enable", 0 0, v011B3270_0;
v01178080_0 .var/s "product_out", 15 0;
v01178028_0 .net/s "product_wire", 15 0, L_011B6CC0; 1 drivers
v01178188_0 .net/s "raw_product", 15 0, L_011B68F8; 1 drivers
v01178238_0 .alias "rst_n", 0 0, v011B32C8_0;
v011AC388_0 .net/s "weight_in", 7 0, L_011B6B08; 1 drivers
L_011B6588 .part L_011B6A00, 7, 1;
L_011B6AB0 .part L_011B6B08, 7, 1;
L_011B69A8 .arith/mult 8, L_011B6A00, L_011B6B08;
L_011B68A0 .concat [ 8 0 0 0], L_011B69A8;
L_011B6CC0 .concat [ 8 8 0 0], L_011B68A0, C4<00000000>;
L_011B6A58 .extend/s 16, L_011B6A00;
L_011B64D8 .extend/s 16, L_011B6B08;
L_011B68F8 .arith/mult 16, L_011B6A58, L_011B64D8;
S_01174408 .scope generate, "gen_reg" "gen_reg" 3 38, 3 38, S_011753F8;
 .timescale 0 0;
S_01174A68 .scope generate, "gen_mac[8]" "gen_mac[8]" 2 52, 2 52, S_01174628;
 .timescale 0 0;
P_01179824 .param/l "gi" 2 52, +C4<01000>;
S_01174AF0 .scope module, "u_mac" "mac_unit" 2 57, 3 16, S_01174A68;
 .timescale 0 0;
P_0116D1DC .param/l "DATA_WIDTH" 3 17, +C4<01000>;
P_0116D1F0 .param/l "OUT_WIDTH" 3 18, +C4<010000>;
P_0116D204 .param/l "PIPELINE_REG" 3 19, +C4<01>;
L_011B7888 .functor XOR 1, L_011B6740, L_011B6DC8, C4<0>, C4<0>;
v01177528_0 .net *"_s1", 0 0, L_011B6740; 1 drivers
v01177EC8_0 .net *"_s13", 7 0, C4<00000000>; 1 drivers
v01177948_0 .net/s *"_s14", 15 0, L_011B65E0; 1 drivers
v01177420_0 .net/s *"_s16", 15 0, L_011B6638; 1 drivers
v01177A50_0 .net *"_s3", 0 0, L_011B6DC8; 1 drivers
v01177898_0 .net *"_s4", 0 0, L_011B7888; 1 drivers
v01177630_0 .net/s *"_s7", 7 0, L_011B6B60; 1 drivers
v01177688_0 .net *"_s8", 7 0, L_011B6BB8; 1 drivers
v01177580_0 .alias "clk", 0 0, v011B37F0_0;
v01177C60_0 .net/s "data_in", 7 0, L_011B71E8; 1 drivers
v01177738_0 .alias "enable", 0 0, v011B3270_0;
v01177BB0_0 .var/s "product_out", 15 0;
v011776E0_0 .net/s "product_wire", 15 0, L_011B6D70; 1 drivers
v01177CB8_0 .net/s "raw_product", 15 0, L_011B6378; 1 drivers
v01177D68_0 .alias "rst_n", 0 0, v011B32C8_0;
v01177478_0 .net/s "weight_in", 7 0, L_011B70E0; 1 drivers
L_011B6740 .part L_011B71E8, 7, 1;
L_011B6DC8 .part L_011B70E0, 7, 1;
L_011B6B60 .arith/mult 8, L_011B71E8, L_011B70E0;
L_011B6BB8 .concat [ 8 0 0 0], L_011B6B60;
L_011B6D70 .concat [ 8 8 0 0], L_011B6BB8, C4<00000000>;
L_011B65E0 .extend/s 16, L_011B71E8;
L_011B6638 .extend/s 16, L_011B70E0;
L_011B6378 .arith/mult 16, L_011B65E0, L_011B6638;
S_01174FB8 .scope generate, "gen_reg" "gen_reg" 3 38, 3 38, S_01174AF0;
 .timescale 0 0;
E_011798E0 .event posedge, v01177580_0;
    .scope S_011757B0;
T_0 ;
    %wait E_011798E0;
    %load/v 8, v011B2FB0_0, 1;
    %inv 8, 1;
    %jmp/0xz  T_0.0, 8;
    %ix/load 0, 16, 0;
    %assign/v0 v011B3798_0, 0, 0;
    %jmp T_0.1;
T_0.0 ;
    %load/v 8, v011B3740_0, 1;
    %jmp/0xz  T_0.2, 8;
    %load/v 8, v011B36E8_0, 16;
    %ix/load 1, 15, 0;
    %mov 4, 0, 1;
    %jmp/1 T_0.4, 4;
    %load/x1p 25, v011B36E8_0, 1;
    %jmp T_0.5;
T_0.4 ;
    %mov 25, 2, 1;
T_0.5 ;
    %mov 24, 25, 1; Move signal select into place
    %ix/load 0, 16, 0;
    %assign/v0 v011B3798_0, 0, 8;
T_0.2 ;
T_0.1 ;
    %jmp T_0;
    .thread T_0;
    .scope S_01175C78;
T_1 ;
    %wait E_011798E0;
    %load/v 8, v011B3950_0, 1;
    %inv 8, 1;
    %jmp/0xz  T_1.0, 8;
    %ix/load 0, 16, 0;
    %assign/v0 v011B3690_0, 0, 0;
    %jmp T_1.1;
T_1.0 ;
    %load/v 8, v011AE258_0, 1;
    %jmp/0xz  T_1.2, 8;
    %load/v 8, v011B3530_0, 16;
    %ix/load 1, 15, 0;
    %mov 4, 0, 1;
    %jmp/1 T_1.4, 4;
    %load/x1p 25, v011B3530_0, 1;
    %jmp T_1.5;
T_1.4 ;
    %mov 25, 2, 1;
T_1.5 ;
    %mov 24, 25, 1; Move signal select into place
    %ix/load 0, 16, 0;
    %assign/v0 v011B3690_0, 0, 8;
T_1.2 ;
T_1.1 ;
    %jmp T_1;
    .thread T_1;
    .scope S_011751D8;
T_2 ;
    %wait E_011798E0;
    %load/v 8, v011ADEE8_0, 1;
    %inv 8, 1;
    %jmp/0xz  T_2.0, 8;
    %ix/load 0, 16, 0;
    %assign/v0 v011ADDE0_0, 0, 0;
    %jmp T_2.1;
T_2.0 ;
    %load/v 8, v011AD9C0_0, 1;
    %jmp/0xz  T_2.2, 8;
    %load/v 8, v011AE150_0, 16;
    %ix/load 1, 15, 0;
    %mov 4, 0, 1;
    %jmp/1 T_2.4, 4;
    %load/x1p 25, v011AE150_0, 1;
    %jmp T_2.5;
T_2.4 ;
    %mov 25, 2, 1;
T_2.5 ;
    %mov 24, 25, 1; Move signal select into place
    %ix/load 0, 16, 0;
    %assign/v0 v011ADDE0_0, 0, 8;
T_2.2 ;
T_2.1 ;
    %jmp T_2;
    .thread T_2;
    .scope S_01174E20;
T_3 ;
    %wait E_011798E0;
    %load/v 8, v011ADAC8_0, 1;
    %inv 8, 1;
    %jmp/0xz  T_3.0, 8;
    %ix/load 0, 16, 0;
    %assign/v0 v011ADD30_0, 0, 0;
    %jmp T_3.1;
T_3.0 ;
    %load/v 8, v011ADC80_0, 1;
    %jmp/0xz  T_3.2, 8;
    %load/v 8, v011AD650_0, 16;
    %ix/load 1, 15, 0;
    %mov 4, 0, 1;
    %jmp/1 T_3.4, 4;
    %load/x1p 25, v011AD650_0, 1;
    %jmp T_3.5;
T_3.4 ;
    %mov 25, 2, 1;
T_3.5 ;
    %mov 24, 25, 1; Move signal select into place
    %ix/load 0, 16, 0;
    %assign/v0 v011ADD30_0, 0, 8;
T_3.2 ;
T_3.1 ;
    %jmp T_3;
    .thread T_3;
    .scope S_01174C00;
T_4 ;
    %wait E_011798E0;
    %load/v 8, v011ADA18_0, 1;
    %inv 8, 1;
    %jmp/0xz  T_4.0, 8;
    %ix/load 0, 16, 0;
    %assign/v0 v011AD0F0_0, 0, 0;
    %jmp T_4.1;
T_4.0 ;
    %load/v 8, v011AD098_0, 1;
    %jmp/0xz  T_4.2, 8;
    %load/v 8, v011ADC28_0, 16;
    %ix/load 1, 15, 0;
    %mov 4, 0, 1;
    %jmp/1 T_4.4, 4;
    %load/x1p 25, v011ADC28_0, 1;
    %jmp T_4.5;
T_4.4 ;
    %mov 25, 2, 1;
T_4.5 ;
    %mov 24, 25, 1; Move signal select into place
    %ix/load 0, 16, 0;
    %assign/v0 v011AD0F0_0, 0, 8;
T_4.2 ;
T_4.1 ;
    %jmp T_4;
    .thread T_4;
    .scope S_011745A0;
T_5 ;
    %wait E_011798E0;
    %load/v 8, v011AC750_0, 1;
    %inv 8, 1;
    %jmp/0xz  T_5.0, 8;
    %ix/load 0, 16, 0;
    %assign/v0 v011AC648_0, 0, 0;
    %jmp T_5.1;
T_5.0 ;
    %load/v 8, v011AC330_0, 1;
    %jmp/0xz  T_5.2, 8;
    %load/v 8, v011AC6A0_0, 16;
    %ix/load 1, 15, 0;
    %mov 4, 0, 1;
    %jmp/1 T_5.4, 4;
    %load/x1p 25, v011AC6A0_0, 1;
    %jmp T_5.5;
T_5.4 ;
    %mov 25, 2, 1;
T_5.5 ;
    %mov 24, 25, 1; Move signal select into place
    %ix/load 0, 16, 0;
    %assign/v0 v011AC648_0, 0, 8;
T_5.2 ;
T_5.1 ;
    %jmp T_5;
    .thread T_5;
    .scope S_01174490;
T_6 ;
    %wait E_011798E0;
    %load/v 8, v011ACB70_0, 1;
    %inv 8, 1;
    %jmp/0xz  T_6.0, 8;
    %ix/load 0, 16, 0;
    %assign/v0 v011AC8B0_0, 0, 0;
    %jmp T_6.1;
T_6.0 ;
    %load/v 8, v011AC9B8_0, 1;
    %jmp/0xz  T_6.2, 8;
    %load/v 8, v011AC858_0, 16;
    %ix/load 1, 15, 0;
    %mov 4, 0, 1;
    %jmp/1 T_6.4, 4;
    %load/x1p 25, v011AC858_0, 1;
    %jmp T_6.5;
T_6.4 ;
    %mov 25, 2, 1;
T_6.5 ;
    %mov 24, 25, 1; Move signal select into place
    %ix/load 0, 16, 0;
    %assign/v0 v011AC8B0_0, 0, 8;
T_6.2 ;
T_6.1 ;
    %jmp T_6;
    .thread T_6;
    .scope S_01174408;
T_7 ;
    %wait E_011798E0;
    %load/v 8, v01178238_0, 1;
    %inv 8, 1;
    %jmp/0xz  T_7.0, 8;
    %ix/load 0, 16, 0;
    %assign/v0 v01178080_0, 0, 0;
    %jmp T_7.1;
T_7.0 ;
    %load/v 8, v01178398_0, 1;
    %jmp/0xz  T_7.2, 8;
    %load/v 8, v01178188_0, 16;
    %ix/load 1, 15, 0;
    %mov 4, 0, 1;
    %jmp/1 T_7.4, 4;
    %load/x1p 25, v01178188_0, 1;
    %jmp T_7.5;
T_7.4 ;
    %mov 25, 2, 1;
T_7.5 ;
    %mov 24, 25, 1; Move signal select into place
    %ix/load 0, 16, 0;
    %assign/v0 v01178080_0, 0, 8;
T_7.2 ;
T_7.1 ;
    %jmp T_7;
    .thread T_7;
    .scope S_01174FB8;
T_8 ;
    %wait E_011798E0;
    %load/v 8, v01177D68_0, 1;
    %inv 8, 1;
    %jmp/0xz  T_8.0, 8;
    %ix/load 0, 16, 0;
    %assign/v0 v01177BB0_0, 0, 0;
    %jmp T_8.1;
T_8.0 ;
    %load/v 8, v01177738_0, 1;
    %jmp/0xz  T_8.2, 8;
    %load/v 8, v01177CB8_0, 16;
    %ix/load 1, 15, 0;
    %mov 4, 0, 1;
    %jmp/1 T_8.4, 4;
    %load/x1p 25, v01177CB8_0, 1;
    %jmp T_8.5;
T_8.4 ;
    %mov 25, 2, 1;
T_8.5 ;
    %mov 24, 25, 1; Move signal select into place
    %ix/load 0, 16, 0;
    %assign/v0 v01177BB0_0, 0, 8;
T_8.2 ;
T_8.1 ;
    %jmp T_8;
    .thread T_8;
    .scope S_01174628;
T_9 ;
    %wait E_011798E0;
    %load/v 8, v011B32C8_0, 1;
    %inv 8, 1;
    %jmp/0xz  T_9.0, 8;
    %ix/load 0, 1, 0;
    %assign/v0 v011B3848_0, 0, 0;
    %jmp T_9.1;
T_9.0 ;
    %load/v 8, v011B3270_0, 1;
    %ix/load 0, 1, 0;
    %assign/v0 v011B3848_0, 0, 8;
T_9.1 ;
    %jmp T_9;
    .thread T_9;
# The file index is used to find the file name in the following table.
:file_names 4;
    "N/A";
    "<interactive>";
    "mac_array.v";
    "./mac_unit.v";
