#! /c/iverilog/bin/vvp
:ivl_version "0.9.7 " "(v0_9_7)";
:vpi_time_precision - 12;
:vpi_module "system";
:vpi_module "v2005_math";
:vpi_module "va_math";
S_011FB0F8 .scope module, "controller_fsm" "controller_fsm" 2 28;
 .timescale -9 -12;
P_011B46A4 .param/l "CNT_W" 2 55, +C4<00000000000000000000000000001011>;
P_011B46B8 .param/l "IMAGE_HEIGHT" 2 30, +C4<0100000>;
P_011B46CC .param/l "IMAGE_WIDTH" 2 29, +C4<0100000>;
P_011B46E0 .param/l "KERNEL_SIZE" 2 31, +C4<011>;
P_011B46F4 .param/l "OCNT_W" 2 56, +C4<00000000000000000000000000001010>;
P_011B4708 .param/l "OUT_H" 2 51, +C4<011110>;
P_011B471C .param/l "OUT_W" 2 50, +C4<011110>;
P_011B4730 .param/l "PIPE_STAGES" 2 79, +C4<011>;
P_011B4744 .param/l "ST_DONE" 2 65, C4<11>;
P_011B4758 .param/l "ST_IDLE" 2 62, C4<00>;
P_011B476C .param/l "ST_LOAD" 2 63, C4<01>;
P_011B4780 .param/l "ST_RUN" 2 64, C4<10>;
P_011B4794 .param/l "TOTAL_IN" 2 52, +C4<010000000000>;
P_011B47A8 .param/l "TOTAL_OUT" 2 53, +C4<01110000100>;
P_011B47BC .param/l "WARMUP_PIXELS" 2 77, +C4<01000010>;
L_01190118 .functor AND 1, L_0124B198, L_0124B0E8, C4<1>, C4<1>;
v011F7750_0 .net *"_s0", 5 0, L_0124B6C0; 1 drivers
v011F72D8_0 .net *"_s11", 0 0, C4<0>; 1 drivers
v011F7A10_0 .net *"_s12", 5 0, C4<000010>; 1 drivers
v011F7018_0 .net *"_s14", 0 0, L_0124B0E8; 1 drivers
v011F74E8_0 .net *"_s3", 0 0, C4<0>; 1 drivers
v011F76A0_0 .net *"_s4", 5 0, C4<000010>; 1 drivers
v011F70C8_0 .net *"_s6", 0 0, L_0124B198; 1 drivers
v011F7960_0 .net *"_s8", 5 0, L_0124B560; 1 drivers
v011F77A8_0 .net "clk", 0 0, C4<z>; 0 drivers
v011F7800_0 .var "col_cnt", 4 0;
v011F7540_0 .var "done_out", 0 0;
v011F79B8_0 .net "in_valid_region", 0 0, L_01190118; 1 drivers
v011F75F0_0 .var "next_state", 1 0;
v011F7388_0 .var "out_cnt", 9 0;
v011F7858_0 .var "pipe_en", 0 0;
v011F7070_0 .var "pixel_cnt", 10 0;
v011F7178_0 .net "pixel_valid_in", 0 0, C4<z>; 0 drivers
v011F7598_0 .var "result_valid", 0 0;
v011F71D0_0 .var "row_cnt", 4 0;
v011F78B0_0 .net "rst_n", 0 0, C4<z>; 0 drivers
v011F7330_0 .net "start", 0 0, C4<z>; 0 drivers
v011F7908_0 .var "state", 1 0;
v011F6F68_0 .net "weight_loaded", 0 0, C4<z>; 0 drivers
E_011F2790 .event posedge, v011F77A8_0;
E_011F26D0 .event edge, v011F7908_0, v011F7330_0, v011F6F68_0, v011F7070_0;
L_0124B6C0 .concat [ 5 1 0 0], v011F71D0_0, C4<0>;
L_0124B198 .cmp/ge 6, L_0124B6C0, C4<000010>;
L_0124B560 .concat [ 5 1 0 0], v011F7800_0, C4<0>;
L_0124B0E8 .cmp/ge 6, L_0124B560, C4<000010>;
S_011FB208 .scope module, "tb_cnn_accelerator" "tb_cnn_accelerator" 3 21;
 .timescale -9 -12;
P_01186EBC .param/l "ACC_WIDTH" 3 29, +C4<0100000>;
P_01186ED0 .param/l "DATA_WIDTH" 3 27, +C4<01000>;
P_01186EE4 .param/l "IMAGE_HEIGHT" 3 25, +C4<01000>;
P_01186EF8 .param/l "IMAGE_WIDTH" 3 24, +C4<01000>;
P_01186F0C .param/l "KERNEL_SIZE" 3 26, +C4<011>;
P_01186F20 .param/l "MAC_UNITS" 3 31, +C4<01001>;
P_01186F34 .param/l "OUT_H" 3 34, +C4<0110>;
P_01186F48 .param/l "OUT_W" 3 33, +C4<0110>;
P_01186F5C .param/l "OUT_WIDTH" 3 30, +C4<01000>;
P_01186F70 .param/l "PROD_WIDTH" 3 28, +C4<010000>;
P_01186F84 .param/l "TOTAL_IN" 3 35, +C4<01000000>;
P_01186F98 .param/l "TOTAL_OUT" 3 36, +C4<0100100>;
v0124B000_0 .var/i "c", 31 0;
v0124AFA8_0 .var/i "cap_idx", 31 0;
v0124AC90 .array "captured", 35 0, 7 0;
v0124ADF0_0 .var "clk", 0 0;
v0124ACE8_0 .net "done", 0 0, C4<0>; 1 drivers
v0124AD40 .array "expected", 35 0, 7 0;
v0124AEA0_0 .var/i "fail_cnt", 31 0;
v0124AF50_0 .net "feature_out", 7 0, v01243838_0; 1 drivers
v0124B350_0 .net "feature_valid", 0 0, v012435D0_0; 1 drivers
v0124B928_0 .var/i "i", 31 0;
v0124B508 .array/s "img", 63 0, 7 0;
v0124B400 .array/s "kernel", 8 0, 7 0;
v0124B458_0 .var/i "local_fail", 31 0;
v0124B820_0 .var/i "pass_cnt", 31 0;
v0124B878_0 .var/s "pixel_in", 7 0;
v0124B3A8_0 .var "pixel_valid", 0 0;
v0124B8D0_0 .var/i "r", 31 0;
v0124BA88_0 .var "rst_n", 0 0;
v0124B4B0_0 .var "start", 0 0;
v0124B668_0 .var "weight_wr_addr", 3 0;
v0124B1F0_0 .var/s "weight_wr_data", 7 0;
v0124B980_0 .var "weight_wr_en", 0 0;
S_011FCEB8 .scope task, "do_check" "do_check" 3 142, 3 142, S_011FB208;
 .timescale -9 -12;
v0124AEF8_0 .var/i "ci", 31 0;
v0124AD98_0 .var "tname", 127 0;
TD_tb_cnn_accelerator.do_check ;
    %set/v v0124B458_0, 0, 32;
    %vpi_call 3 147 "$display", "\012=== %0s ===", v0124AD98_0;
    %vpi_call 3 148 "$display", "  Output feature map (%0dx%0d):", P_01186F34, P_01186F48;
    %set/v v0124B8D0_0, 0, 32;
T_0.0 ;
    %load/v 8, v0124B8D0_0, 32;
   %cmpi/s 8, 6, 32;
    %jmp/0xz T_0.1, 5;
    %vpi_call 3 150 "$write", "  ";
    %set/v v0124B000_0, 0, 32;
T_0.2 ;
    %load/v 8, v0124B000_0, 32;
   %cmpi/s 8, 6, 32;
    %jmp/0xz T_0.3, 5;
    %load/v 8, v0124B8D0_0, 32;
    %mov 40, 39, 1;
    %mov 41, 39, 1;
    %mov 42, 39, 1;
    %mov 43, 39, 1;
    %muli 8, 6, 36;
    %load/v 44, v0124B000_0, 32;
    %mov 76, 75, 1;
    %mov 77, 75, 1;
    %mov 78, 75, 1;
    %mov 79, 75, 1;
    %add 8, 44, 36;
    %vpi_call 3 152 "$write", "%4d ", &A<v0124AC90, 8 36>;
    %ix/load 0, 1, 0;
    %load/vp0/s 8, v0124B000_0, 32;
    %set/v v0124B000_0, 8, 32;
    %jmp T_0.2;
T_0.3 ;
    %vpi_call 3 153 "$display", "\000";
    %ix/load 0, 1, 0;
    %load/vp0/s 8, v0124B8D0_0, 32;
    %set/v v0124B8D0_0, 8, 32;
    %jmp T_0.0;
T_0.1 ;
    %set/v v0124AEF8_0, 0, 32;
T_0.4 ;
    %load/v 8, v0124AEF8_0, 32;
   %cmpi/s 8, 36, 32;
    %jmp/0xz T_0.5, 5;
    %ix/getv/s 3, v0124AEF8_0;
    %load/av 8, v0124AC90, 8;
    %ix/getv/s 3, v0124AEF8_0;
    %load/av 16, v0124AD40, 8;
    %cmp/u 8, 16, 8;
    %inv 6, 1;
    %jmp/0xz  T_0.6, 6;
    %load/v 8, v0124B458_0, 32;
    %cmpi/u 8, 0, 32;
    %jmp/0xz  T_0.8, 4;
    %vpi_call 3 157 "$display", "  MISMATCHES:";
T_0.8 ;
    %vpi_call 3 158 "$display", "    pixel[%0d] got %0d, expected %0d", v0124AEF8_0, &A<v0124AC90, v0124AEF8_0 >, &A<v0124AD40, v0124AEF8_0 >;
    %load/v 8, v0124B458_0, 32;
    %mov 40, 39, 1;
    %addi 8, 1, 33;
    %set/v v0124B458_0, 8, 32;
T_0.6 ;
    %ix/load 0, 1, 0;
    %load/vp0/s 8, v0124AEF8_0, 32;
    %set/v v0124AEF8_0, 8, 32;
    %jmp T_0.4;
T_0.5 ;
    %load/v 8, v0124B458_0, 32;
    %cmpi/u 8, 0, 32;
    %jmp/0xz  T_0.10, 4;
    %vpi_call 3 164 "$display", "  [PASS]";
    %load/v 8, v0124B820_0, 32;
    %mov 40, 39, 1;
    %addi 8, 1, 33;
    %set/v v0124B820_0, 8, 32;
    %jmp T_0.11;
T_0.10 ;
    %vpi_call 3 167 "$display", "  [FAIL] %0d mismatch(es)", v0124B458_0;
    %load/v 8, v0124AEA0_0, 32;
    %mov 40, 39, 1;
    %addi 8, 1, 33;
    %set/v v0124AEA0_0, 8, 32;
T_0.11 ;
    %end;
S_011FD518 .scope task, "do_load_weights" "do_load_weights" 3 111, 3 111, S_011FB208;
 .timescale -9 -12;
v0124AB88_0 .var/i "wi", 31 0;
TD_tb_cnn_accelerator.do_load_weights ;
    %set/v v0124AB88_0, 0, 32;
T_1.12 ;
    %load/v 8, v0124AB88_0, 32;
   %cmpi/s 8, 9, 32;
    %jmp/0xz T_1.13, 5;
    %set/v v0124B980_0, 1, 1;
    %load/v 8, v0124AB88_0, 4; Only need 4 of 32 bits
; Save base=8 wid=4 in lookaside.
    %set/v v0124B668_0, 8, 4;
    %ix/getv/s 3, v0124AB88_0;
    %load/av 8, v0124B400, 8;
    %set/v v0124B1F0_0, 8, 8;
    %wait E_011F3170;
    %ix/load 0, 1, 0;
    %load/vp0/s 8, v0124AB88_0, 32;
    %set/v v0124AB88_0, 8, 32;
    %jmp T_1.12;
T_1.13 ;
    %set/v v0124B980_0, 0, 1;
    %movi 8, 4, 4;
T_1.14 %cmp/s 0, 8, 4;
    %jmp/0xz T_1.15, 5;
    %add 8, 1, 4;
    %wait E_011F3170;
    %jmp T_1.14;
T_1.15 ;
    %end;
S_011FCE30 .scope task, "do_reset" "do_reset" 3 99, 3 99, S_011FB208;
 .timescale -9 -12;
TD_tb_cnn_accelerator.do_reset ;
    %set/v v0124BA88_0, 0, 1;
    %set/v v0124B4B0_0, 0, 1;
    %set/v v0124B3A8_0, 0, 1;
    %set/v v0124B980_0, 0, 1;
    %set/v v0124B878_0, 0, 8;
    %set/v v0124AFA8_0, 0, 32;
    %movi 8, 6, 4;
T_2.16 %cmp/s 0, 8, 4;
    %jmp/0xz T_2.17, 5;
    %add 8, 1, 4;
    %wait E_011F3170;
    %jmp T_2.16;
T_2.17 ;
    %set/v v0124BA88_0, 1, 1;
    %wait E_011F3170;
    %end;
S_011FD2F8 .scope task, "do_stream" "do_stream" 3 126, 3 126, S_011FB208;
 .timescale -9 -12;
v0124ABE0_0 .var/i "si", 31 0;
TD_tb_cnn_accelerator.do_stream ;
    %set/v v0124ABE0_0, 0, 32;
T_3.18 ;
    %load/v 8, v0124ABE0_0, 32;
   %cmpi/s 8, 64, 32;
    %jmp/0xz T_3.19, 5;
    %ix/getv/s 3, v0124ABE0_0;
    %load/av 8, v0124B508, 8;
    %set/v v0124B878_0, 8, 8;
    %set/v v0124B3A8_0, 1, 1;
    %wait E_011F3170;
    %ix/load 0, 1, 0;
    %load/vp0/s 8, v0124ABE0_0, 32;
    %set/v v0124ABE0_0, 8, 32;
    %jmp T_3.18;
T_3.19 ;
    %set/v v0124B3A8_0, 0, 1;
    %set/v v0124B878_0, 0, 8;
    %movi 8, 60, 7;
T_3.20 %cmp/s 0, 8, 7;
    %jmp/0xz T_3.21, 5;
    %add 8, 1, 7;
    %wait E_011F3170;
    %jmp T_3.20;
T_3.21 ;
    %end;
S_011FB180 .scope module, "dut" "cnn_accelerator_top" 3 64, 4 41, S_011FB208;
 .timescale -9 -12;
P_011908BC .param/l "ACC_WIDTH" 4 47, +C4<0100000>;
P_011908D0 .param/l "DATA_WIDTH" 4 45, +C4<01000>;
P_011908E4 .param/l "IMAGE_HEIGHT" 4 43, +C4<01000>;
P_011908F8 .param/l "IMAGE_WIDTH" 4 42, +C4<01000>;
P_0119090C .param/l "KERNEL_SIZE" 4 44, +C4<011>;
P_01190920 .param/l "MAC_UNITS" 4 49, +C4<01001>;
P_01190934 .param/l "OUT_WIDTH" 4 48, +C4<01000>;
P_01190948 .param/l "PROD_WIDTH" 4 46, +C4<010000>;
L_01211168 .functor AND 1, v0124B3A8_0, C4<1>, C4<1>, C4<1>;
L_012111A0 .functor AND 1, v0124B3A8_0, C4<1>, C4<1>, C4<1>;
L_01251F40 .functor AND 1, v012492E8_0, C4<z>, C4<1>, C4<1>;
v0124A7C0_0 .net/s "acc_result", 31 0, v01243FC8_0; 1 drivers
v0124AA80_0 .net "acc_valid", 0 0, v012445D8_0; 1 drivers
v0124A5B0_0 .net "clk", 0 0, v0124ADF0_0; 1 drivers
v0124A818_0 .net "ctrl_result_valid", 0 0, C4<z>; 0 drivers
v0124A190_0 .alias "done", 0 0, v0124ACE8_0;
v0124A6B8_0 .alias "feature_out", 7 0, v0124AF50_0;
v0124A608_0 .alias "feature_valid", 0 0, v0124B350_0;
v0124A3A0_0 .net "mac_valid", 0 0, v01249340_0; 1 drivers
v0124A348_0 .net "pipe_en", 0 0, C4<1>; 1 drivers
v0124A8C8_0 .net/s "pixel_in", 7 0, v0124B878_0; 1 drivers
v0124A1E8_0 .net "pixel_valid", 0 0, v0124B3A8_0; 1 drivers
RS_012126B4/0/0 .resolv tri, L_0124C3D0, L_0124C0B8, L_0124BC98, L_0124C7F0;
RS_012126B4/0/4 .resolv tri, L_0124C690, L_0124FED8, L_012500E8, L_0124F900;
RS_012126B4/0/8 .resolv tri, L_01250E50, C4<zzzzzzzzzzzzzzzzzzzzzzzzzzzzzzzzzzzzzzzzzzzzzzzzzzzzzzzzzzzzzzzzzzzzzzzzzzzzzzzzzzzzzzzzzzzzzzzzzzzzzzzzzzzzzzzzzzzzzzzzzzzzzzzzzzzzzzzzzzzzzzzz>, C4<zzzzzzzzzzzzzzzzzzzzzzzzzzzzzzzzzzzzzzzzzzzzzzzzzzzzzzzzzzzzzzzzzzzzzzzzzzzzzzzzzzzzzzzzzzzzzzzzzzzzzzzzzzzzzzzzzzzzzzzzzzzzzzzzzzzzzzzzzzzzzzzz>, C4<zzzzzzzzzzzzzzzzzzzzzzzzzzzzzzzzzzzzzzzzzzzzzzzzzzzzzzzzzzzzzzzzzzzzzzzzzzzzzzzzzzzzzzzzzzzzzzzzzzzzzzzzzzzzzzzzzzzzzzzzzzzzzzzzzzzzzzzzzzzzzzzz>;
RS_012126B4 .resolv tri, RS_012126B4/0/0, RS_012126B4/0/4, RS_012126B4/0/8, C4<zzzzzzzzzzzzzzzzzzzzzzzzzzzzzzzzzzzzzzzzzzzzzzzzzzzzzzzzzzzzzzzzzzzzzzzzzzzzzzzzzzzzzzzzzzzzzzzzzzzzzzzzzzzzzzzzzzzzzzzzzzzzzzzzzzzzzzzzzzzzzzzz>;
v0124A298_0 .net8/s "products", 143 0, RS_012126B4; 9 drivers
RS_012132B4 .resolv tri, L_0124B140, L_0124BB38, C4<zzzzzzzzzzzzzzzz>, C4<zzzzzzzzzzzzzzzz>;
v0124A660_0 .net8 "row_out_flat", 15 0, RS_012132B4; 2 drivers
v0124A240_0 .net "rst_n", 0 0, v0124BA88_0; 1 drivers
v0124A710_0 .net "start", 0 0, v0124B4B0_0; 1 drivers
RS_01213224/0/0 .resolv tri, L_0124B248, L_0124B5B8, L_0124B610, L_0124B718;
RS_01213224/0/4 .resolv tri, L_0124B770, L_0124B9D8, L_0124B7C8, L_0124BA30;
RS_01213224/0/8 .resolv tri, L_0124BAE0, C4<zzzzzzzzzzzzzzzzzzzzzzzzzzzzzzzzzzzzzzzzzzzzzzzzzzzzzzzzzzzzzzzzzzzzzzzz>, C4<zzzzzzzzzzzzzzzzzzzzzzzzzzzzzzzzzzzzzzzzzzzzzzzzzzzzzzzzzzzzzzzzzzzzzzzz>, C4<zzzzzzzzzzzzzzzzzzzzzzzzzzzzzzzzzzzzzzzzzzzzzzzzzzzzzzzzzzzzzzzzzzzzzzzz>;
RS_01213224 .resolv tri, RS_01213224/0/0, RS_01213224/0/4, RS_01213224/0/8, C4<zzzzzzzzzzzzzzzzzzzzzzzzzzzzzzzzzzzzzzzzzzzzzzzzzzzzzzzzzzzzzzzzzzzzzzzz>;
v0124A978_0 .net8/s "weight_flat", 71 0, RS_01213224; 9 drivers
v0124A088_0 .net "weight_loaded", 0 0, L_01211590; 1 drivers
v0124A768_0 .net "weight_wr_addr", 3 0, v0124B668_0; 1 drivers
v0124AA28_0 .net/s "weight_wr_data", 7 0, v0124B1F0_0; 1 drivers
v0124AE48_0 .net "weight_wr_en", 0 0, v0124B980_0; 1 drivers
v0124A0E0_0 .net/s "window_flat", 71 0, v01249290_0; 1 drivers
v0124AC38_0 .net "window_valid", 0 0, v012492E8_0; 1 drivers
S_011FBC20 .scope module, "u_weights" "weight_buffer" 4 112, 5 1, S_011FB180;
 .timescale -9 -12;
P_0124576C .param/l "DATA_WIDTH" 5 2, +C4<01000>;
P_01245780 .param/l "KERNEL_SIZE" 5 3, +C4<011>;
P_01245794 .param/l "NUM_WEIGHTS" 5 14, +C4<01001>;
L_01211590 .functor BUFZ 1, v0124B980_0, C4<0>, C4<0>, C4<0>;
v0124A138_0 .alias "clk", 0 0, v0124A5B0_0;
v0124A4A8_0 .var/i "i", 31 0;
v0124A870_0 .alias "rst_n", 0 0, v0124A240_0;
v0124A500_0 .alias/s "weight_flat", 71 0, v0124A978_0;
v0124A2F0_0 .alias "weight_loaded", 0 0, v0124A088_0;
v0124AAD8_0 .alias "weight_wr_addr", 3 0, v0124A768_0;
v0124AB30_0 .alias/s "weight_wr_data", 7 0, v0124AA28_0;
v0124A558_0 .alias "weight_wr_en", 0 0, v0124AE48_0;
v0124A9D0 .array/s "weights", 8 0, 7 0;
v0124A9D0_0 .array/port v0124A9D0, 0;
L_0124B248 .part/pv v0124A9D0_0, 0, 8, 72;
v0124A9D0_1 .array/port v0124A9D0, 1;
L_0124B5B8 .part/pv v0124A9D0_1, 8, 8, 72;
v0124A9D0_2 .array/port v0124A9D0, 2;
L_0124B610 .part/pv v0124A9D0_2, 16, 8, 72;
v0124A9D0_3 .array/port v0124A9D0, 3;
L_0124B718 .part/pv v0124A9D0_3, 24, 8, 72;
v0124A9D0_4 .array/port v0124A9D0, 4;
L_0124B770 .part/pv v0124A9D0_4, 32, 8, 72;
v0124A9D0_5 .array/port v0124A9D0, 5;
L_0124B9D8 .part/pv v0124A9D0_5, 40, 8, 72;
v0124A9D0_6 .array/port v0124A9D0, 6;
L_0124B7C8 .part/pv v0124A9D0_6, 48, 8, 72;
v0124A9D0_7 .array/port v0124A9D0, 7;
L_0124BA30 .part/pv v0124A9D0_7, 56, 8, 72;
v0124A9D0_8 .array/port v0124A9D0, 8;
L_0124BAE0 .part/pv v0124A9D0_8, 64, 8, 72;
S_011FD1E8 .scope generate, "gen_wflat[0]" "gen_wflat[0]" 5 32, 5 32, S_011FBC20;
 .timescale -9 -12;
P_011F4C34 .param/l "gi" 5 32, +C4<00>;
v0124A450_0 .net *"_s2", 7 0, v0124A9D0_0; 1 drivers
S_011FCB88 .scope generate, "gen_wflat[1]" "gen_wflat[1]" 5 32, 5 32, S_011FBC20;
 .timescale -9 -12;
P_011F4D34 .param/l "gi" 5 32, +C4<01>;
v0124A920_0 .net *"_s2", 7 0, v0124A9D0_1; 1 drivers
S_011FD050 .scope generate, "gen_wflat[2]" "gen_wflat[2]" 5 32, 5 32, S_011FBC20;
 .timescale -9 -12;
P_011F4BD4 .param/l "gi" 5 32, +C4<010>;
v0124A3F8_0 .net *"_s2", 7 0, v0124A9D0_2; 1 drivers
S_011FD0D8 .scope generate, "gen_wflat[3]" "gen_wflat[3]" 5 32, 5 32, S_011FBC20;
 .timescale -9 -12;
P_011F4D94 .param/l "gi" 5 32, +C4<011>;
v01249BD8_0 .net *"_s2", 7 0, v0124A9D0_3; 1 drivers
S_011FD160 .scope generate, "gen_wflat[4]" "gen_wflat[4]" 5 32, 5 32, S_011FBC20;
 .timescale -9 -12;
P_011F4C14 .param/l "gi" 5 32, +C4<0100>;
v01249FF8_0 .net *"_s2", 7 0, v0124A9D0_4; 1 drivers
S_011FCF40 .scope generate, "gen_wflat[5]" "gen_wflat[5]" 5 32, 5 32, S_011FBC20;
 .timescale -9 -12;
P_011F4CF4 .param/l "gi" 5 32, +C4<0101>;
v01249FA0_0 .net *"_s2", 7 0, v0124A9D0_5; 1 drivers
S_011FCFC8 .scope generate, "gen_wflat[6]" "gen_wflat[6]" 5 32, 5 32, S_011FBC20;
 .timescale -9 -12;
P_011F4C54 .param/l "gi" 5 32, +C4<0110>;
v01249D38_0 .net *"_s2", 7 0, v0124A9D0_6; 1 drivers
S_011FD848 .scope generate, "gen_wflat[7]" "gen_wflat[7]" 5 32, 5 32, S_011FBC20;
 .timescale -9 -12;
P_011F4A14 .param/l "gi" 5 32, +C4<0111>;
v01249CE0_0 .net *"_s2", 7 0, v0124A9D0_7; 1 drivers
S_011FCDA8 .scope generate, "gen_wflat[8]" "gen_wflat[8]" 5 32, 5 32, S_011FBC20;
 .timescale -9 -12;
P_011F49F4 .param/l "gi" 5 32, +C4<01000>;
v01249B80_0 .net *"_s2", 7 0, v0124A9D0_8; 1 drivers
S_011FB868 .scope module, "u_line_buf" "line_buffer" 4 127, 6 25, S_011FB180;
 .timescale -9 -12;
P_01245184 .param/l "DATA_WIDTH" 6 26, +C4<01000>;
P_01245198 .param/l "IMAGE_WIDTH" 6 27, +C4<01000>;
P_012451AC .param/l "KERNEL_SIZE" 6 28, +C4<011>;
v01249DE8_0 .var/i "c", 31 0;
v01249C30_0 .alias "clk", 0 0, v0124A5B0_0;
v01249E40_0 .alias/s "pixel_in", 7 0, v0124A8C8_0;
v01249E98_0 .net "pixel_valid", 0 0, L_01211168; 1 drivers
v01249D90_0 .var/i "r", 31 0;
v01249C88 .array/s "row_buf", 15 0, 7 0;
v01249EF0_0 .alias "row_out_flat", 15 0, v0124A660_0;
v01249F48_0 .alias "rst_n", 0 0, v0124A240_0;
E_011F4890/0 .event negedge, v012437E0_0;
E_011F4890/1 .event posedge, v01243998_0;
E_011F4890 .event/or E_011F4890/0, E_011F4890/1;
v01249C88_7 .array/port v01249C88, 7;
L_0124B140 .part/pv v01249C88_7, 0, 8, 16;
v01249C88_15 .array/port v01249C88, 15;
L_0124BB38 .part/pv v01249C88_15, 8, 8, 16;
S_011FBB98 .scope generate, "gen_row_out[0]" "gen_row_out[0]" 6 75, 6 75, S_011FB868;
 .timescale -9 -12;
P_011F4934 .param/l "gr" 6 75, +C4<00>;
v012494F8_0 .net *"_s2", 7 0, v01249C88_7; 1 drivers
S_011FBA00 .scope generate, "gen_row_out[1]" "gen_row_out[1]" 6 75, 6 75, S_011FB868;
 .timescale -9 -12;
P_011F48F4 .param/l "gr" 6 75, +C4<01>;
v012493F0_0 .net *"_s2", 7 0, v01249C88_15; 1 drivers
S_011FC858 .scope module, "u_win_gen" "window_generator" 4 140, 7 24, S_011FB180;
 .timescale -9 -12;
P_011535BC .param/l "CNT_WIDTH" 7 57, +C4<00000000000000000000000000000101>;
P_011535D0 .param/l "DATA_WIDTH" 7 25, +C4<01000>;
P_011535E4 .param/l "IMAGE_WIDTH" 7 26, +C4<01000>;
P_011535F8 .param/l "KERNEL_SIZE" 7 27, +C4<011>;
P_0115360C .param/l "WARMUP" 7 56, +C4<00000000000000000000000000010010>;
v01249918_0 .net *"_s0", 4 0, C4<10010>; 1 drivers
v01249868_0 .var/i "c", 31 0;
v012496B0_0 .alias "clk", 0 0, v0124A5B0_0;
v01249760_0 .alias/s "pixel_in", 7 0, v0124A8C8_0;
v012498C0_0 .net "pixel_valid", 0 0, L_012111A0; 1 drivers
v01249238_0 .var/i "r", 31 0;
v01249970_0 .alias "row_out_flat", 15 0, v0124A660_0;
v012495A8_0 .alias "rst_n", 0 0, v0124A240_0;
v012499C8 .array/s "sr", 8 0, 7 0;
v01249600_0 .net "warmed_up", 0 0, L_0124B090; 1 drivers
v012491E0_0 .var "warmup_cnt", 4 0;
v01249A20_0 .var/i "wc", 31 0;
v012490D8_0 .alias/s "window_flat", 71 0, v0124A0E0_0;
v01249290_0 .var/s "window_flat_r", 71 0;
v012492E8_0 .var "window_valid", 0 0;
v01249398_0 .var/i "wr", 31 0;
v012499C8_0 .array/port v012499C8, 0;
v012499C8_1 .array/port v012499C8, 1;
E_011F4770/0 .event edge, v01249398_0, v01249A20_0, v012499C8_0, v012499C8_1;
v012499C8_2 .array/port v012499C8, 2;
v012499C8_3 .array/port v012499C8, 3;
v012499C8_4 .array/port v012499C8, 4;
v012499C8_5 .array/port v012499C8, 5;
E_011F4770/1 .event edge, v012499C8_2, v012499C8_3, v012499C8_4, v012499C8_5;
v012499C8_6 .array/port v012499C8, 6;
v012499C8_7 .array/port v012499C8, 7;
v012499C8_8 .array/port v012499C8, 8;
E_011F4770/2 .event edge, v012499C8_6, v012499C8_7, v012499C8_8;
E_011F4770 .event/or E_011F4770/0, E_011F4770/1, E_011F4770/2;
L_0124B090 .cmp/ge 5, v012491E0_0, C4<10010>;
S_011FA988 .scope module, "u_mac_arr" "mac_array" 4 155, 8 25, S_011FB180;
 .timescale -9 -12;
P_011C67F4 .param/l "DATA_WIDTH" 8 26, +C4<01000>;
P_011C6808 .param/l "MAC_UNITS" 8 28, +C4<01001>;
P_011C681C .param/l "PROD_WIDTH" 8 27, +C4<010000>;
v01249130_0 .alias "clk", 0 0, v0124A5B0_0;
v01249188_0 .net "enable", 0 0, L_01251F40; 1 drivers
v01249658_0 .alias/s "pixel_flat", 71 0, v0124A0E0_0;
v01249AD0_0 .alias/s "products", 143 0, v0124A298_0;
v01249708_0 .alias "rst_n", 0 0, v0124A240_0;
v01249340_0 .var "valid_out", 0 0;
v012494A0_0 .alias/s "weight_flat", 71 0, v0124A978_0;
L_0124C060 .part v01249290_0, 0, 8;
L_0124C378 .part RS_01213224, 0, 8;
L_0124C3D0 .part/pv v01249550_0, 0, 16, 144;
L_0124C530 .part v01249290_0, 8, 8;
L_0124C588 .part RS_01213224, 8, 8;
L_0124C0B8 .part/pv v01248F98_0, 16, 16, 144;
L_0124C638 .part v01249290_0, 16, 8;
L_0124BB90 .part RS_01213224, 16, 8;
L_0124BC98 .part/pv v01248968_0, 32, 16, 144;
L_0124C9A8 .part v01249290_0, 24, 8;
L_0124CC68 .part RS_01213224, 24, 8;
L_0124C7F0 .part/pv v012482E0_0, 48, 16, 144;
L_0124CFD8 .part v01249290_0, 32, 8;
L_0124C6E8 .part RS_01213224, 32, 8;
L_0124C690 .part/pv v01246958_0, 64, 16, 144;
L_0124FF88 .part v01249290_0, 40, 8;
L_0124FF30 .part RS_01213224, 40, 8;
L_0124FED8 .part/pv v01246068_0, 80, 16, 144;
L_01250140 .part v01249290_0, 48, 8;
L_0124FCC8 .part RS_01213224, 48, 8;
L_012500E8 .part/pv v01244CB8_0, 96, 16, 144;
L_01250350 .part v01249290_0, 56, 8;
L_0124F8A8 .part RS_01213224, 56, 8;
L_0124F900 .part/pv v012446E0_0, 112, 16, 144;
L_01250508 .part v01249290_0, 64, 8;
L_012504B0 .part RS_01213224, 64, 8;
L_01250E50 .part/pv v012440B0_0, 128, 16, 144;
S_011FC748 .scope generate, "gen_mac[0]" "gen_mac[0]" 8 52, 8 52, S_011FA988;
 .timescale -9 -12;
P_011F4794 .param/l "gi" 8 52, +C4<00>;
S_011FC7D0 .scope module, "u_mac" "mac_unit" 8 57, 9 16, S_011FC748;
 .timescale -9 -12;
P_01245724 .param/l "DATA_WIDTH" 9 17, +C4<01000>;
P_01245738 .param/l "OUT_WIDTH" 9 18, +C4<010000>;
P_0124574C .param/l "PIPELINE_REG" 9 19, +C4<01>;
L_01211328 .functor XOR 1, L_0124B2A0, L_0124B2F8, C4<0>, C4<0>;
v01248EE8_0 .net *"_s1", 0 0, L_0124B2A0; 1 drivers
v01248D88_0 .net *"_s13", 7 0, C4<00000000>; 1 drivers
v01248C28_0 .net/s *"_s14", 15 0, L_0124BF00; 1 drivers
v01248C80_0 .net/s *"_s16", 15 0, L_0124BEA8; 1 drivers
v01248CD8_0 .net *"_s3", 0 0, L_0124B2F8; 1 drivers
v01248D30_0 .net *"_s4", 0 0, L_01211328; 1 drivers
v01248DE0_0 .net/s *"_s7", 7 0, L_0124C110; 1 drivers
v01248E38_0 .net *"_s8", 7 0, L_0124C2C8; 1 drivers
v01248E90_0 .alias "clk", 0 0, v0124A5B0_0;
v01249080_0 .net/s "data_in", 7 0, L_0124C060; 1 drivers
v01249B28_0 .alias "enable", 0 0, v01249188_0;
v01249550_0 .var/s "product_out", 15 0;
v012497B8_0 .net/s "product_wire", 15 0, L_0124C320; 1 drivers
v01249A78_0 .net/s "raw_product", 15 0, L_0124BDF8; 1 drivers
v01249448_0 .alias "rst_n", 0 0, v0124A240_0;
v01249810_0 .net/s "weight_in", 7 0, L_0124C378; 1 drivers
L_0124B2A0 .part L_0124C060, 7, 1;
L_0124B2F8 .part L_0124C378, 7, 1;
L_0124C110 .arith/mult 8, L_0124C060, L_0124C378;
L_0124C2C8 .concat [ 8 0 0 0], L_0124C110;
L_0124C320 .concat [ 8 8 0 0], L_0124C2C8, C4<00000000>;
L_0124BF00 .extend/s 16, L_0124C060;
L_0124BEA8 .extend/s 16, L_0124C378;
L_0124BDF8 .arith/mult 16, L_0124BF00, L_0124BEA8;
S_011FBDB8 .scope generate, "gen_reg" "gen_reg" 9 38, 9 38, S_011FC7D0;
 .timescale -9 -12;
S_011FC0E8 .scope generate, "gen_mac[1]" "gen_mac[1]" 8 52, 8 52, S_011FA988;
 .timescale -9 -12;
P_011F49D4 .param/l "gi" 8 52, +C4<01>;
S_011FC638 .scope module, "u_mac" "mac_unit" 8 57, 9 16, S_011FC0E8;
 .timescale -9 -12;
P_01245574 .param/l "DATA_WIDTH" 9 17, +C4<01000>;
P_01245588 .param/l "OUT_WIDTH" 9 18, +C4<010000>;
P_0124559C .param/l "PIPELINE_REG" 9 19, +C4<01>;
L_01211018 .functor XOR 1, L_0124C4D8, L_0124BE50, C4<0>, C4<0>;
v01248338_0 .net *"_s1", 0 0, L_0124C4D8; 1 drivers
v012488B8_0 .net *"_s13", 7 0, C4<00000000>; 1 drivers
v01248650_0 .net/s *"_s14", 15 0, L_0124C480; 1 drivers
v01248390_0 .net/s *"_s16", 15 0, L_0124BD48; 1 drivers
v01248A18_0 .net *"_s3", 0 0, L_0124BE50; 1 drivers
v012481D8_0 .net *"_s4", 0 0, L_01211018; 1 drivers
v012483E8_0 .net/s *"_s7", 7 0, L_0124C428; 1 drivers
v012485F8_0 .net *"_s8", 7 0, L_0124C1C0; 1 drivers
v012486A8_0 .alias "clk", 0 0, v0124A5B0_0;
v01248700_0 .net/s "data_in", 7 0, L_0124C530; 1 drivers
v01248758_0 .alias "enable", 0 0, v01249188_0;
v01248F98_0 .var/s "product_out", 15 0;
v01248F40_0 .net/s "product_wire", 15 0, L_0124BCF0; 1 drivers
v01248BD0_0 .net/s "raw_product", 15 0, L_0124BC40; 1 drivers
v01248FF0_0 .alias "rst_n", 0 0, v0124A240_0;
v01248B78_0 .net/s "weight_in", 7 0, L_0124C588; 1 drivers
L_0124C4D8 .part L_0124C530, 7, 1;
L_0124BE50 .part L_0124C588, 7, 1;
L_0124C428 .arith/mult 8, L_0124C530, L_0124C588;
L_0124C1C0 .concat [ 8 0 0 0], L_0124C428;
L_0124BCF0 .concat [ 8 8 0 0], L_0124C1C0, C4<00000000>;
L_0124C480 .extend/s 16, L_0124C530;
L_0124BD48 .extend/s 16, L_0124C588;
L_0124BC40 .arith/mult 16, L_0124C480, L_0124BD48;
S_011FC6C0 .scope generate, "gen_reg" "gen_reg" 9 38, 9 38, S_011FC638;
 .timescale -9 -12;
S_011FB8F0 .scope generate, "gen_mac[2]" "gen_mac[2]" 8 52, 8 52, S_011FA988;
 .timescale -9 -12;
P_011F4674 .param/l "gi" 8 52, +C4<010>;
S_011FC8E0 .scope module, "u_mac" "mac_unit" 8 57, 9 16, S_011FB8F0;
 .timescale -9 -12;
P_0124552C .param/l "DATA_WIDTH" 9 17, +C4<01000>;
P_01245540 .param/l "OUT_WIDTH" 9 18, +C4<010000>;
P_01245554 .param/l "PIPELINE_REG" 9 19, +C4<01>;
L_0124F0D8 .functor XOR 1, L_0124C168, L_0124C270, C4<0>, C4<0>;
v01248230_0 .net *"_s1", 0 0, L_0124C168; 1 drivers
v012484F0_0 .net *"_s13", 7 0, C4<00000000>; 1 drivers
v01248180_0 .net/s *"_s14", 15 0, L_0124C218; 1 drivers
v01248A70_0 .net/s *"_s16", 15 0, L_0124C5E0; 1 drivers
v012487B0_0 .net *"_s3", 0 0, L_0124C270; 1 drivers
v01248910_0 .net *"_s4", 0 0, L_0124F0D8; 1 drivers
v01248498_0 .net/s *"_s7", 7 0, L_0124C008; 1 drivers
v012480D0_0 .net *"_s8", 7 0, L_0124BFB0; 1 drivers
v01248808_0 .alias "clk", 0 0, v0124A5B0_0;
v01248288_0 .net/s "data_in", 7 0, L_0124C638; 1 drivers
v01248548_0 .alias "enable", 0 0, v01249188_0;
v01248968_0 .var/s "product_out", 15 0;
v012485A0_0 .net/s "product_wire", 15 0, L_0124BF58; 1 drivers
v01248860_0 .net/s "raw_product", 15 0, L_0124BBE8; 1 drivers
v01248128_0 .alias "rst_n", 0 0, v0124A240_0;
v012489C0_0 .net/s "weight_in", 7 0, L_0124BB90; 1 drivers
L_0124C168 .part L_0124C638, 7, 1;
L_0124C270 .part L_0124BB90, 7, 1;
L_0124C008 .arith/mult 8, L_0124C638, L_0124BB90;
L_0124BFB0 .concat [ 8 0 0 0], L_0124C008;
L_0124BF58 .concat [ 8 8 0 0], L_0124BFB0, C4<00000000>;
L_0124C218 .extend/s 16, L_0124C638;
L_0124C5E0 .extend/s 16, L_0124BB90;
L_0124BBE8 .arith/mult 16, L_0124C218, L_0124C5E0;
S_011FBFD8 .scope generate, "gen_reg" "gen_reg" 9 38, 9 38, S_011FC8E0;
 .timescale -9 -12;
S_011FC308 .scope generate, "gen_mac[3]" "gen_mac[3]" 8 52, 8 52, S_011FA988;
 .timescale -9 -12;
P_011F4A54 .param/l "gi" 8 52, +C4<011>;
S_011FB978 .scope module, "u_mac" "mac_unit" 8 57, 9 16, S_011FC308;
 .timescale -9 -12;
P_012454E4 .param/l "DATA_WIDTH" 9 17, +C4<01000>;
P_012454F8 .param/l "OUT_WIDTH" 9 18, +C4<010000>;
P_0124550C .param/l "PIPELINE_REG" 9 19, +C4<01>;
L_0124F3B0 .functor XOR 1, L_0124BDA0, L_0124C8F8, C4<0>, C4<0>;
v01246748_0 .net *"_s1", 0 0, L_0124BDA0; 1 drivers
v012463D8_0 .net *"_s13", 7 0, C4<00000000>; 1 drivers
v01246430_0 .net/s *"_s14", 15 0, L_0124CC10; 1 drivers
v01246A08_0 .net/s *"_s16", 15 0, L_0124C950; 1 drivers
v01246488_0 .net *"_s3", 0 0, L_0124C8F8; 1 drivers
v012467A0_0 .net *"_s4", 0 0, L_0124F3B0; 1 drivers
v01246AB8_0 .net/s *"_s7", 7 0, L_0124CBB8; 1 drivers
v01246B10_0 .net *"_s8", 7 0, L_0124CB60; 1 drivers
v012460C0_0 .alias "clk", 0 0, v0124A5B0_0;
v012461C8_0 .net/s "data_in", 7 0, L_0124C9A8; 1 drivers
v01246220_0 .alias "enable", 0 0, v01249188_0;
v012482E0_0 .var/s "product_out", 15 0;
v01248AC8_0 .net/s "product_wire", 15 0, L_0124CF28; 1 drivers
v01248B20_0 .net/s "raw_product", 15 0, L_0124CD70; 1 drivers
v01248440_0 .alias "rst_n", 0 0, v0124A240_0;
v01248078_0 .net/s "weight_in", 7 0, L_0124CC68; 1 drivers
L_0124BDA0 .part L_0124C9A8, 7, 1;
L_0124C8F8 .part L_0124CC68, 7, 1;
L_0124CBB8 .arith/mult 8, L_0124C9A8, L_0124CC68;
L_0124CB60 .concat [ 8 0 0 0], L_0124CBB8;
L_0124CF28 .concat [ 8 8 0 0], L_0124CB60, C4<00000000>;
L_0124CC10 .extend/s 16, L_0124C9A8;
L_0124C950 .extend/s 16, L_0124CC68;
L_0124CD70 .arith/mult 16, L_0124CC10, L_0124C950;
S_011FC528 .scope generate, "gen_reg" "gen_reg" 9 38, 9 38, S_011FB978;
 .timescale -9 -12;
S_011FC060 .scope generate, "gen_mac[4]" "gen_mac[4]" 8 52, 8 52, S_011FA988;
 .timescale -9 -12;
P_011F4874 .param/l "gi" 8 52, +C4<0100>;
S_011FC280 .scope module, "u_mac" "mac_unit" 8 57, 9 16, S_011FC060;
 .timescale -9 -12;
P_0124540C .param/l "DATA_WIDTH" 9 17, +C4<01000>;
P_01245420 .param/l "OUT_WIDTH" 9 18, +C4<010000>;
P_01245434 .param/l "PIPELINE_REG" 9 19, +C4<01>;
L_0124F180 .functor XOR 1, L_0124CE20, L_0124CD18, C4<0>, C4<0>;
v01246900_0 .net *"_s1", 0 0, L_0124CE20; 1 drivers
v012462D0_0 .net *"_s13", 7 0, C4<00000000>; 1 drivers
v012467F8_0 .net/s *"_s14", 15 0, L_0124CCC0; 1 drivers
v01246118_0 .net/s *"_s16", 15 0, L_0124CE78; 1 drivers
v01246698_0 .net *"_s3", 0 0, L_0124CD18; 1 drivers
v01246850_0 .net *"_s4", 0 0, L_0124F180; 1 drivers
v01246A60_0 .net/s *"_s7", 7 0, L_0124CF80; 1 drivers
v01246590_0 .net *"_s8", 7 0, L_0124CDC8; 1 drivers
v012465E8_0 .alias "clk", 0 0, v0124A5B0_0;
v01246170_0 .net/s "data_in", 7 0, L_0124CFD8; 1 drivers
v012468A8_0 .alias "enable", 0 0, v01249188_0;
v01246958_0 .var/s "product_out", 15 0;
v012469B0_0 .net/s "product_wire", 15 0, L_0124C740; 1 drivers
v01246640_0 .net/s "raw_product", 15 0, L_0124CED0; 1 drivers
v01246328_0 .alias "rst_n", 0 0, v0124A240_0;
v012466F0_0 .net/s "weight_in", 7 0, L_0124C6E8; 1 drivers
L_0124CE20 .part L_0124CFD8, 7, 1;
L_0124CD18 .part L_0124C6E8, 7, 1;
L_0124CF80 .arith/mult 8, L_0124CFD8, L_0124C6E8;
L_0124CDC8 .concat [ 8 0 0 0], L_0124CF80;
L_0124C740 .concat [ 8 8 0 0], L_0124CDC8, C4<00000000>;
L_0124CCC0 .extend/s 16, L_0124CFD8;
L_0124CE78 .extend/s 16, L_0124C6E8;
L_0124CED0 .arith/mult 16, L_0124CCC0, L_0124CE78;
S_011FBA88 .scope generate, "gen_reg" "gen_reg" 9 38, 9 38, S_011FC280;
 .timescale -9 -12;
S_011FC5B0 .scope generate, "gen_mac[5]" "gen_mac[5]" 8 52, 8 52, S_011FA988;
 .timescale -9 -12;
P_011F48B4 .param/l "gi" 8 52, +C4<0101>;
S_011FC1F8 .scope module, "u_mac" "mac_unit" 8 57, 9 16, S_011FC5B0;
 .timescale -9 -12;
P_012456DC .param/l "DATA_WIDTH" 9 17, +C4<01000>;
P_012456F0 .param/l "OUT_WIDTH" 9 18, +C4<010000>;
P_01245704 .param/l "PIPELINE_REG" 9 19, +C4<01>;
L_0124F500 .functor XOR 1, L_0124C798, L_0124C848, C4<0>, C4<0>;
v01246FE0_0 .net *"_s1", 0 0, L_0124C798; 1 drivers
v01246D78_0 .net *"_s13", 7 0, C4<00000000>; 1 drivers
v01246D20_0 .net/s *"_s14", 15 0, L_0124CAB0; 1 drivers
v01246BC0_0 .net/s *"_s16", 15 0, L_0124CB08; 1 drivers
v01246B68_0 .net *"_s3", 0 0, L_0124C848; 1 drivers
v01246DD0_0 .net *"_s4", 0 0, L_0124F500; 1 drivers
v01246ED8_0 .net/s *"_s7", 7 0, L_0124C8A0; 1 drivers
v01246F30_0 .net *"_s8", 7 0, L_0124CA00; 1 drivers
v01246C18_0 .alias "clk", 0 0, v0124A5B0_0;
v01246C70_0 .net/s "data_in", 7 0, L_0124FF88; 1 drivers
v01246CC8_0 .alias "enable", 0 0, v01249188_0;
v01246068_0 .var/s "product_out", 15 0;
v01246538_0 .net/s "product_wire", 15 0, L_0124CA58; 1 drivers
v01246278_0 .net/s "raw_product", 15 0, L_0124FD20; 1 drivers
v01246380_0 .alias "rst_n", 0 0, v0124A240_0;
v012464E0_0 .net/s "weight_in", 7 0, L_0124FF30; 1 drivers
L_0124C798 .part L_0124FF88, 7, 1;
L_0124C848 .part L_0124FF30, 7, 1;
L_0124C8A0 .arith/mult 8, L_0124FF88, L_0124FF30;
L_0124CA00 .concat [ 8 0 0 0], L_0124C8A0;
L_0124CA58 .concat [ 8 8 0 0], L_0124CA00, C4<00000000>;
L_0124CAB0 .extend/s 16, L_0124FF88;
L_0124CB08 .extend/s 16, L_0124FF30;
L_0124FD20 .arith/mult 16, L_0124CAB0, L_0124CB08;
S_011FBEC8 .scope generate, "gen_reg" "gen_reg" 9 38, 9 38, S_011FC1F8;
 .timescale -9 -12;
S_011FC418 .scope generate, "gen_mac[6]" "gen_mac[6]" 8 52, 8 52, S_011FA988;
 .timescale -9 -12;
P_011F4714 .param/l "gi" 8 52, +C4<0110>;
S_011FC170 .scope module, "u_mac" "mac_unit" 8 57, 9 16, S_011FC418;
 .timescale -9 -12;
P_0124549C .param/l "DATA_WIDTH" 9 17, +C4<01000>;
P_012454B0 .param/l "OUT_WIDTH" 9 18, +C4<010000>;
P_012454C4 .param/l "PIPELINE_REG" 9 19, +C4<01>;
L_0124F7A0 .functor XOR 1, L_01250038, L_0124FDD0, C4<0>, C4<0>;
v01244E70_0 .net *"_s1", 0 0, L_01250038; 1 drivers
v01244EC8_0 .net *"_s13", 7 0, C4<00000000>; 1 drivers
v01244DC0_0 .net/s *"_s14", 15 0, L_01250090; 1 drivers
v01244E18_0 .net/s *"_s16", 15 0, L_0124F9B0; 1 drivers
v01244F78_0 .net *"_s3", 0 0, L_0124FDD0; 1 drivers
v01244FD0_0 .net *"_s4", 0 0, L_0124F7A0; 1 drivers
v01244BB0_0 .net/s *"_s7", 7 0, L_0124FC70; 1 drivers
v01244B58_0 .net *"_s8", 7 0, L_0124FFE0; 1 drivers
v01244D68_0 .alias "clk", 0 0, v0124A5B0_0;
v01244C08_0 .net/s "data_in", 7 0, L_01250140; 1 drivers
v01244C60_0 .alias "enable", 0 0, v01249188_0;
v01244CB8_0 .var/s "product_out", 15 0;
v01244D10_0 .net/s "product_wire", 15 0, L_0124FC18; 1 drivers
v01246F88_0 .net/s "raw_product", 15 0, L_0124FAB8; 1 drivers
v01246E28_0 .alias "rst_n", 0 0, v0124A240_0;
v01246E80_0 .net/s "weight_in", 7 0, L_0124FCC8; 1 drivers
L_01250038 .part L_01250140, 7, 1;
L_0124FDD0 .part L_0124FCC8, 7, 1;
L_0124FC70 .arith/mult 8, L_01250140, L_0124FCC8;
L_0124FFE0 .concat [ 8 0 0 0], L_0124FC70;
L_0124FC18 .concat [ 8 8 0 0], L_0124FFE0, C4<00000000>;
L_01250090 .extend/s 16, L_01250140;
L_0124F9B0 .extend/s 16, L_0124FCC8;
L_0124FAB8 .arith/mult 16, L_01250090, L_0124F9B0;
S_011FC4A0 .scope generate, "gen_reg" "gen_reg" 9 38, 9 38, S_011FC170;
 .timescale -9 -12;
S_011FBB10 .scope generate, "gen_mac[7]" "gen_mac[7]" 8 52, 8 52, S_011FA988;
 .timescale -9 -12;
P_011F4914 .param/l "gi" 8 52, +C4<0111>;
S_011FC390 .scope module, "u_mac" "mac_unit" 8 57, 9 16, S_011FBB10;
 .timescale -9 -12;
P_0124513C .param/l "DATA_WIDTH" 9 17, +C4<01000>;
P_01245150 .param/l "OUT_WIDTH" 9 18, +C4<010000>;
P_01245164 .param/l "PIPELINE_REG" 9 19, +C4<01>;
L_01251BC0 .functor XOR 1, L_012502A0, L_01250198, C4<0>, C4<0>;
v01244478_0 .net *"_s1", 0 0, L_012502A0; 1 drivers
v012447E8_0 .net *"_s13", 7 0, C4<00000000>; 1 drivers
v01244160_0 .net/s *"_s14", 15 0, L_0124FE80; 1 drivers
v01244268_0 .net/s *"_s16", 15 0, L_012502F8; 1 drivers
v012444D0_0 .net *"_s3", 0 0, L_01250198; 1 drivers
v01244210_0 .net *"_s4", 0 0, L_01251BC0; 1 drivers
v01244840_0 .net/s *"_s7", 7 0, L_0124FE28; 1 drivers
v012442C0_0 .net *"_s8", 7 0, L_012501F0; 1 drivers
v012449A0_0 .alias "clk", 0 0, v0124A5B0_0;
v01244318_0 .net/s "data_in", 7 0, L_01250350; 1 drivers
v012449F8_0 .alias "enable", 0 0, v01249188_0;
v012446E0_0 .var/s "product_out", 15 0;
v01244688_0 .net/s "product_wire", 15 0, L_01250248; 1 drivers
v01244738_0 .net/s "raw_product", 15 0, L_0124FD78; 1 drivers
v01244A50_0 .alias "rst_n", 0 0, v0124A240_0;
v01244F20_0 .net/s "weight_in", 7 0, L_0124F8A8; 1 drivers
L_012502A0 .part L_01250350, 7, 1;
L_01250198 .part L_0124F8A8, 7, 1;
L_0124FE28 .arith/mult 8, L_01250350, L_0124F8A8;
L_012501F0 .concat [ 8 0 0 0], L_0124FE28;
L_01250248 .concat [ 8 8 0 0], L_012501F0, C4<00000000>;
L_0124FE80 .extend/s 16, L_01250350;
L_012502F8 .extend/s 16, L_0124F8A8;
L_0124FD78 .arith/mult 16, L_0124FE80, L_012502F8;
S_011FBCA8 .scope generate, "gen_reg" "gen_reg" 9 38, 9 38, S_011FC390;
 .timescale -9 -12;
S_011FBF50 .scope generate, "gen_mac[8]" "gen_mac[8]" 8 52, 8 52, S_011FA988;
 .timescale -9 -12;
P_011F4754 .param/l "gi" 8 52, +C4<01000>;
S_011FBD30 .scope module, "u_mac" "mac_unit" 8 57, 9 16, S_011FBF50;
 .timescale -9 -12;
P_011C6A7C .param/l "DATA_WIDTH" 9 17, +C4<01000>;
P_011C6A90 .param/l "OUT_WIDTH" 9 18, +C4<010000>;
P_011C6AA4 .param/l "PIPELINE_REG" 9 19, +C4<01>;
L_01251D10 .functor XOR 1, L_0124FA08, L_0124F958, C4<0>, C4<0>;
v01244580_0 .net *"_s1", 0 0, L_0124FA08; 1 drivers
v01244B00_0 .net *"_s13", 7 0, C4<00000000>; 1 drivers
v01244898_0 .net/s *"_s14", 15 0, L_0124FBC0; 1 drivers
v01244630_0 .net/s *"_s16", 15 0, L_01250D48; 1 drivers
v012448F0_0 .net *"_s3", 0 0, L_0124F958; 1 drivers
v01244948_0 .net *"_s4", 0 0, L_01251D10; 1 drivers
v01244370_0 .net/s *"_s7", 7 0, L_0124FB68; 1 drivers
v01244AA8_0 .net *"_s8", 7 0, L_0124FA60; 1 drivers
v01244058_0 .alias "clk", 0 0, v0124A5B0_0;
v01244420_0 .net/s "data_in", 7 0, L_01250508; 1 drivers
v012443C8_0 .alias "enable", 0 0, v01249188_0;
v012440B0_0 .var/s "product_out", 15 0;
v01244108_0 .net/s "product_wire", 15 0, L_0124FB10; 1 drivers
v01244528_0 .net/s "raw_product", 15 0, L_01250AE0; 1 drivers
v01244790_0 .alias "rst_n", 0 0, v0124A240_0;
v012441B8_0 .net/s "weight_in", 7 0, L_012504B0; 1 drivers
L_0124FA08 .part L_01250508, 7, 1;
L_0124F958 .part L_012504B0, 7, 1;
L_0124FB68 .arith/mult 8, L_01250508, L_012504B0;
L_0124FA60 .concat [ 8 0 0 0], L_0124FB68;
L_0124FB10 .concat [ 8 8 0 0], L_0124FA60, C4<00000000>;
L_0124FBC0 .extend/s 16, L_01250508;
L_01250D48 .extend/s 16, L_012504B0;
L_01250AE0 .arith/mult 16, L_0124FBC0, L_01250D48;
S_011FBE40 .scope generate, "gen_reg" "gen_reg" 9 38, 9 38, S_011FBD30;
 .timescale -9 -12;
S_011FACB8 .scope module, "u_accum" "accumulator" 4 172, 10 24, S_011FB180;
 .timescale -9 -12;
P_011C67AC .param/l "ACC_WIDTH" 10 26, +C4<0100000>;
P_011C67C0 .param/l "MAC_UNITS" 10 27, +C4<01001>;
P_011C67D4 .param/l "PROD_WIDTH" 10 25, +C4<010000>;
v01243CB0_0 .alias "clk", 0 0, v0124A5B0_0;
v01243EC0_0 .var/i "i", 31 0;
v01243D60 .array "padded", 8 0;
v01243D60_0 .net/s v01243D60 0, 31 0, L_01250DF8; 1 drivers
v01243D60_1 .net/s v01243D60 1, 31 0, L_01250668; 1 drivers
v01243D60_2 .net/s v01243D60 2, 31 0, L_01250BE8; 1 drivers
v01243D60_3 .net/s v01243D60 3, 31 0, L_01250560; 1 drivers
v01243D60_4 .net/s v01243D60 4, 31 0, L_01250CF0; 1 drivers
v01243D60_5 .net/s v01243D60 5, 31 0, L_01250718; 1 drivers
v01243D60_6 .net/s v01243D60 6, 31 0, L_01251480; 1 drivers
v01243D60_7 .net/s v01243D60 7, 31 0, L_01251270; 1 drivers
v01243D60_8 .net/s v01243D60 8, 31 0, L_01251638; 1 drivers
v01243F70_0 .alias/s "products", 143 0, v0124A298_0;
v01243FC8_0 .var/s "result", 31 0;
v01243B50_0 .alias "rst_n", 0 0, v0124A240_0;
v01243D08_0 .var/s "sum_comb", 31 0;
v01243BA8_0 .alias "valid_in", 0 0, v0124A3A0_0;
v012445D8_0 .var "valid_out", 0 0;
E_011F3BB0/0 .event edge, v01243D08_0, v01243EC0_0, v01243D60_0, v01243D60_1;
E_011F3BB0/1 .event edge, v01243D60_2, v01243D60_3, v01243D60_4, v01243D60_5;
E_011F3BB0/2 .event edge, v01243D60_6, v01243D60_7, v01243D60_8;
E_011F3BB0 .event/or E_011F3BB0/0, E_011F3BB0/1, E_011F3BB0/2;
L_01250B90 .part RS_012126B4, 15, 1;
L_01250DA0 .part RS_012126B4, 0, 16;
L_012503A8 .part RS_012126B4, 31, 1;
L_01250980 .part RS_012126B4, 16, 16;
L_01250928 .part RS_012126B4, 47, 1;
L_01250400 .part RS_012126B4, 32, 16;
L_01250C98 .part RS_012126B4, 63, 1;
L_01250458 .part RS_012126B4, 48, 16;
L_01250B38 .part RS_012126B4, 79, 1;
L_012508D0 .part RS_012126B4, 64, 16;
L_01250610 .part RS_012126B4, 95, 1;
L_01250A30 .part RS_012126B4, 80, 16;
L_01250A88 .part RS_012126B4, 111, 1;
L_012507C8 .part RS_012126B4, 96, 16;
L_01251110 .part RS_012126B4, 127, 1;
L_01251378 .part RS_012126B4, 112, 16;
L_012511C0 .part RS_012126B4, 143, 1;
L_01251530 .part RS_012126B4, 128, 16;
S_011FB538 .scope generate, "gen_pad[0]" "gen_pad[0]" 10 50, 10 50, S_011FACB8;
 .timescale -9 -12;
P_011F49B4 .param/l "gi" 10 50, +C4<00>;
v01243F18_0 .net *"_s1", 0 0, L_01250B90; 1 drivers
v01243E10_0 .net *"_s2", 15 0, L_01250878; 1 drivers
v01243DB8_0 .net *"_s4", 15 0, L_01250DA0; 1 drivers
LS_01250878_0_0 .concat [ 1 1 1 1], L_01250B90, L_01250B90, L_01250B90, L_01250B90;
LS_01250878_0_4 .concat [ 1 1 1 1], L_01250B90, L_01250B90, L_01250B90, L_01250B90;
LS_01250878_0_8 .concat [ 1 1 1 1], L_01250B90, L_01250B90, L_01250B90, L_01250B90;
LS_01250878_0_12 .concat [ 1 1 1 1], L_01250B90, L_01250B90, L_01250B90, L_01250B90;
L_01250878 .concat [ 4 4 4 4], LS_01250878_0_0, LS_01250878_0_4, LS_01250878_0_8, LS_01250878_0_12;
L_01250DF8 .concat [ 16 16 0 0], L_01250DA0, L_01250878;
S_011FAA10 .scope generate, "gen_pad[1]" "gen_pad[1]" 10 50, 10 50, S_011FACB8;
 .timescale -9 -12;
P_011F4734 .param/l "gi" 10 50, +C4<01>;
v01243C00_0 .net *"_s1", 0 0, L_012503A8; 1 drivers
v01243E68_0 .net *"_s2", 15 0, L_01250820; 1 drivers
v01243C58_0 .net *"_s4", 15 0, L_01250980; 1 drivers
LS_01250820_0_0 .concat [ 1 1 1 1], L_012503A8, L_012503A8, L_012503A8, L_012503A8;
LS_01250820_0_4 .concat [ 1 1 1 1], L_012503A8, L_012503A8, L_012503A8, L_012503A8;
LS_01250820_0_8 .concat [ 1 1 1 1], L_012503A8, L_012503A8, L_012503A8, L_012503A8;
LS_01250820_0_12 .concat [ 1 1 1 1], L_012503A8, L_012503A8, L_012503A8, L_012503A8;
L_01250820 .concat [ 4 4 4 4], LS_01250820_0_0, LS_01250820_0_4, LS_01250820_0_8, LS_01250820_0_12;
L_01250668 .concat [ 16 16 0 0], L_01250980, L_01250820;
S_011FB3A0 .scope generate, "gen_pad[2]" "gen_pad[2]" 10 50, 10 50, S_011FACB8;
 .timescale -9 -12;
P_011F48D4 .param/l "gi" 10 50, +C4<010>;
v01243418_0 .net *"_s1", 0 0, L_01250928; 1 drivers
v01243310_0 .net *"_s2", 15 0, L_01250C40; 1 drivers
v01243368_0 .net *"_s4", 15 0, L_01250400; 1 drivers
LS_01250C40_0_0 .concat [ 1 1 1 1], L_01250928, L_01250928, L_01250928, L_01250928;
LS_01250C40_0_4 .concat [ 1 1 1 1], L_01250928, L_01250928, L_01250928, L_01250928;
LS_01250C40_0_8 .concat [ 1 1 1 1], L_01250928, L_01250928, L_01250928, L_01250928;
LS_01250C40_0_12 .concat [ 1 1 1 1], L_01250928, L_01250928, L_01250928, L_01250928;
L_01250C40 .concat [ 4 4 4 4], LS_01250C40_0_0, LS_01250C40_0_4, LS_01250C40_0_8, LS_01250C40_0_12;
L_01250BE8 .concat [ 16 16 0 0], L_01250400, L_01250C40;
S_011FA900 .scope generate, "gen_pad[3]" "gen_pad[3]" 10 50, 10 50, S_011FACB8;
 .timescale -9 -12;
P_011F46B4 .param/l "gi" 10 50, +C4<011>;
v01243208_0 .net *"_s1", 0 0, L_01250C98; 1 drivers
v012430A8_0 .net *"_s2", 15 0, L_012509D8; 1 drivers
v012433C0_0 .net *"_s4", 15 0, L_01250458; 1 drivers
LS_012509D8_0_0 .concat [ 1 1 1 1], L_01250C98, L_01250C98, L_01250C98, L_01250C98;
LS_012509D8_0_4 .concat [ 1 1 1 1], L_01250C98, L_01250C98, L_01250C98, L_01250C98;
LS_012509D8_0_8 .concat [ 1 1 1 1], L_01250C98, L_01250C98, L_01250C98, L_01250C98;
LS_012509D8_0_12 .concat [ 1 1 1 1], L_01250C98, L_01250C98, L_01250C98, L_01250C98;
L_012509D8 .concat [ 4 4 4 4], LS_012509D8_0_0, LS_012509D8_0_4, LS_012509D8_0_8, LS_012509D8_0_12;
L_01250560 .concat [ 16 16 0 0], L_01250458, L_012509D8;
S_011FB4B0 .scope generate, "gen_pad[4]" "gen_pad[4]" 10 50, 10 50, S_011FACB8;
 .timescale -9 -12;
P_011F47D4 .param/l "gi" 10 50, +C4<0100>;
v01243788_0 .net *"_s1", 0 0, L_01250B38; 1 drivers
v01243A48_0 .net *"_s2", 15 0, L_012505B8; 1 drivers
v012431B0_0 .net *"_s4", 15 0, L_012508D0; 1 drivers
LS_012505B8_0_0 .concat [ 1 1 1 1], L_01250B38, L_01250B38, L_01250B38, L_01250B38;
LS_012505B8_0_4 .concat [ 1 1 1 1], L_01250B38, L_01250B38, L_01250B38, L_01250B38;
LS_012505B8_0_8 .concat [ 1 1 1 1], L_01250B38, L_01250B38, L_01250B38, L_01250B38;
LS_012505B8_0_12 .concat [ 1 1 1 1], L_01250B38, L_01250B38, L_01250B38, L_01250B38;
L_012505B8 .concat [ 4 4 4 4], LS_012505B8_0_0, LS_012505B8_0_4, LS_012505B8_0_8, LS_012505B8_0_12;
L_01250CF0 .concat [ 16 16 0 0], L_012508D0, L_012505B8;
S_011FB070 .scope generate, "gen_pad[5]" "gen_pad[5]" 10 50, 10 50, S_011FACB8;
 .timescale -9 -12;
P_011F4A34 .param/l "gi" 10 50, +C4<0101>;
v01243730_0 .net *"_s1", 0 0, L_01250610; 1 drivers
v012436D8_0 .net *"_s2", 15 0, L_012506C0; 1 drivers
v01243050_0 .net *"_s4", 15 0, L_01250A30; 1 drivers
LS_012506C0_0_0 .concat [ 1 1 1 1], L_01250610, L_01250610, L_01250610, L_01250610;
LS_012506C0_0_4 .concat [ 1 1 1 1], L_01250610, L_01250610, L_01250610, L_01250610;
LS_012506C0_0_8 .concat [ 1 1 1 1], L_01250610, L_01250610, L_01250610, L_01250610;
LS_012506C0_0_12 .concat [ 1 1 1 1], L_01250610, L_01250610, L_01250610, L_01250610;
L_012506C0 .concat [ 4 4 4 4], LS_012506C0_0_0, LS_012506C0_0_4, LS_012506C0_0_8, LS_012506C0_0_12;
L_01250718 .concat [ 16 16 0 0], L_01250A30, L_012506C0;
S_011FB428 .scope generate, "gen_pad[6]" "gen_pad[6]" 10 50, 10 50, S_011FACB8;
 .timescale -9 -12;
P_011F4954 .param/l "gi" 10 50, +C4<0110>;
v01243100_0 .net *"_s1", 0 0, L_01250A88; 1 drivers
v012439F0_0 .net *"_s2", 15 0, L_01250770; 1 drivers
v012432B8_0 .net *"_s4", 15 0, L_012507C8; 1 drivers
LS_01250770_0_0 .concat [ 1 1 1 1], L_01250A88, L_01250A88, L_01250A88, L_01250A88;
LS_01250770_0_4 .concat [ 1 1 1 1], L_01250A88, L_01250A88, L_01250A88, L_01250A88;
LS_01250770_0_8 .concat [ 1 1 1 1], L_01250A88, L_01250A88, L_01250A88, L_01250A88;
LS_01250770_0_12 .concat [ 1 1 1 1], L_01250A88, L_01250A88, L_01250A88, L_01250A88;
L_01250770 .concat [ 4 4 4 4], LS_01250770_0_0, LS_01250770_0_4, LS_01250770_0_8, LS_01250770_0_12;
L_01251480 .concat [ 16 16 0 0], L_012507C8, L_01250770;
S_011FAF60 .scope generate, "gen_pad[7]" "gen_pad[7]" 10 50, 10 50, S_011FACB8;
 .timescale -9 -12;
P_011F4334 .param/l "gi" 10 50, +C4<0111>;
v01243940_0 .net *"_s1", 0 0, L_01251110; 1 drivers
v01243680_0 .net *"_s2", 15 0, L_01251168; 1 drivers
v01243AF8_0 .net *"_s4", 15 0, L_01251378; 1 drivers
LS_01251168_0_0 .concat [ 1 1 1 1], L_01251110, L_01251110, L_01251110, L_01251110;
LS_01251168_0_4 .concat [ 1 1 1 1], L_01251110, L_01251110, L_01251110, L_01251110;
LS_01251168_0_8 .concat [ 1 1 1 1], L_01251110, L_01251110, L_01251110, L_01251110;
LS_01251168_0_12 .concat [ 1 1 1 1], L_01251110, L_01251110, L_01251110, L_01251110;
L_01251168 .concat [ 4 4 4 4], LS_01251168_0_0, LS_01251168_0_4, LS_01251168_0_8, LS_01251168_0_12;
L_01251270 .concat [ 16 16 0 0], L_01251378, L_01251168;
S_011FAED8 .scope generate, "gen_pad[8]" "gen_pad[8]" 10 50, 10 50, S_011FACB8;
 .timescale -9 -12;
P_011F4194 .param/l "gi" 10 50, +C4<01000>;
v012434C8_0 .net *"_s1", 0 0, L_012511C0; 1 drivers
v01243628_0 .net *"_s2", 15 0, L_01251060; 1 drivers
v01243260_0 .net *"_s4", 15 0, L_01251530; 1 drivers
LS_01251060_0_0 .concat [ 1 1 1 1], L_012511C0, L_012511C0, L_012511C0, L_012511C0;
LS_01251060_0_4 .concat [ 1 1 1 1], L_012511C0, L_012511C0, L_012511C0, L_012511C0;
LS_01251060_0_8 .concat [ 1 1 1 1], L_012511C0, L_012511C0, L_012511C0, L_012511C0;
LS_01251060_0_12 .concat [ 1 1 1 1], L_012511C0, L_012511C0, L_012511C0, L_012511C0;
L_01251060 .concat [ 4 4 4 4], LS_01251060_0_0, LS_01251060_0_4, LS_01251060_0_8, LS_01251060_0_12;
L_01251638 .concat [ 16 16 0 0], L_01251530, L_01251060;
S_011FB318 .scope module, "u_relu" "activation_relu" 4 185, 11 20, S_011FB180;
 .timescale -9 -12;
P_011C6764 .param/l "ACC_WIDTH" 11 21, +C4<0100000>;
P_011C6778 .param/l "OUT_WIDTH" 11 22, +C4<01000>;
P_011C678C .param/l "SAT_MAX" 11 36, C4<00000000000000000000000011111111>;
v011F7648_0 .net *"_s1", 0 0, L_012517F0; 1 drivers
v011F6FC0_0 .net *"_s10", 7 0, C4<11111111>; 1 drivers
v011F7228_0 .net *"_s13", 7 0, L_01251588; 1 drivers
v01243AA0_0 .net *"_s2", 31 0, C4<00000000000000000000000000000000>; 1 drivers
v01243520_0 .net *"_s6", 31 0, C4<00000000000000000000000011111111>; 1 drivers
v01243470_0 .net *"_s8", 0 0, L_01250EA8; 1 drivers
v01243578_0 .alias/s "acc_in", 31 0, v0124A7C0_0;
v01243998_0 .alias "clk", 0 0, v0124A5B0_0;
v01243838_0 .var "feature", 7 0;
v01243158_0 .net/s "relu_val", 31 0, L_01251218; 1 drivers
v012437E0_0 .alias "rst_n", 0 0, v0124A240_0;
v01243890_0 .net "sat_val", 7 0, L_01250FB0; 1 drivers
v012438E8_0 .alias "valid_in", 0 0, v0124AA80_0;
v012435D0_0 .var "valid_out", 0 0;
E_011F3170 .event posedge, v01243998_0;
L_012517F0 .part v01243FC8_0, 31, 1;
L_01251218 .functor MUXZ 32, v01243FC8_0, C4<00000000000000000000000000000000>, L_012517F0, C4<>;
L_01250EA8 .cmp/gt 32, L_01251218, C4<00000000000000000000000011111111>;
L_01251588 .part L_01251218, 0, 8;
L_01250FB0 .functor MUXZ 8, L_01251588, C4<11111111>, L_01250EA8, C4<>;
    .scope S_011FB0F8;
T_4 ;
    %wait E_011F2790;
    %load/v 8, v011F78B0_0, 1;
    %inv 8, 1;
    %jmp/0xz  T_4.0, 8;
    %ix/load 0, 2, 0;
    %assign/v0 v011F7908_0, 0, 0;
    %jmp T_4.1;
T_4.0 ;
    %load/v 8, v011F75F0_0, 2;
    %ix/load 0, 2, 0;
    %assign/v0 v011F7908_0, 0, 8;
T_4.1 ;
    %jmp T_4;
    .thread T_4;
    .scope S_011FB0F8;
T_5 ;
    %wait E_011F26D0;
    %load/v 8, v011F7908_0, 2;
    %set/v v011F75F0_0, 8, 2;
    %load/v 8, v011F7908_0, 2;
    %cmpi/u 8, 0, 2;
    %jmp/1 T_5.0, 6;
    %cmpi/u 8, 1, 2;
    %jmp/1 T_5.1, 6;
    %cmpi/u 8, 2, 2;
    %jmp/1 T_5.2, 6;
    %cmpi/u 8, 3, 2;
    %jmp/1 T_5.3, 6;
    %jmp T_5.4;
T_5.0 ;
    %load/v 8, v011F7330_0, 1;
    %jmp/0xz  T_5.5, 8;
    %movi 8, 1, 2;
    %set/v v011F75F0_0, 8, 2;
T_5.5 ;
    %jmp T_5.4;
T_5.1 ;
    %load/v 8, v011F6F68_0, 1;
    %jmp/0xz  T_5.7, 8;
    %movi 8, 2, 2;
    %set/v v011F75F0_0, 8, 2;
T_5.7 ;
    %jmp T_5.4;
T_5.2 ;
    %load/v 8, v011F7070_0, 11;
    %cmpi/u 8, 1024, 11;
    %jmp/0xz  T_5.9, 4;
    %set/v v011F75F0_0, 1, 2;
T_5.9 ;
    %jmp T_5.4;
T_5.3 ;
    %set/v v011F75F0_0, 0, 2;
    %jmp T_5.4;
T_5.4 ;
    %jmp T_5;
    .thread T_5, $push;
    .scope S_011FB0F8;
T_6 ;
    %wait E_011F2790;
    %load/v 8, v011F78B0_0, 1;
    %inv 8, 1;
    %jmp/0xz  T_6.0, 8;
    %ix/load 0, 11, 0;
    %assign/v0 v011F7070_0, 0, 0;
    %ix/load 0, 10, 0;
    %assign/v0 v011F7388_0, 0, 0;
    %ix/load 0, 5, 0;
    %assign/v0 v011F7800_0, 0, 0;
    %ix/load 0, 5, 0;
    %assign/v0 v011F71D0_0, 0, 0;
    %ix/load 0, 1, 0;
    %assign/v0 v011F7858_0, 0, 0;
    %ix/load 0, 1, 0;
    %assign/v0 v011F7540_0, 0, 0;
    %ix/load 0, 1, 0;
    %assign/v0 v011F7598_0, 0, 0;
    %jmp T_6.1;
T_6.0 ;
    %ix/load 0, 1, 0;
    %assign/v0 v011F7540_0, 0, 0;
    %ix/load 0, 1, 0;
    %assign/v0 v011F7598_0, 0, 0;
    %load/v 8, v011F7908_0, 2;
    %cmpi/u 8, 0, 2;
    %jmp/1 T_6.2, 6;
    %cmpi/u 8, 1, 2;
    %jmp/1 T_6.3, 6;
    %cmpi/u 8, 2, 2;
    %jmp/1 T_6.4, 6;
    %cmpi/u 8, 3, 2;
    %jmp/1 T_6.5, 6;
    %jmp T_6.6;
T_6.2 ;
    %ix/load 0, 11, 0;
    %assign/v0 v011F7070_0, 0, 0;
    %ix/load 0, 10, 0;
    %assign/v0 v011F7388_0, 0, 0;
    %ix/load 0, 5, 0;
    %assign/v0 v011F7800_0, 0, 0;
    %ix/load 0, 5, 0;
    %assign/v0 v011F71D0_0, 0, 0;
    %ix/load 0, 1, 0;
    %assign/v0 v011F7858_0, 0, 0;
    %jmp T_6.6;
T_6.3 ;
    %ix/load 0, 1, 0;
    %assign/v0 v011F7858_0, 0, 0;
    %jmp T_6.6;
T_6.4 ;
    %ix/load 0, 1, 0;
    %assign/v0 v011F7858_0, 0, 1;
    %load/v 8, v011F7178_0, 1;
    %jmp/0xz  T_6.7, 8;
    %load/v 8, v011F7070_0, 11;
   %cmpi/u 8, 1024, 11;
    %jmp/0xz  T_6.9, 5;
    %ix/load 0, 1, 0;
    %load/vp0 8, v011F7070_0, 11;
    %ix/load 0, 11, 0;
    %assign/v0 v011F7070_0, 0, 8;
T_6.9 ;
    %load/v 8, v011F7800_0, 5;
    %mov 13, 0, 4;
    %cmpi/u 8, 31, 9;
    %jmp/0xz  T_6.11, 4;
    %ix/load 0, 5, 0;
    %assign/v0 v011F7800_0, 0, 0;
    %load/v 8, v011F71D0_0, 5;
    %mov 13, 0, 4;
   %cmpi/u 8, 31, 9;
    %jmp/0xz  T_6.13, 5;
    %ix/load 0, 1, 0;
    %load/vp0 8, v011F71D0_0, 5;
    %ix/load 0, 5, 0;
    %assign/v0 v011F71D0_0, 0, 8;
T_6.13 ;
    %jmp T_6.12;
T_6.11 ;
    %ix/load 0, 1, 0;
    %load/vp0 8, v011F7800_0, 5;
    %ix/load 0, 5, 0;
    %assign/v0 v011F7800_0, 0, 8;
T_6.12 ;
    %load/v 8, v011F79B8_0, 1;
    %ix/load 0, 1, 0;
    %assign/v0 v011F7598_0, 0, 8;
T_6.7 ;
    %jmp T_6.6;
T_6.5 ;
    %ix/load 0, 1, 0;
    %assign/v0 v011F7858_0, 0, 0;
    %ix/load 0, 1, 0;
    %assign/v0 v011F7540_0, 0, 1;
    %jmp T_6.6;
T_6.6 ;
T_6.1 ;
    %jmp T_6;
    .thread T_6;
    .scope S_011FBC20;
T_7 ;
    %wait E_011F4890;
    %load/v 8, v0124A870_0, 1;
    %inv 8, 1;
    %jmp/0xz  T_7.0, 8;
    %set/v v0124A4A8_0, 0, 32;
T_7.2 ;
    %load/v 8, v0124A4A8_0, 32;
   %cmpi/s 8, 9, 32;
    %jmp/0xz T_7.3, 5;
    %ix/getv/s 3, v0124A4A8_0;
    %jmp/1 t_0, 4;
    %ix/load 0, 8, 0; word width
    %ix/load 1, 0, 0; part off
    %assign/av v0124A9D0, 0, 0;
t_0 ;
    %ix/load 0, 1, 0;
    %load/vp0/s 8, v0124A4A8_0, 32;
    %set/v v0124A4A8_0, 8, 32;
    %jmp T_7.2;
T_7.3 ;
    %jmp T_7.1;
T_7.0 ;
    %load/v 8, v0124A558_0, 1;
    %jmp/0xz  T_7.4, 8;
    %load/v 8, v0124AB30_0, 8;
    %ix/getv 3, v0124AAD8_0;
    %jmp/1 t_1, 4;
    %ix/load 0, 8, 0; word width
    %ix/load 1, 0, 0; part off
    %assign/av v0124A9D0, 0, 8;
t_1 ;
T_7.4 ;
T_7.1 ;
    %jmp T_7;
    .thread T_7;
    .scope S_011FB868;
T_8 ;
    %wait E_011F4890;
    %load/v 8, v01249F48_0, 1;
    %inv 8, 1;
    %jmp/0xz  T_8.0, 8;
    %set/v v01249D90_0, 0, 32;
T_8.2 ;
    %load/v 8, v01249D90_0, 32;
   %cmpi/s 8, 16, 32;
    %jmp/0xz T_8.3, 5;
    %ix/getv/s 3, v01249D90_0;
    %jmp/1 t_2, 4;
    %ix/load 0, 8, 0; word width
    %ix/load 1, 0, 0; part off
    %assign/av v01249C88, 0, 0;
t_2 ;
    %ix/load 0, 1, 0;
    %load/vp0/s 8, v01249D90_0, 32;
    %set/v v01249D90_0, 8, 32;
    %jmp T_8.2;
T_8.3 ;
    %jmp T_8.1;
T_8.0 ;
    %load/v 8, v01249E98_0, 1;
    %jmp/0xz  T_8.4, 8;
    %load/v 8, v01249E40_0, 8;
    %ix/load 3, 0, 0; address
    %ix/load 0, 8, 0; word width
    %ix/load 1, 0, 0; part off
    %assign/av v01249C88, 0, 8;
t_3 ;
    %movi 8, 1, 32;
    %set/v v01249DE8_0, 8, 32;
T_8.6 ;
    %load/v 8, v01249DE8_0, 32;
   %cmpi/s 8, 8, 32;
    %jmp/0xz T_8.7, 5;
    %load/v 16, v01249DE8_0, 32;
    %subi 16, 1, 32;
    %ix/get/s 3, 16, 32;
    %load/av 8, v01249C88, 8;
    %ix/getv/s 3, v01249DE8_0;
    %jmp/1 t_4, 4;
    %ix/load 0, 8, 0; word width
    %ix/load 1, 0, 0; part off
    %assign/av v01249C88, 0, 8;
t_4 ;
    %ix/load 0, 1, 0;
    %load/vp0/s 8, v01249DE8_0, 32;
    %set/v v01249DE8_0, 8, 32;
    %jmp T_8.6;
T_8.7 ;
    %movi 8, 1, 32;
    %set/v v01249D90_0, 8, 32;
T_8.8 ;
    %load/v 8, v01249D90_0, 32;
   %cmpi/s 8, 2, 32;
    %jmp/0xz T_8.9, 5;
    %load/v 16, v01249D90_0, 32;
    %mov 48, 47, 1;
    %mov 49, 47, 1;
    %mov 50, 47, 1;
    %mov 51, 47, 1;
    %mov 52, 47, 1;
    %subi 16, 1, 37;
    %muli 16, 8, 37;
    %movi 53, 4294967289, 32;
    %movi 85, 31, 5;
    %sub 16, 53, 37;
    %ix/get/s 3, 16, 37;
    %load/av 8, v01249C88, 8;
    %load/v 16, v01249D90_0, 32;
    %mov 48, 47, 1;
    %mov 49, 47, 1;
    %mov 50, 47, 1;
    %mov 51, 47, 1;
    %mov 52, 47, 1;
    %muli 16, 8, 37;
    %ix/get/s 3, 16, 37;
    %jmp/1 t_5, 4;
    %ix/load 0, 8, 0; word width
    %ix/load 1, 0, 0; part off
    %assign/av v01249C88, 0, 8;
t_5 ;
    %movi 8, 1, 32;
    %set/v v01249DE8_0, 8, 32;
T_8.10 ;
    %load/v 8, v01249DE8_0, 32;
   %cmpi/s 8, 8, 32;
    %jmp/0xz T_8.11, 5;
    %load/v 16, v01249D90_0, 32;
    %mov 48, 47, 1;
    %mov 49, 47, 1;
    %mov 50, 47, 1;
    %mov 51, 47, 1;
    %mov 52, 47, 1;
    %muli 16, 8, 37;
    %load/v 53, v01249DE8_0, 32;
    %mov 85, 84, 1;
    %mov 86, 84, 1;
    %mov 87, 84, 1;
    %mov 88, 84, 1;
    %mov 89, 84, 1;
    %add 16, 53, 37;
    %subi 16, 1, 37;
    %ix/get/s 3, 16, 37;
    %load/av 8, v01249C88, 8;
    %load/v 16, v01249D90_0, 32;
    %mov 48, 47, 1;
    %mov 49, 47, 1;
    %mov 50, 47, 1;
    %mov 51, 47, 1;
    %mov 52, 47, 1;
    %muli 16, 8, 37;
    %load/v 53, v01249DE8_0, 32;
    %mov 85, 84, 1;
    %mov 86, 84, 1;
    %mov 87, 84, 1;
    %mov 88, 84, 1;
    %mov 89, 84, 1;
    %add 16, 53, 37;
    %ix/get/s 3, 16, 37;
    %jmp/1 t_6, 4;
    %ix/load 0, 8, 0; word width
    %ix/load 1, 0, 0; part off
    %assign/av v01249C88, 0, 8;
t_6 ;
    %ix/load 0, 1, 0;
    %load/vp0/s 8, v01249DE8_0, 32;
    %set/v v01249DE8_0, 8, 32;
    %jmp T_8.10;
T_8.11 ;
    %ix/load 0, 1, 0;
    %load/vp0/s 8, v01249D90_0, 32;
    %set/v v01249D90_0, 8, 32;
    %jmp T_8.8;
T_8.9 ;
T_8.4 ;
T_8.1 ;
    %jmp T_8;
    .thread T_8;
    .scope S_011FC858;
T_9 ;
    %wait E_011F3170;
    %load/v 8, v012495A8_0, 1;
    %inv 8, 1;
    %jmp/0xz  T_9.0, 8;
    %ix/load 0, 5, 0;
    %assign/v0 v012491E0_0, 0, 0;
    %ix/load 0, 1, 0;
    %assign/v0 v012492E8_0, 0, 0;
    %set/v v01249238_0, 0, 32;
T_9.2 ;
    %load/v 8, v01249238_0, 32;
   %cmpi/s 8, 9, 32;
    %jmp/0xz T_9.3, 5;
    %ix/getv/s 3, v01249238_0;
    %jmp/1 t_7, 4;
    %ix/load 0, 8, 0; word width
    %ix/load 1, 0, 0; part off
    %assign/av v012499C8, 0, 0;
t_7 ;
    %ix/load 0, 1, 0;
    %load/vp0/s 8, v01249238_0, 32;
    %set/v v01249238_0, 8, 32;
    %jmp T_9.2;
T_9.3 ;
    %jmp T_9.1;
T_9.0 ;
    %load/v 8, v012498C0_0, 1;
    %jmp/0xz  T_9.4, 8;
    %load/v 8, v01249600_0, 1;
    %inv 8, 1;
    %jmp/0xz  T_9.6, 8;
    %ix/load 0, 1, 0;
    %load/vp0 8, v012491E0_0, 5;
    %ix/load 0, 5, 0;
    %assign/v0 v012491E0_0, 0, 8;
T_9.6 ;
    %load/v 8, v01249760_0, 8;
    %ix/load 3, 6, 0; address
    %ix/load 0, 8, 0; word width
    %ix/load 1, 0, 0; part off
    %assign/av v012499C8, 0, 8;
t_8 ;
    %movi 8, 1, 32;
    %set/v v01249868_0, 8, 32;
T_9.8 ;
    %load/v 8, v01249868_0, 32;
   %cmpi/s 8, 3, 32;
    %jmp/0xz T_9.9, 5;
    %ix/load 0, 6, 0;
    %load/vp0/s 16, v01249868_0, 32;
    %subi 16, 1, 32;
    %ix/get/s 3, 16, 32;
    %load/av 8, v012499C8, 8;
    %ix/load 0, 6, 0;
    %load/vp0/s 16, v01249868_0, 32;
    %ix/get/s 3, 16, 32;
    %jmp/1 t_9, 4;
    %ix/load 0, 8, 0; word width
    %ix/load 1, 0, 0; part off
    %assign/av v012499C8, 0, 8;
t_9 ;
    %ix/load 0, 1, 0;
    %load/vp0/s 8, v01249868_0, 32;
    %set/v v01249868_0, 8, 32;
    %jmp T_9.8;
T_9.9 ;
    %set/v v01249238_0, 0, 32;
T_9.10 ;
    %load/v 8, v01249238_0, 32;
   %cmpi/s 8, 2, 32;
    %jmp/0xz T_9.11, 5;
    %movi 8, 1, 37;
    %load/v 45, v01249238_0, 32;
    %mov 77, 76, 1;
    %mov 78, 76, 1;
    %mov 79, 76, 1;
    %mov 80, 76, 1;
    %mov 81, 76, 1;
    %sub 8, 45, 37;
    %muli 8, 8, 37;
    %ix/get/s 1, 8, 37;
    %jmp/1 T_9.12, 4;
    %load/x1p 8, v01249970_0, 8;
    %jmp T_9.13;
T_9.12 ;
    %mov 8, 2, 8;
T_9.13 ;
; Save base=8 wid=8 in lookaside.
    %load/v 16, v01249238_0, 32;
    %mov 48, 47, 1;
    %mov 49, 47, 1;
    %mov 50, 47, 1;
    %muli 16, 3, 35;
    %ix/get/s 3, 16, 35;
    %jmp/1 t_10, 4;
    %ix/load 0, 8, 0; word width
    %ix/load 1, 0, 0; part off
    %assign/av v012499C8, 0, 8;
t_10 ;
    %movi 8, 1, 32;
    %set/v v01249868_0, 8, 32;
T_9.14 ;
    %load/v 8, v01249868_0, 32;
   %cmpi/s 8, 3, 32;
    %jmp/0xz T_9.15, 5;
    %load/v 16, v01249238_0, 32;
    %mov 48, 47, 1;
    %mov 49, 47, 1;
    %mov 50, 47, 1;
    %muli 16, 3, 35;
    %load/v 51, v01249868_0, 32;
    %mov 83, 82, 1;
    %mov 84, 82, 1;
    %mov 85, 82, 1;
    %add 16, 51, 35;
    %subi 16, 1, 35;
    %ix/get/s 3, 16, 35;
    %load/av 8, v012499C8, 8;
    %load/v 16, v01249238_0, 32;
    %mov 48, 47, 1;
    %mov 49, 47, 1;
    %mov 50, 47, 1;
    %muli 16, 3, 35;
    %load/v 51, v01249868_0, 32;
    %mov 83, 82, 1;
    %mov 84, 82, 1;
    %mov 85, 82, 1;
    %add 16, 51, 35;
    %ix/get/s 3, 16, 35;
    %jmp/1 t_11, 4;
    %ix/load 0, 8, 0; word width
    %ix/load 1, 0, 0; part off
    %assign/av v012499C8, 0, 8;
t_11 ;
    %ix/load 0, 1, 0;
    %load/vp0/s 8, v01249868_0, 32;
    %set/v v01249868_0, 8, 32;
    %jmp T_9.14;
T_9.15 ;
    %ix/load 0, 1, 0;
    %load/vp0/s 8, v01249238_0, 32;
    %set/v v01249238_0, 8, 32;
    %jmp T_9.10;
T_9.11 ;
    %load/v 8, v01249600_0, 1;
    %ix/load 0, 1, 0;
    %assign/v0 v012492E8_0, 0, 8;
    %jmp T_9.5;
T_9.4 ;
    %ix/load 0, 1, 0;
    %assign/v0 v012492E8_0, 0, 0;
T_9.5 ;
T_9.1 ;
    %jmp T_9;
    .thread T_9;
    .scope S_011FC858;
T_10 ;
    %wait E_011F4770;
    %set/v v01249398_0, 0, 32;
T_10.0 ;
    %load/v 8, v01249398_0, 32;
   %cmpi/s 8, 3, 32;
    %jmp/0xz T_10.1, 5;
    %set/v v01249A20_0, 0, 32;
T_10.2 ;
    %load/v 8, v01249A20_0, 32;
   %cmpi/s 8, 3, 32;
    %jmp/0xz T_10.3, 5;
    %load/v 16, v01249398_0, 32;
    %mov 48, 47, 1;
    %mov 49, 47, 1;
    %mov 50, 47, 1;
    %muli 16, 3, 35;
    %movi 51, 2, 35;
    %load/v 86, v01249A20_0, 32;
    %mov 118, 117, 1;
    %mov 119, 117, 1;
    %mov 120, 117, 1;
    %sub 51, 86, 35;
    %add 16, 51, 35;
    %ix/get/s 3, 16, 35;
    %load/av 8, v012499C8, 8;
    %load/v 16, v01249398_0, 32;
    %mov 48, 47, 1;
    %mov 49, 47, 1;
    %mov 50, 47, 1;
    %mov 51, 47, 1;
    %mov 52, 47, 1;
    %mov 53, 47, 1;
    %mov 54, 47, 1;
    %mov 55, 47, 1;
    %muli 16, 3, 40;
    %load/v 56, v01249A20_0, 32;
    %mov 88, 87, 1;
    %mov 89, 87, 1;
    %mov 90, 87, 1;
    %mov 91, 87, 1;
    %mov 92, 87, 1;
    %mov 93, 87, 1;
    %mov 94, 87, 1;
    %mov 95, 87, 1;
    %add 16, 56, 40;
    %muli 16, 8, 40;
    %ix/get/s 0, 16, 40;
    %jmp/1 t_12, 4;
    %set/x0 v01249290_0, 8, 8;
t_12 ;
    %ix/load 0, 1, 0;
    %load/vp0/s 8, v01249A20_0, 32;
    %set/v v01249A20_0, 8, 32;
    %jmp T_10.2;
T_10.3 ;
    %ix/load 0, 1, 0;
    %load/vp0/s 8, v01249398_0, 32;
    %set/v v01249398_0, 8, 32;
    %jmp T_10.0;
T_10.1 ;
    %jmp T_10;
    .thread T_10, $push;
    .scope S_011FBDB8;
T_11 ;
    %wait E_011F3170;
    %load/v 8, v01249448_0, 1;
    %inv 8, 1;
    %jmp/0xz  T_11.0, 8;
    %ix/load 0, 16, 0;
    %assign/v0 v01249550_0, 0, 0;
    %jmp T_11.1;
T_11.0 ;
    %load/v 8, v01249B28_0, 1;
    %jmp/0xz  T_11.2, 8;
    %load/v 8, v01249A78_0, 16;
    %ix/load 1, 15, 0;
    %mov 4, 0, 1;
    %jmp/1 T_11.4, 4;
    %load/x1p 25, v01249A78_0, 1;
    %jmp T_11.5;
T_11.4 ;
    %mov 25, 2, 1;
T_11.5 ;
    %mov 24, 25, 1; Move signal select into place
    %ix/load 0, 16, 0;
    %assign/v0 v01249550_0, 0, 8;
T_11.2 ;
T_11.1 ;
    %jmp T_11;
    .thread T_11;
    .scope S_011FC6C0;
T_12 ;
    %wait E_011F3170;
    %load/v 8, v01248FF0_0, 1;
    %inv 8, 1;
    %jmp/0xz  T_12.0, 8;
    %ix/load 0, 16, 0;
    %assign/v0 v01248F98_0, 0, 0;
    %jmp T_12.1;
T_12.0 ;
    %load/v 8, v01248758_0, 1;
    %jmp/0xz  T_12.2, 8;
    %load/v 8, v01248BD0_0, 16;
    %ix/load 1, 15, 0;
    %mov 4, 0, 1;
    %jmp/1 T_12.4, 4;
    %load/x1p 25, v01248BD0_0, 1;
    %jmp T_12.5;
T_12.4 ;
    %mov 25, 2, 1;
T_12.5 ;
    %mov 24, 25, 1; Move signal select into place
    %ix/load 0, 16, 0;
    %assign/v0 v01248F98_0, 0, 8;
T_12.2 ;
T_12.1 ;
    %jmp T_12;
    .thread T_12;
    .scope S_011FBFD8;
T_13 ;
    %wait E_011F3170;
    %load/v 8, v01248128_0, 1;
    %inv 8, 1;
    %jmp/0xz  T_13.0, 8;
    %ix/load 0, 16, 0;
    %assign/v0 v01248968_0, 0, 0;
    %jmp T_13.1;
T_13.0 ;
    %load/v 8, v01248548_0, 1;
    %jmp/0xz  T_13.2, 8;
    %load/v 8, v01248860_0, 16;
    %ix/load 1, 15, 0;
    %mov 4, 0, 1;
    %jmp/1 T_13.4, 4;
    %load/x1p 25, v01248860_0, 1;
    %jmp T_13.5;
T_13.4 ;
    %mov 25, 2, 1;
T_13.5 ;
    %mov 24, 25, 1; Move signal select into place
    %ix/load 0, 16, 0;
    %assign/v0 v01248968_0, 0, 8;
T_13.2 ;
T_13.1 ;
    %jmp T_13;
    .thread T_13;
    .scope S_011FC528;
T_14 ;
    %wait E_011F3170;
    %load/v 8, v01248440_0, 1;
    %inv 8, 1;
    %jmp/0xz  T_14.0, 8;
    %ix/load 0, 16, 0;
    %assign/v0 v012482E0_0, 0, 0;
    %jmp T_14.1;
T_14.0 ;
    %load/v 8, v01246220_0, 1;
    %jmp/0xz  T_14.2, 8;
    %load/v 8, v01248B20_0, 16;
    %ix/load 1, 15, 0;
    %mov 4, 0, 1;
    %jmp/1 T_14.4, 4;
    %load/x1p 25, v01248B20_0, 1;
    %jmp T_14.5;
T_14.4 ;
    %mov 25, 2, 1;
T_14.5 ;
    %mov 24, 25, 1; Move signal select into place
    %ix/load 0, 16, 0;
    %assign/v0 v012482E0_0, 0, 8;
T_14.2 ;
T_14.1 ;
    %jmp T_14;
    .thread T_14;
    .scope S_011FBA88;
T_15 ;
    %wait E_011F3170;
    %load/v 8, v01246328_0, 1;
    %inv 8, 1;
    %jmp/0xz  T_15.0, 8;
    %ix/load 0, 16, 0;
    %assign/v0 v01246958_0, 0, 0;
    %jmp T_15.1;
T_15.0 ;
    %load/v 8, v012468A8_0, 1;
    %jmp/0xz  T_15.2, 8;
    %load/v 8, v01246640_0, 16;
    %ix/load 1, 15, 0;
    %mov 4, 0, 1;
    %jmp/1 T_15.4, 4;
    %load/x1p 25, v01246640_0, 1;
    %jmp T_15.5;
T_15.4 ;
    %mov 25, 2, 1;
T_15.5 ;
    %mov 24, 25, 1; Move signal select into place
    %ix/load 0, 16, 0;
    %assign/v0 v01246958_0, 0, 8;
T_15.2 ;
T_15.1 ;
    %jmp T_15;
    .thread T_15;
    .scope S_011FBEC8;
T_16 ;
    %wait E_011F3170;
    %load/v 8, v01246380_0, 1;
    %inv 8, 1;
    %jmp/0xz  T_16.0, 8;
    %ix/load 0, 16, 0;
    %assign/v0 v01246068_0, 0, 0;
    %jmp T_16.1;
T_16.0 ;
    %load/v 8, v01246CC8_0, 1;
    %jmp/0xz  T_16.2, 8;
    %load/v 8, v01246278_0, 16;
    %ix/load 1, 15, 0;
    %mov 4, 0, 1;
    %jmp/1 T_16.4, 4;
    %load/x1p 25, v01246278_0, 1;
    %jmp T_16.5;
T_16.4 ;
    %mov 25, 2, 1;
T_16.5 ;
    %mov 24, 25, 1; Move signal select into place
    %ix/load 0, 16, 0;
    %assign/v0 v01246068_0, 0, 8;
T_16.2 ;
T_16.1 ;
    %jmp T_16;
    .thread T_16;
    .scope S_011FC4A0;
T_17 ;
    %wait E_011F3170;
    %load/v 8, v01246E28_0, 1;
    %inv 8, 1;
    %jmp/0xz  T_17.0, 8;
    %ix/load 0, 16, 0;
    %assign/v0 v01244CB8_0, 0, 0;
    %jmp T_17.1;
T_17.0 ;
    %load/v 8, v01244C60_0, 1;
    %jmp/0xz  T_17.2, 8;
    %load/v 8, v01246F88_0, 16;
    %ix/load 1, 15, 0;
    %mov 4, 0, 1;
    %jmp/1 T_17.4, 4;
    %load/x1p 25, v01246F88_0, 1;
    %jmp T_17.5;
T_17.4 ;
    %mov 25, 2, 1;
T_17.5 ;
    %mov 24, 25, 1; Move signal select into place
    %ix/load 0, 16, 0;
    %assign/v0 v01244CB8_0, 0, 8;
T_17.2 ;
T_17.1 ;
    %jmp T_17;
    .thread T_17;
    .scope S_011FBCA8;
T_18 ;
    %wait E_011F3170;
    %load/v 8, v01244A50_0, 1;
    %inv 8, 1;
    %jmp/0xz  T_18.0, 8;
    %ix/load 0, 16, 0;
    %assign/v0 v012446E0_0, 0, 0;
    %jmp T_18.1;
T_18.0 ;
    %load/v 8, v012449F8_0, 1;
    %jmp/0xz  T_18.2, 8;
    %load/v 8, v01244738_0, 16;
    %ix/load 1, 15, 0;
    %mov 4, 0, 1;
    %jmp/1 T_18.4, 4;
    %load/x1p 25, v01244738_0, 1;
    %jmp T_18.5;
T_18.4 ;
    %mov 25, 2, 1;
T_18.5 ;
    %mov 24, 25, 1; Move signal select into place
    %ix/load 0, 16, 0;
    %assign/v0 v012446E0_0, 0, 8;
T_18.2 ;
T_18.1 ;
    %jmp T_18;
    .thread T_18;
    .scope S_011FBE40;
T_19 ;
    %wait E_011F3170;
    %load/v 8, v01244790_0, 1;
    %inv 8, 1;
    %jmp/0xz  T_19.0, 8;
    %ix/load 0, 16, 0;
    %assign/v0 v012440B0_0, 0, 0;
    %jmp T_19.1;
T_19.0 ;
    %load/v 8, v012443C8_0, 1;
    %jmp/0xz  T_19.2, 8;
    %load/v 8, v01244528_0, 16;
    %ix/load 1, 15, 0;
    %mov 4, 0, 1;
    %jmp/1 T_19.4, 4;
    %load/x1p 25, v01244528_0, 1;
    %jmp T_19.5;
T_19.4 ;
    %mov 25, 2, 1;
T_19.5 ;
    %mov 24, 25, 1; Move signal select into place
    %ix/load 0, 16, 0;
    %assign/v0 v012440B0_0, 0, 8;
T_19.2 ;
T_19.1 ;
    %jmp T_19;
    .thread T_19;
    .scope S_011FA988;
T_20 ;
    %wait E_011F3170;
    %load/v 8, v01249708_0, 1;
    %inv 8, 1;
    %jmp/0xz  T_20.0, 8;
    %ix/load 0, 1, 0;
    %assign/v0 v01249340_0, 0, 0;
    %jmp T_20.1;
T_20.0 ;
    %load/v 8, v01249188_0, 1;
    %ix/load 0, 1, 0;
    %assign/v0 v01249340_0, 0, 8;
T_20.1 ;
    %jmp T_20;
    .thread T_20;
    .scope S_011FACB8;
T_21 ;
    %wait E_011F3BB0;
    %set/v v01243D08_0, 0, 32;
    %set/v v01243EC0_0, 0, 32;
T_21.0 ;
    %load/v 8, v01243EC0_0, 32;
   %cmpi/s 8, 9, 32;
    %jmp/0xz T_21.1, 5;
    %load/v 8, v01243D08_0, 32;
    %ix/getv/s 3, v01243EC0_0;
    %load/av 40, v01243D60, 32;
    %add 8, 40, 32;
    %set/v v01243D08_0, 8, 32;
    %ix/load 0, 1, 0;
    %load/vp0/s 8, v01243EC0_0, 32;
    %set/v v01243EC0_0, 8, 32;
    %jmp T_21.0;
T_21.1 ;
    %jmp T_21;
    .thread T_21, $push;
    .scope S_011FACB8;
T_22 ;
    %wait E_011F3170;
    %load/v 8, v01243B50_0, 1;
    %inv 8, 1;
    %jmp/0xz  T_22.0, 8;
    %ix/load 0, 32, 0;
    %assign/v0 v01243FC8_0, 0, 0;
    %ix/load 0, 1, 0;
    %assign/v0 v012445D8_0, 0, 0;
    %jmp T_22.1;
T_22.0 ;
    %load/v 8, v01243D08_0, 32;
    %ix/load 0, 32, 0;
    %assign/v0 v01243FC8_0, 0, 8;
    %load/v 8, v01243BA8_0, 1;
    %ix/load 0, 1, 0;
    %assign/v0 v012445D8_0, 0, 8;
T_22.1 ;
    %jmp T_22;
    .thread T_22;
    .scope S_011FB318;
T_23 ;
    %wait E_011F3170;
    %load/v 8, v012437E0_0, 1;
    %inv 8, 1;
    %jmp/0xz  T_23.0, 8;
    %ix/load 0, 8, 0;
    %assign/v0 v01243838_0, 0, 0;
    %ix/load 0, 1, 0;
    %assign/v0 v012435D0_0, 0, 0;
    %jmp T_23.1;
T_23.0 ;
    %load/v 8, v01243890_0, 8;
    %ix/load 0, 8, 0;
    %assign/v0 v01243838_0, 0, 8;
    %load/v 8, v012438E8_0, 1;
    %ix/load 0, 1, 0;
    %assign/v0 v012435D0_0, 0, 8;
T_23.1 ;
    %jmp T_23;
    .thread T_23;
    .scope S_011FB208;
T_24 ;
    %set/v v0124ADF0_0, 0, 1;
    %end;
    .thread T_24;
    .scope S_011FB208;
T_25 ;
    %delay 5000, 0;
    %load/v 8, v0124ADF0_0, 1;
    %inv 8, 1;
    %set/v v0124ADF0_0, 8, 1;
    %jmp T_25;
    .thread T_25;
    .scope S_011FB208;
T_26 ;
    %set/v v0124BA88_0, 0, 1;
    %end;
    .thread T_26;
    .scope S_011FB208;
T_27 ;
    %set/v v0124B4B0_0, 0, 1;
    %end;
    .thread T_27;
    .scope S_011FB208;
T_28 ;
    %set/v v0124B980_0, 0, 1;
    %end;
    .thread T_28;
    .scope S_011FB208;
T_29 ;
    %set/v v0124B668_0, 0, 4;
    %end;
    .thread T_29;
    .scope S_011FB208;
T_30 ;
    %set/v v0124B1F0_0, 0, 8;
    %end;
    .thread T_30;
    .scope S_011FB208;
T_31 ;
    %set/v v0124B878_0, 0, 8;
    %end;
    .thread T_31;
    .scope S_011FB208;
T_32 ;
    %set/v v0124B3A8_0, 0, 1;
    %end;
    .thread T_32;
    .scope S_011FB208;
T_33 ;
    %wait E_011F3170;
    %load/v 8, v0124B350_0, 1;
    %load/v 9, v0124AFA8_0, 32;
   %cmpi/s 9, 36, 32;
    %mov 9, 5, 1;
    %and 8, 9, 1;
    %jmp/0xz  T_33.0, 8;
    %load/v 8, v0124AF50_0, 8;
    %ix/getv/s 3, v0124AFA8_0;
    %jmp/1 t_13, 4;
    %ix/load 0, 8, 0; word width
    %ix/load 1, 0, 0; part off
    %assign/av v0124AC90, 0, 8;
t_13 ;
    %load/v 8, v0124AFA8_0, 32;
    %mov 40, 39, 1;
    %addi 8, 1, 33;
    %ix/load 0, 32, 0;
    %assign/v0 v0124AFA8_0, 0, 8;
T_33.0 ;
    %jmp T_33;
    .thread T_33;
    .scope S_011FB208;
T_34 ;
    %vpi_call 3 177 "$dumpfile", "tb_cnn_accelerator.vcd";
    %vpi_call 3 178 "$dumpvars", 1'sb0, S_011FB208;
    %set/v v0124B820_0, 0, 32;
    %set/v v0124AEA0_0, 0, 32;
    %vpi_call 3 180 "$display", "================================================";
    %vpi_call 3 181 "$display", " CNN Accelerator Testbench  \342\200\224  %0dx%0d image, %0dx%0d kernel", P_01186EF8, P_01186EE4, P_01186F0C, P_01186F0C;
    %vpi_call 3 183 "$display", "================================================";
    %fork TD_tb_cnn_accelerator.do_reset, S_011FCE30;
    %join;
    %set/v v0124B4B0_0, 1, 1;
    %wait E_011F3170;
    %set/v v0124B4B0_0, 0, 1;
   %ix/load 1, 0, 0;
   %ix/load 3, 0, 0;
   %set/av v0124B400, 1, 8;
   %ix/load 1, 0, 0;
   %ix/load 3, 1, 0;
   %set/av v0124B400, 1, 8;
   %ix/load 1, 0, 0;
   %ix/load 3, 2, 0;
   %set/av v0124B400, 1, 8;
   %ix/load 1, 0, 0;
   %ix/load 3, 3, 0;
   %set/av v0124B400, 1, 8;
    %movi 8, 8, 8;
   %ix/load 1, 0, 0;
   %ix/load 3, 4, 0;
   %set/av v0124B400, 8, 8;
   %ix/load 1, 0, 0;
   %ix/load 3, 5, 0;
   %set/av v0124B400, 1, 8;
   %ix/load 1, 0, 0;
   %ix/load 3, 6, 0;
   %set/av v0124B400, 1, 8;
   %ix/load 1, 0, 0;
   %ix/load 3, 7, 0;
   %set/av v0124B400, 1, 8;
   %ix/load 1, 0, 0;
   %ix/load 3, 8, 0;
   %set/av v0124B400, 1, 8;
    %fork TD_tb_cnn_accelerator.do_load_weights, S_011FD518;
    %join;
    %set/v v0124B928_0, 0, 32;
T_34.0 ;
    %load/v 8, v0124B928_0, 32;
   %cmpi/s 8, 64, 32;
    %jmp/0xz T_34.1, 5;
    %ix/getv/s 3, v0124B928_0;
   %jmp/1 t_14, 4;
   %ix/load 1, 0, 0;
   %set/av v0124B508, 0, 8;
t_14 ;
    %ix/load 0, 1, 0;
    %load/vp0/s 8, v0124B928_0, 32;
    %set/v v0124B928_0, 8, 32;
    %jmp T_34.0;
T_34.1 ;
    %set/v v0124B928_0, 0, 32;
T_34.2 ;
    %load/v 8, v0124B928_0, 32;
   %cmpi/s 8, 36, 32;
    %jmp/0xz T_34.3, 5;
    %ix/getv/s 3, v0124B928_0;
   %jmp/1 t_15, 4;
   %ix/load 1, 0, 0;
   %set/av v0124AD40, 0, 8;
t_15 ;
    %ix/load 0, 1, 0;
    %load/vp0/s 8, v0124B928_0, 32;
    %set/v v0124B928_0, 8, 32;
    %jmp T_34.2;
T_34.3 ;
    %fork TD_tb_cnn_accelerator.do_stream, S_011FD2F8;
    %join;
    %movi 8, 1667850606, 32;
    %movi 40, 1634757729, 32;
    %movi 72, 1697390668, 32;
    %movi 104, 1768776039, 32;
    %movi 136, 1701998368, 32;
    %movi 168, 1819028858, 32;
    %movi 200, 825892929, 32;
    %movi 232, 21571, 16;
    %set/v v0124AD98_0, 8, 128;
    %fork TD_tb_cnn_accelerator.do_check, S_011FCEB8;
    %join;
    %fork TD_tb_cnn_accelerator.do_reset, S_011FCE30;
    %join;
    %set/v v0124B4B0_0, 1, 1;
    %wait E_011F3170;
    %set/v v0124B4B0_0, 0, 1;
   %ix/load 1, 0, 0;
   %ix/load 3, 0, 0;
   %set/av v0124B400, 1, 8;
   %ix/load 1, 0, 0;
   %ix/load 3, 1, 0;
   %set/av v0124B400, 1, 8;
   %ix/load 1, 0, 0;
   %ix/load 3, 2, 0;
   %set/av v0124B400, 1, 8;
   %ix/load 1, 0, 0;
   %ix/load 3, 3, 0;
   %set/av v0124B400, 1, 8;
    %movi 8, 8, 8;
   %ix/load 1, 0, 0;
   %ix/load 3, 4, 0;
   %set/av v0124B400, 8, 8;
   %ix/load 1, 0, 0;
   %ix/load 3, 5, 0;
   %set/av v0124B400, 1, 8;
   %ix/load 1, 0, 0;
   %ix/load 3, 6, 0;
   %set/av v0124B400, 1, 8;
   %ix/load 1, 0, 0;
   %ix/load 3, 7, 0;
   %set/av v0124B400, 1, 8;
   %ix/load 1, 0, 0;
   %ix/load 3, 8, 0;
   %set/av v0124B400, 1, 8;
    %fork TD_tb_cnn_accelerator.do_load_weights, S_011FD518;
    %join;
    %set/v v0124B928_0, 0, 32;
T_34.4 ;
    %load/v 8, v0124B928_0, 32;
   %cmpi/s 8, 64, 32;
    %jmp/0xz T_34.5, 5;
    %movi 8, 20, 8;
    %ix/getv/s 3, v0124B928_0;
   %jmp/1 t_16, 4;
   %ix/load 1, 0, 0;
   %set/av v0124B508, 8, 8;
t_16 ;
    %ix/load 0, 1, 0;
    %load/vp0/s 8, v0124B928_0, 32;
    %set/v v0124B928_0, 8, 32;
    %jmp T_34.4;
T_34.5 ;
    %set/v v0124B928_0, 0, 32;
T_34.6 ;
    %load/v 8, v0124B928_0, 32;
   %cmpi/s 8, 36, 32;
    %jmp/0xz T_34.7, 5;
    %ix/getv/s 3, v0124B928_0;
   %jmp/1 t_17, 4;
   %ix/load 1, 0, 0;
   %set/av v0124AD40, 0, 8;
t_17 ;
    %ix/load 0, 1, 0;
    %load/vp0/s 8, v0124B928_0, 32;
    %set/v v0124B928_0, 8, 32;
    %jmp T_34.6;
T_34.7 ;
    %fork TD_tb_cnn_accelerator.do_stream, S_011FD2F8;
    %join;
    %movi 8, 1667850606, 32;
    %movi 40, 1634757729, 32;
    %movi 72, 690757708, 32;
    %movi 104, 1814049328, 32;
    %movi 136, 539517292, 32;
    %movi 168, 1835100005, 32;
    %movi 200, 1853104233, 32;
    %movi 232, 1853060193, 32;
    %movi 264, 975192943, 32;
    %movi 296, 5522226, 24;
    %set/v v0124AD98_0, 8, 128;
    %fork TD_tb_cnn_accelerator.do_check, S_011FCEB8;
    %join;
    %fork TD_tb_cnn_accelerator.do_reset, S_011FCE30;
    %join;
    %set/v v0124B4B0_0, 1, 1;
    %wait E_011F3170;
    %set/v v0124B4B0_0, 0, 1;
   %ix/load 1, 0, 0;
   %ix/load 3, 0, 0;
   %set/av v0124B400, 0, 8;
   %ix/load 1, 0, 0;
   %ix/load 3, 1, 0;
   %set/av v0124B400, 0, 8;
   %ix/load 1, 0, 0;
   %ix/load 3, 2, 0;
   %set/av v0124B400, 0, 8;
   %ix/load 1, 0, 0;
   %ix/load 3, 3, 0;
   %set/av v0124B400, 0, 8;
    %movi 8, 1, 8;
   %ix/load 1, 0, 0;
   %ix/load 3, 4, 0;
   %set/av v0124B400, 8, 8;
   %ix/load 1, 0, 0;
   %ix/load 3, 5, 0;
   %set/av v0124B400, 0, 8;
   %ix/load 1, 0, 0;
   %ix/load 3, 6, 0;
   %set/av v0124B400, 0, 8;
   %ix/load 1, 0, 0;
   %ix/load 3, 7, 0;
   %set/av v0124B400, 0, 8;
   %ix/load 1, 0, 0;
   %ix/load 3, 8, 0;
   %set/av v0124B400, 0, 8;
    %fork TD_tb_cnn_accelerator.do_load_weights, S_011FD518;
    %join;
    %set/v v0124B928_0, 0, 32;
T_34.8 ;
    %load/v 8, v0124B928_0, 32;
   %cmpi/s 8, 64, 32;
    %jmp/0xz T_34.9, 5;
    %movi 8, 1, 8;
    %ix/getv/s 3, v0124B928_0;
   %jmp/1 t_18, 4;
   %ix/load 1, 0, 0;
   %set/av v0124B508, 8, 8;
t_18 ;
    %ix/load 0, 1, 0;
    %load/vp0/s 8, v0124B928_0, 32;
    %set/v v0124B928_0, 8, 32;
    %jmp T_34.8;
T_34.9 ;
    %set/v v0124B928_0, 0, 32;
T_34.10 ;
    %load/v 8, v0124B928_0, 32;
   %cmpi/s 8, 36, 32;
    %jmp/0xz T_34.11, 5;
    %movi 8, 1, 8;
    %ix/getv/s 3, v0124B928_0;
   %jmp/1 t_19, 4;
   %ix/load 1, 0, 0;
   %set/av v0124AD40, 8, 8;
t_19 ;
    %ix/load 0, 1, 0;
    %load/vp0/s 8, v0124B928_0, 32;
    %set/v v0124B928_0, 8, 32;
    %jmp T_34.10;
T_34.11 ;
    %fork TD_tb_cnn_accelerator.do_stream, S_011FD2F8;
    %join;
    %movi 8, 1919837548, 32;
    %movi 40, 2032167781, 32;
    %movi 72, 1853122932, 32;
    %movi 104, 541680741, 32;
    %movi 136, 1634166060, 32;
    %movi 168, 1931503981, 32;
    %movi 200, 762277477, 32;
    %movi 232, 541158508, 32;
    %movi 264, 1413690170, 32;
    %set/v v0124AD98_0, 8, 128;
    %fork TD_tb_cnn_accelerator.do_check, S_011FCEB8;
    %join;
    %fork TD_tb_cnn_accelerator.do_reset, S_011FCE30;
    %join;
    %set/v v0124B4B0_0, 1, 1;
    %wait E_011F3170;
    %set/v v0124B4B0_0, 0, 1;
   %ix/load 1, 0, 0;
   %ix/load 3, 0, 0;
   %set/av v0124B400, 1, 8;
   %ix/load 1, 0, 0;
   %ix/load 3, 1, 0;
   %set/av v0124B400, 1, 8;
   %ix/load 1, 0, 0;
   %ix/load 3, 2, 0;
   %set/av v0124B400, 1, 8;
   %ix/load 1, 0, 0;
   %ix/load 3, 3, 0;
   %set/av v0124B400, 1, 8;
    %movi 8, 8, 8;
   %ix/load 1, 0, 0;
   %ix/load 3, 4, 0;
   %set/av v0124B400, 8, 8;
   %ix/load 1, 0, 0;
   %ix/load 3, 5, 0;
   %set/av v0124B400, 1, 8;
   %ix/load 1, 0, 0;
   %ix/load 3, 6, 0;
   %set/av v0124B400, 1, 8;
   %ix/load 1, 0, 0;
   %ix/load 3, 7, 0;
   %set/av v0124B400, 1, 8;
   %ix/load 1, 0, 0;
   %ix/load 3, 8, 0;
   %set/av v0124B400, 1, 8;
    %fork TD_tb_cnn_accelerator.do_load_weights, S_011FD518;
    %join;
    %set/v v0124B928_0, 0, 32;
T_34.12 ;
    %load/v 8, v0124B928_0, 32;
   %cmpi/s 8, 64, 32;
    %jmp/0xz T_34.13, 5;
    %load/v 8, v0124B928_0, 32;
    %movi 40, 50, 32;
    %mod/s 8, 40, 32;
    %ix/getv/s 3, v0124B928_0;
   %jmp/1 t_20, 4;
   %ix/load 1, 0, 0;
   %set/av v0124B508, 8, 8;
t_20 ;
    %ix/load 0, 1, 0;
    %load/vp0/s 8, v0124B928_0, 32;
    %set/v v0124B928_0, 8, 32;
    %jmp T_34.12;
T_34.13 ;
   %ix/load 1, 0, 0;
   %ix/load 3, 0, 0;
   %set/av v0124AD40, 0, 8;
   %ix/load 1, 0, 0;
   %ix/load 3, 1, 0;
   %set/av v0124AD40, 0, 8;
   %ix/load 1, 0, 0;
   %ix/load 3, 2, 0;
   %set/av v0124AD40, 0, 8;
   %ix/load 1, 0, 0;
   %ix/load 3, 3, 0;
   %set/av v0124AD40, 0, 8;
   %ix/load 1, 0, 0;
   %ix/load 3, 4, 0;
   %set/av v0124AD40, 0, 8;
   %ix/load 1, 0, 0;
   %ix/load 3, 5, 0;
   %set/av v0124AD40, 0, 8;
   %ix/load 1, 0, 0;
   %ix/load 3, 6, 0;
   %set/av v0124AD40, 0, 8;
   %ix/load 1, 0, 0;
   %ix/load 3, 7, 0;
   %set/av v0124AD40, 0, 8;
   %ix/load 1, 0, 0;
   %ix/load 3, 8, 0;
   %set/av v0124AD40, 0, 8;
   %ix/load 1, 0, 0;
   %ix/load 3, 9, 0;
   %set/av v0124AD40, 0, 8;
   %ix/load 1, 0, 0;
   %ix/load 3, 10, 0;
   %set/av v0124AD40, 0, 8;
   %ix/load 1, 0, 0;
   %ix/load 3, 11, 0;
   %set/av v0124AD40, 0, 8;
   %ix/load 1, 0, 0;
   %ix/load 3, 12, 0;
   %set/av v0124AD40, 0, 8;
   %ix/load 1, 0, 0;
   %ix/load 3, 13, 0;
   %set/av v0124AD40, 0, 8;
   %ix/load 1, 0, 0;
   %ix/load 3, 14, 0;
   %set/av v0124AD40, 0, 8;
   %ix/load 1, 0, 0;
   %ix/load 3, 15, 0;
   %set/av v0124AD40, 0, 8;
   %ix/load 1, 0, 0;
   %ix/load 3, 16, 0;
   %set/av v0124AD40, 0, 8;
   %ix/load 1, 0, 0;
   %ix/load 3, 17, 0;
   %set/av v0124AD40, 0, 8;
   %ix/load 1, 0, 0;
   %ix/load 3, 18, 0;
   %set/av v0124AD40, 0, 8;
   %ix/load 1, 0, 0;
   %ix/load 3, 19, 0;
   %set/av v0124AD40, 0, 8;
   %ix/load 1, 0, 0;
   %ix/load 3, 20, 0;
   %set/av v0124AD40, 0, 8;
   %ix/load 1, 0, 0;
   %ix/load 3, 21, 0;
   %set/av v0124AD40, 0, 8;
   %ix/load 1, 0, 0;
   %ix/load 3, 22, 0;
   %set/av v0124AD40, 0, 8;
   %ix/load 1, 0, 0;
   %ix/load 3, 23, 0;
   %set/av v0124AD40, 0, 8;
    %movi 8, 50, 8;
   %ix/load 1, 0, 0;
   %ix/load 3, 24, 0;
   %set/av v0124AD40, 8, 8;
    %movi 8, 100, 8;
   %ix/load 1, 0, 0;
   %ix/load 3, 25, 0;
   %set/av v0124AD40, 8, 8;
    %movi 8, 150, 8;
   %ix/load 1, 0, 0;
   %ix/load 3, 26, 0;
   %set/av v0124AD40, 8, 8;
    %movi 16, 150, 8;
   %ix/load 1, 0, 0;
   %ix/load 3, 27, 0;
   %set/av v0124AD40, 16, 8;
    %movi 24, 150, 8;
   %ix/load 1, 0, 0;
   %ix/load 3, 28, 0;
   %set/av v0124AD40, 24, 8;
    %movi 32, 150, 8;
   %ix/load 1, 0, 0;
   %ix/load 3, 29, 0;
   %set/av v0124AD40, 32, 8;
    %movi 40, 200, 8;
   %ix/load 1, 0, 0;
   %ix/load 3, 30, 0;
   %set/av v0124AD40, 40, 8;
   %ix/load 1, 0, 0;
   %ix/load 3, 31, 0;
   %set/av v0124AD40, 0, 8;
   %ix/load 1, 0, 0;
   %ix/load 3, 32, 0;
   %set/av v0124AD40, 0, 8;
   %ix/load 1, 0, 0;
   %ix/load 3, 33, 0;
   %set/av v0124AD40, 0, 8;
   %ix/load 1, 0, 0;
   %ix/load 3, 34, 0;
   %set/av v0124AD40, 0, 8;
   %ix/load 1, 0, 0;
   %ix/load 3, 35, 0;
   %set/av v0124AD40, 0, 8;
    %fork TD_tb_cnn_accelerator.do_stream, S_011FD2F8;
    %join;
    %movi 8, 1667850606, 32;
    %movi 40, 1634757729, 32;
    %movi 72, 1697390668, 32;
    %movi 104, 1768776039, 32;
    %movi 136, 892348704, 32;
    %movi 168, 539519269, 32;
    %movi 200, 1382116720, 32;
    %movi 232, 1127496224, 32;
    %movi 264, 84, 8;
    %set/v v0124AD98_0, 8, 128;
    %fork TD_tb_cnn_accelerator.do_check, S_011FCEB8;
    %join;
    %fork TD_tb_cnn_accelerator.do_reset, S_011FCE30;
    %join;
    %set/v v0124B4B0_0, 1, 1;
    %wait E_011F3170;
    %set/v v0124B4B0_0, 0, 1;
   %ix/load 1, 0, 0;
   %ix/load 3, 0, 0;
   %set/av v0124B400, 1, 8;
   %ix/load 1, 0, 0;
   %ix/load 3, 1, 0;
   %set/av v0124B400, 1, 8;
   %ix/load 1, 0, 0;
   %ix/load 3, 2, 0;
   %set/av v0124B400, 1, 8;
   %ix/load 1, 0, 0;
   %ix/load 3, 3, 0;
   %set/av v0124B400, 1, 8;
    %movi 8, 8, 8;
   %ix/load 1, 0, 0;
   %ix/load 3, 4, 0;
   %set/av v0124B400, 8, 8;
   %ix/load 1, 0, 0;
   %ix/load 3, 5, 0;
   %set/av v0124B400, 1, 8;
   %ix/load 1, 0, 0;
   %ix/load 3, 6, 0;
   %set/av v0124B400, 1, 8;
   %ix/load 1, 0, 0;
   %ix/load 3, 7, 0;
   %set/av v0124B400, 1, 8;
   %ix/load 1, 0, 0;
   %ix/load 3, 8, 0;
   %set/av v0124B400, 1, 8;
    %fork TD_tb_cnn_accelerator.do_load_weights, S_011FD518;
    %join;
    %set/v v0124B928_0, 0, 32;
T_34.14 ;
    %load/v 8, v0124B928_0, 32;
   %cmpi/s 8, 64, 32;
    %jmp/0xz T_34.15, 5;
    %load/v 8, v0124B928_0, 32;
   %cmpi/s 8, 32, 32;
    %jmp/0xz  T_34.16, 5;
    %ix/getv/s 3, v0124B928_0;
   %jmp/1 t_21, 4;
   %ix/load 1, 0, 0;
   %set/av v0124B508, 0, 8;
t_21 ;
    %jmp T_34.17;
T_34.16 ;
    %movi 8, 64, 8;
    %ix/getv/s 3, v0124B928_0;
   %jmp/1 t_22, 4;
   %ix/load 1, 0, 0;
   %set/av v0124B508, 8, 8;
t_22 ;
T_34.17 ;
    %ix/load 0, 1, 0;
    %load/vp0/s 8, v0124B928_0, 32;
    %set/v v0124B928_0, 8, 32;
    %jmp T_34.14;
T_34.15 ;
    %set/v v0124B928_0, 0, 32;
T_34.18 ;
    %load/v 8, v0124B928_0, 32;
   %cmpi/s 8, 36, 32;
    %jmp/0xz T_34.19, 5;
    %ix/getv/s 3, v0124B928_0;
   %jmp/1 t_23, 4;
   %ix/load 1, 0, 0;
   %set/av v0124AD40, 0, 8;
t_23 ;
    %ix/load 0, 1, 0;
    %load/vp0/s 8, v0124B928_0, 32;
    %set/v v0124B928_0, 8, 32;
    %jmp T_34.18;
T_34.19 ;
    %movi 8, 128, 8;
   %ix/load 1, 0, 0;
   %ix/load 3, 18, 0;
   %set/av v0124AD40, 8, 8;
    %movi 16, 128, 8;
   %ix/load 1, 0, 0;
   %ix/load 3, 19, 0;
   %set/av v0124AD40, 16, 8;
    %movi 24, 128, 8;
   %ix/load 1, 0, 0;
   %ix/load 3, 20, 0;
   %set/av v0124AD40, 24, 8;
    %movi 32, 128, 8;
   %ix/load 1, 0, 0;
   %ix/load 3, 21, 0;
   %set/av v0124AD40, 32, 8;
    %movi 40, 128, 8;
   %ix/load 1, 0, 0;
   %ix/load 3, 22, 0;
   %set/av v0124AD40, 40, 8;
    %movi 48, 128, 8;
   %ix/load 1, 0, 0;
   %ix/load 3, 23, 0;
   %set/av v0124AD40, 48, 8;
    %fork TD_tb_cnn_accelerator.do_stream, S_011FD2F8;
    %join;
    %movi 8, 1026962473, 32;
    %movi 40, 540290359, 32;
    %movi 72, 1919907699, 32;
    %movi 104, 807415584, 32;
    %movi 136, 808268605, 32;
    %movi 168, 1870099232, 32;
    %movi 200, 1696606322, 32;
    %movi 232, 761619559, 32;
    %movi 264, 1937007984, 32;
    %movi 296, 1952541728, 32;
    %movi 328, 1769631598, 32;
    %movi 360, 541618034, 32;
    %movi 392, 1413690682, 32;
    %set/v v0124AD98_0, 8, 128;
    %fork TD_tb_cnn_accelerator.do_check, S_011FCEB8;
    %join;
    %fork TD_tb_cnn_accelerator.do_reset, S_011FCE30;
    %join;
    %set/v v0124B4B0_0, 1, 1;
    %wait E_011F3170;
    %set/v v0124B4B0_0, 0, 1;
   %ix/load 1, 0, 0;
   %ix/load 3, 0, 0;
   %set/av v0124B400, 1, 8;
   %ix/load 1, 0, 0;
   %ix/load 3, 1, 0;
   %set/av v0124B400, 1, 8;
   %ix/load 1, 0, 0;
   %ix/load 3, 2, 0;
   %set/av v0124B400, 1, 8;
   %ix/load 1, 0, 0;
   %ix/load 3, 3, 0;
   %set/av v0124B400, 1, 8;
    %movi 8, 8, 8;
   %ix/load 1, 0, 0;
   %ix/load 3, 4, 0;
   %set/av v0124B400, 8, 8;
   %ix/load 1, 0, 0;
   %ix/load 3, 5, 0;
   %set/av v0124B400, 1, 8;
   %ix/load 1, 0, 0;
   %ix/load 3, 6, 0;
   %set/av v0124B400, 1, 8;
   %ix/load 1, 0, 0;
   %ix/load 3, 7, 0;
   %set/av v0124B400, 1, 8;
   %ix/load 1, 0, 0;
   %ix/load 3, 8, 0;
   %set/av v0124B400, 1, 8;
    %fork TD_tb_cnn_accelerator.do_load_weights, S_011FD518;
    %join;
    %set/v v0124B928_0, 0, 32;
T_34.20 ;
    %load/v 8, v0124B928_0, 32;
   %cmpi/s 8, 64, 32;
    %jmp/0xz T_34.21, 5;
    %load/v 8, v0124B928_0, 32;
    %movi 40, 8, 32;
    %mod/s 8, 40, 32;
   %cmpi/s 8, 4, 32;
    %jmp/0xz  T_34.22, 5;
    %ix/getv/s 3, v0124B928_0;
   %jmp/1 t_24, 4;
   %ix/load 1, 0, 0;
   %set/av v0124B508, 0, 8;
t_24 ;
    %jmp T_34.23;
T_34.22 ;
    %movi 8, 64, 8;
    %ix/getv/s 3, v0124B928_0;
   %jmp/1 t_25, 4;
   %ix/load 1, 0, 0;
   %set/av v0124B508, 8, 8;
t_25 ;
T_34.23 ;
    %ix/load 0, 1, 0;
    %load/vp0/s 8, v0124B928_0, 32;
    %set/v v0124B928_0, 8, 32;
    %jmp T_34.20;
T_34.21 ;
    %set/v v0124B928_0, 0, 32;
T_34.24 ;
    %load/v 8, v0124B928_0, 32;
   %cmpi/s 8, 36, 32;
    %jmp/0xz T_34.25, 5;
    %ix/getv/s 3, v0124B928_0;
   %jmp/1 t_26, 4;
   %ix/load 1, 0, 0;
   %set/av v0124AD40, 0, 8;
t_26 ;
    %ix/load 0, 1, 0;
    %load/vp0/s 8, v0124B928_0, 32;
    %set/v v0124B928_0, 8, 32;
    %jmp T_34.24;
T_34.25 ;
    %movi 8, 192, 8;
   %ix/load 1, 0, 0;
   %ix/load 3, 3, 0;
   %set/av v0124AD40, 8, 8;
    %movi 16, 192, 8;
   %ix/load 1, 0, 0;
   %ix/load 3, 9, 0;
   %set/av v0124AD40, 16, 8;
    %movi 24, 192, 8;
   %ix/load 1, 0, 0;
   %ix/load 3, 15, 0;
   %set/av v0124AD40, 24, 8;
    %movi 32, 192, 8;
   %ix/load 1, 0, 0;
   %ix/load 3, 21, 0;
   %set/av v0124AD40, 32, 8;
    %movi 40, 192, 8;
   %ix/load 1, 0, 0;
   %ix/load 3, 27, 0;
   %set/av v0124AD40, 40, 8;
    %movi 48, 192, 8;
   %ix/load 1, 0, 0;
   %ix/load 3, 33, 0;
   %set/av v0124AD40, 48, 8;
    %fork TD_tb_cnn_accelerator.do_stream, S_011FD2F8;
    %join;
    %movi 8, 1026962473, 32;
    %movi 40, 540290359, 32;
    %movi 72, 1668246643, 32;
    %movi 104, 807415584, 32;
    %movi 136, 808268605, 32;
    %movi 168, 1869378336, 32;
    %movi 200, 1696606307, 32;
    %movi 232, 761619559, 32;
    %movi 264, 1937007984, 32;
    %movi 296, 1667329056, 32;
    %movi 328, 1701999721, 32;
    %movi 360, 909779030, 32;
    %movi 392, 21571, 16;
    %set/v v0124AD98_0, 8, 128;
    %fork TD_tb_cnn_accelerator.do_check, S_011FCEB8;
    %join;
    %vpi_call 3 339 "$display", "\012================================================";
    %vpi_call 3 340 "$display", " Test Summary: %0d PASSED | %0d FAILED", v0124B820_0, v0124AEA0_0;
    %load/v 8, v0124AEA0_0, 32;
    %cmpi/u 8, 0, 32;
    %jmp/0xz  T_34.26, 4;
    %vpi_call 3 342 "$display", " ALL TESTS PASSED \342\200\224 CNN Accelerator Verified!";
    %jmp T_34.27;
T_34.26 ;
    %vpi_call 3 344 "$display", " SOME TESTS FAILED \342\200\224 check pipeline alignment.";
T_34.27 ;
    %vpi_call 3 345 "$display", "================================================\012";
    %movi 8, 20, 6;
T_34.28 %cmp/s 0, 8, 6;
    %jmp/0xz T_34.29, 5;
    %add 8, 1, 6;
    %wait E_011F3170;
    %jmp T_34.28;
T_34.29 ;
    %vpi_call 3 348 "$finish";
    %end;
    .thread T_34;
    .scope S_011FB208;
T_35 ;
    %delay 1410065408, 2;
    %vpi_call 3 354 "$display", "[ERROR] Simulation timeout \342\200\224 increase watchdog or check reset.";
    %vpi_call 3 355 "$finish";
    %end;
    .thread T_35;
# The file index is used to find the file name in the following table.
:file_names 12;
    "N/A";
    "<interactive>";
    "./controller_fsm.v";
    "tb_cnn_accelerator.v";
    "./cnn_accelerator_top.v";
    "./weight_buffer.v";
    "./line_buffer.v";
    "./window_generator.v";
    "./mac_array.v";
    "./mac_unit.v";
    "./accumulator.v";
    "./activation_relu.v";
