#! /c/iverilog/bin/vvp
:ivl_version "0.9.7 " "(v0_9_7)";
:vpi_time_precision + 0;
:vpi_module "system";
:vpi_module "v2005_math";
:vpi_module "va_math";
S_011185E0 .scope module, "weight_buffer" "weight_buffer" 2 16;
 .timescale 0 0;
P_01113304 .param/l "DATA_WIDTH" 2 17, +C4<01000>;
P_01113318 .param/l "KERNEL_SIZE" 2 18, +C4<011>;
P_0111332C .param/l "NUM_WEIGHTS" 2 29, +C4<01001>;
v01174D90_0 .net "clk", 0 0, C4<z>; 0 drivers
v01175310_0 .var/i "i", 31 0;
v01175368_0 .var "loaded_r", 0 0;
v01174EF0_0 .net "rst_n", 0 0, C4<z>; 0 drivers
RS_01154114/0/0 .resolv tri, L_01174FA0, L_01174D38, L_01175100, L_01175158;
RS_01154114/0/4 .resolv tri, L_01175208, L_01174CE0, L_01175260, L_01174C30;
RS_01154114/0/8 .resolv tri, L_01174C88, C4<zzzzzzzzzzzzzzzzzzzzzzzzzzzzzzzzzzzzzzzzzzzzzzzzzzzzzzzzzzzzzzzzzzzzzzzz>, C4<zzzzzzzzzzzzzzzzzzzzzzzzzzzzzzzzzzzzzzzzzzzzzzzzzzzzzzzzzzzzzzzzzzzzzzzz>, C4<zzzzzzzzzzzzzzzzzzzzzzzzzzzzzzzzzzzzzzzzzzzzzzzzzzzzzzzzzzzzzzzzzzzzzzzz>;
RS_01154114 .resolv tri, RS_01154114/0/0, RS_01154114/0/4, RS_01154114/0/8, C4<zzzzzzzzzzzzzzzzzzzzzzzzzzzzzzzzzzzzzzzzzzzzzzzzzzzzzzzzzzzzzzzzzzzzzzzz>;
v011751B0_0 .net8/s "weight_flat", 71 0, RS_01154114; 9 drivers
v01174FF8_0 .net "weight_loaded", 0 0, v01175368_0; 1 drivers
v01174E40_0 .net "weight_wr_addr", 3 0, C4<zzzz>; 0 drivers
v011750A8_0 .net/s "weight_wr_data", 7 0, C4<zzzzzzzz>; 0 drivers
v01174E98_0 .net "weight_wr_en", 0 0, C4<z>; 0 drivers
v01175050 .array/s "weights", 8 0, 7 0;
E_0111A500/0 .event negedge, v01174EF0_0;
E_0111A500/1 .event posedge, v01174D90_0;
E_0111A500 .event/or E_0111A500/0, E_0111A500/1;
v01175050_0 .array/port v01175050, 0;
L_01174FA0 .part/pv v01175050_0, 0, 8, 72;
v01175050_1 .array/port v01175050, 1;
L_01174D38 .part/pv v01175050_1, 8, 8, 72;
v01175050_2 .array/port v01175050, 2;
L_01175100 .part/pv v01175050_2, 16, 8, 72;
v01175050_3 .array/port v01175050, 3;
L_01175158 .part/pv v01175050_3, 24, 8, 72;
v01175050_4 .array/port v01175050, 4;
L_01175208 .part/pv v01175050_4, 32, 8, 72;
v01175050_5 .array/port v01175050, 5;
L_01174CE0 .part/pv v01175050_5, 40, 8, 72;
v01175050_6 .array/port v01175050, 6;
L_01175260 .part/pv v01175050_6, 48, 8, 72;
v01175050_7 .array/port v01175050, 7;
L_01174C30 .part/pv v01175050_7, 56, 8, 72;
v01175050_8 .array/port v01175050, 8;
L_01174C88 .part/pv v01175050_8, 64, 8, 72;
S_01118C40 .scope generate, "gen_wflat[0]" "gen_wflat[0]" 2 56, 2 56, S_011185E0;
 .timescale 0 0;
P_0111A464 .param/l "gi" 2 56, +C4<00>;
v01174F48_0 .net *"_s2", 7 0, v01175050_0; 1 drivers
S_011186F0 .scope generate, "gen_wflat[1]" "gen_wflat[1]" 2 56, 2 56, S_011185E0;
 .timescale 0 0;
P_0111A604 .param/l "gi" 2 56, +C4<01>;
v01174DE8_0 .net *"_s2", 7 0, v01175050_1; 1 drivers
S_01118668 .scope generate, "gen_wflat[2]" "gen_wflat[2]" 2 56, 2 56, S_011185E0;
 .timescale 0 0;
P_0111A5E4 .param/l "gi" 2 56, +C4<010>;
v011136B0_0 .net *"_s2", 7 0, v01175050_2; 1 drivers
S_011184D0 .scope generate, "gen_wflat[3]" "gen_wflat[3]" 2 56, 2 56, S_011185E0;
 .timescale 0 0;
P_0111A5C4 .param/l "gi" 2 56, +C4<011>;
v01113658_0 .net *"_s2", 7 0, v01175050_3; 1 drivers
S_01117E70 .scope generate, "gen_wflat[4]" "gen_wflat[4]" 2 56, 2 56, S_011185E0;
 .timescale 0 0;
P_0111A544 .param/l "gi" 2 56, +C4<0100>;
v01113600_0 .net *"_s2", 7 0, v01175050_4; 1 drivers
S_01118448 .scope generate, "gen_wflat[5]" "gen_wflat[5]" 2 56, 2 56, S_011185E0;
 .timescale 0 0;
P_0111A644 .param/l "gi" 2 56, +C4<0101>;
v0111EF50_0 .net *"_s2", 7 0, v01175050_5; 1 drivers
S_011181A0 .scope generate, "gen_wflat[6]" "gen_wflat[6]" 2 56, 2 56, S_011185E0;
 .timescale 0 0;
P_0111A3C4 .param/l "gi" 2 56, +C4<0110>;
v0111EEF8_0 .net *"_s2", 7 0, v01175050_6; 1 drivers
S_01118008 .scope generate, "gen_wflat[7]" "gen_wflat[7]" 2 56, 2 56, S_011185E0;
 .timescale 0 0;
P_0111A6E4 .param/l "gi" 2 56, +C4<0111>;
v0111EEA0_0 .net *"_s2", 7 0, v01175050_7; 1 drivers
S_01118AA8 .scope generate, "gen_wflat[8]" "gen_wflat[8]" 2 56, 2 56, S_011185E0;
 .timescale 0 0;
P_0111A3A4 .param/l "gi" 2 56, +C4<01000>;
v01113388_0 .net *"_s2", 7 0, v01175050_8; 1 drivers
    .scope S_011185E0;
T_0 ;
    %wait E_0111A500;
    %load/v 8, v01174EF0_0, 1;
    %inv 8, 1;
    %jmp/0xz  T_0.0, 8;
    %set/v v01175310_0, 0, 32;
T_0.2 ;
    %load/v 8, v01175310_0, 32;
   %cmpi/s 8, 9, 32;
    %jmp/0xz T_0.3, 5;
    %ix/getv/s 3, v01175310_0;
    %jmp/1 t_0, 4;
    %ix/load 0, 8, 0; word width
    %ix/load 1, 0, 0; part off
    %assign/av v01175050, 0, 0;
t_0 ;
    %ix/load 0, 1, 0;
    %load/vp0/s 8, v01175310_0, 32;
    %set/v v01175310_0, 8, 32;
    %jmp T_0.2;
T_0.3 ;
    %ix/load 0, 1, 0;
    %assign/v0 v01175368_0, 0, 0;
    %jmp T_0.1;
T_0.0 ;
    %load/v 8, v01174E98_0, 1;
    %jmp/0xz  T_0.4, 8;
    %load/v 8, v011750A8_0, 8;
    %ix/getv 3, v01174E40_0;
    %jmp/1 t_1, 4;
    %ix/load 0, 8, 0; word width
    %ix/load 1, 0, 0; part off
    %assign/av v01175050, 0, 8;
t_1 ;
    %load/v 8, v01174E40_0, 4;
    %mov 12, 0, 3;
    %cmpi/u 8, 8, 7;
    %jmp/0xz  T_0.6, 4;
    %ix/load 0, 1, 0;
    %assign/v0 v01175368_0, 0, 1;
T_0.6 ;
T_0.4 ;
T_0.1 ;
    %jmp T_0;
    .thread T_0;
# The file index is used to find the file name in the following table.
:file_names 3;
    "N/A";
    "<interactive>";
    "weight_buffer.v";
