#! /c/iverilog/bin/vvp
:ivl_version "0.9.7 " "(v0_9_7)";
:vpi_time_precision + 0;
:vpi_module "system";
:vpi_module "v2005_math";
:vpi_module "va_math";
S_00EA3730 .scope module, "window_generator" "window_generator" 2 31;
 .timescale 0 0;
P_0105C29C .param/l "DATA_WIDTH" 2 32, +C4<01000>;
P_0105C2B0 .param/l "IMAGE_WIDTH" 2 33, +C4<0100000>;
P_0105C2C4 .param/l "KERNEL_SIZE" 2 34, +C4<011>;
v00EAEDD8 .array/s "bot_sr", 2 0, 7 0;
v00EAECD0_0 .net "clk", 0 0, C4<z>; 0 drivers
v00EAF098_0 .var "col_cnt", 4 0;
v00EAEFE8_0 .var/i "i", 31 0;
v00EAEF90 .array/s "mid_sr", 2 0, 7 0;
v00EAEE88_0 .net/s "mid_tap", 7 0, L_00EAFCA8; 1 drivers
v00EAEE30_0 .net/s "pixel_in", 7 0, C4<zzzzzzzz>; 0 drivers
v00EAEBC8_0 .net "pixel_valid", 0 0, C4<z>; 0 drivers
v00EAEC20_0 .var "row_cnt", 4 0;
v00EAEB18_0 .net "row_out_flat", 15 0, C4<zzzzzzzzzzzzzzzz>; 0 drivers
v00EAEC78_0 .net "rst_n", 0 0, C4<z>; 0 drivers
v00EAF0F0 .array/s "top_sr", 2 0, 7 0;
v00EAEEE0_0 .net/s "top_tap", 7 0, L_00EAFEB8; 1 drivers
RS_00EB428C/0/0 .resolv tri, L_00EAEAC0, L_00EAEA10, L_00EAEF38, L_00EAEA68;
RS_00EB428C/0/4 .resolv tri, L_00EAED80, L_00EAED28, L_00EAFAF0, L_00EAF938;
RS_00EB428C/0/8 .resolv tri, L_00EAFC50, C4<zzzzzzzzzzzzzzzzzzzzzzzzzzzzzzzzzzzzzzzzzzzzzzzzzzzzzzzzzzzzzzzzzzzzzzzz>, C4<zzzzzzzzzzzzzzzzzzzzzzzzzzzzzzzzzzzzzzzzzzzzzzzzzzzzzzzzzzzzzzzzzzzzzzzz>, C4<zzzzzzzzzzzzzzzzzzzzzzzzzzzzzzzzzzzzzzzzzzzzzzzzzzzzzzzzzzzzzzzzzzzzzzzz>;
RS_00EB428C .resolv tri, RS_00EB428C/0/0, RS_00EB428C/0/4, RS_00EB428C/0/8, C4<zzzzzzzzzzzzzzzzzzzzzzzzzzzzzzzzzzzzzzzzzzzzzzzzzzzzzzzzzzzzzzzzzzzzzzzz>;
v00EAF040_0 .net8/s "window_flat", 71 0, RS_00EB428C; 9 drivers
v00EAE9B8_0 .var "window_valid", 0 0;
E_00EA5530/0 .event negedge, v00EAEC78_0;
E_00EA5530/1 .event posedge, v00EAECD0_0;
E_00EA5530 .event/or E_00EA5530/0, E_00EA5530/1;
v00EAF0F0_0 .array/port v00EAF0F0, 0;
L_00EAEAC0 .part/pv v00EAF0F0_0, 0, 8, 72;
v00EAF0F0_1 .array/port v00EAF0F0, 1;
L_00EAEA10 .part/pv v00EAF0F0_1, 8, 8, 72;
v00EAF0F0_2 .array/port v00EAF0F0, 2;
L_00EAEF38 .part/pv v00EAF0F0_2, 16, 8, 72;
v00EAEF90_0 .array/port v00EAEF90, 0;
L_00EAEA68 .part/pv v00EAEF90_0, 24, 8, 72;
v00EAEF90_1 .array/port v00EAEF90, 1;
L_00EAED80 .part/pv v00EAEF90_1, 32, 8, 72;
v00EAEF90_2 .array/port v00EAEF90, 2;
L_00EAED28 .part/pv v00EAEF90_2, 40, 8, 72;
v00EAEDD8_0 .array/port v00EAEDD8, 0;
L_00EAFAF0 .part/pv v00EAEDD8_0, 48, 8, 72;
v00EAEDD8_1 .array/port v00EAEDD8, 1;
L_00EAF938 .part/pv v00EAEDD8_1, 56, 8, 72;
v00EAEDD8_2 .array/port v00EAEDD8, 2;
L_00EAFC50 .part/pv v00EAEDD8_2, 64, 8, 72;
L_00EAFCA8 .part C4<zzzzzzzzzzzzzzzz>, 0, 8;
L_00EAFEB8 .part C4<zzzzzzzzzzzzzzzz>, 8, 8;
S_00EA3488 .scope generate, "gen_row[0]" "gen_row[0]" 2 117, 2 117, S_00EA3730;
 .timescale 0 0;
P_00EA5A54 .param/l "gr" 2 117, +C4<00>;
S_00EA2DA0 .scope generate, "gen_col[0]" "gen_col[0]" 2 118, 2 118, S_00EA3488;
 .timescale 0 0;
P_00EA59D4 .param/l "gc" 2 118, +C4<00>;
v00EAEB70_0 .net *"_s2", 7 0, v00EAF0F0_0; 1 drivers
S_00EA37B8 .scope generate, "gen_col[1]" "gen_col[1]" 2 118, 2 118, S_00EA3488;
 .timescale 0 0;
P_00EA5AF4 .param/l "gc" 2 118, +C4<01>;
v00EAE938_0 .net *"_s2", 7 0, v00EAF0F0_1; 1 drivers
S_00EA2E28 .scope generate, "gen_col[2]" "gen_col[2]" 2 118, 2 118, S_00EA3488;
 .timescale 0 0;
P_00EA5AD4 .param/l "gc" 2 118, +C4<010>;
v00EAE8E0_0 .net *"_s2", 7 0, v00EAF0F0_2; 1 drivers
S_00EA3BF8 .scope generate, "gen_row[1]" "gen_row[1]" 2 117, 2 117, S_00EA3730;
 .timescale 0 0;
P_00EA5974 .param/l "gr" 2 117, +C4<01>;
S_00EA3840 .scope generate, "gen_col[0]" "gen_col[0]" 2 118, 2 118, S_00EA3BF8;
 .timescale 0 0;
P_00EA5834 .param/l "gc" 2 118, +C4<00>;
v00EAE888_0 .net *"_s2", 7 0, v00EAEF90_0; 1 drivers
S_00EA3598 .scope generate, "gen_col[1]" "gen_col[1]" 2 118, 2 118, S_00EA3BF8;
 .timescale 0 0;
P_00EA5A74 .param/l "gc" 2 118, +C4<01>;
v010536B0_0 .net *"_s2", 7 0, v00EAEF90_1; 1 drivers
S_00EA3400 .scope generate, "gen_col[2]" "gen_col[2]" 2 118, 2 118, S_00EA3BF8;
 .timescale 0 0;
P_00EA5AB4 .param/l "gc" 2 118, +C4<010>;
v01053658_0 .net *"_s2", 7 0, v00EAEF90_2; 1 drivers
S_00EA2C90 .scope generate, "gen_row[2]" "gen_row[2]" 2 117, 2 117, S_00EA3730;
 .timescale 0 0;
P_00EA58F4 .param/l "gr" 2 117, +C4<010>;
S_00EA3A60 .scope generate, "gen_col[0]" "gen_col[0]" 2 118, 2 118, S_00EA2C90;
 .timescale 0 0;
P_00EA5A34 .param/l "gc" 2 118, +C4<00>;
v01053600_0 .net *"_s2", 7 0, v00EAEDD8_0; 1 drivers
S_00EA39D8 .scope generate, "gen_col[1]" "gen_col[1]" 2 118, 2 118, S_00EA2C90;
 .timescale 0 0;
P_00EA5914 .param/l "gc" 2 118, +C4<01>;
v010532E8_0 .net *"_s2", 7 0, v00EAEDD8_1; 1 drivers
S_00EA3B70 .scope generate, "gen_col[2]" "gen_col[2]" 2 118, 2 118, S_00EA2C90;
 .timescale 0 0;
P_00EA5A94 .param/l "gc" 2 118, +C4<010>;
v01053770_0 .net *"_s2", 7 0, v00EAEDD8_2; 1 drivers
    .scope S_00EA3730;
T_0 ;
    %wait E_00EA5530;
    %load/v 8, v00EAEC78_0, 1;
    %inv 8, 1;
    %jmp/0xz  T_0.0, 8;
    %ix/load 0, 5, 0;
    %assign/v0 v00EAF098_0, 0, 0;
    %ix/load 0, 5, 0;
    %assign/v0 v00EAEC20_0, 0, 0;
    %ix/load 0, 1, 0;
    %assign/v0 v00EAE9B8_0, 0, 0;
    %set/v v00EAEFE8_0, 0, 32;
T_0.2 ;
    %load/v 8, v00EAEFE8_0, 32;
   %cmpi/s 8, 3, 32;
    %jmp/0xz T_0.3, 5;
    %ix/getv/s 3, v00EAEFE8_0;
    %jmp/1 t_0, 4;
    %ix/load 0, 8, 0; word width
    %ix/load 1, 0, 0; part off
    %assign/av v00EAF0F0, 0, 0;
t_0 ;
    %ix/getv/s 3, v00EAEFE8_0;
    %jmp/1 t_1, 4;
    %ix/load 0, 8, 0; word width
    %ix/load 1, 0, 0; part off
    %assign/av v00EAEF90, 0, 0;
t_1 ;
    %ix/getv/s 3, v00EAEFE8_0;
    %jmp/1 t_2, 4;
    %ix/load 0, 8, 0; word width
    %ix/load 1, 0, 0; part off
    %assign/av v00EAEDD8, 0, 0;
t_2 ;
    %ix/load 0, 1, 0;
    %load/vp0/s 8, v00EAEFE8_0, 32;
    %set/v v00EAEFE8_0, 8, 32;
    %jmp T_0.2;
T_0.3 ;
    %jmp T_0.1;
T_0.0 ;
    %load/v 8, v00EAEBC8_0, 1;
    %jmp/0xz  T_0.4, 8;
    %movi 8, 2, 6;
    %load/v 14, v00EAEC20_0, 5;
    %mov 19, 0, 1;
    %cmp/u 8, 14, 6;
    %or 5, 4, 1;
    %mov 8, 5, 1;
    %movi 9, 2, 6;
    %load/v 15, v00EAF098_0, 5;
    %mov 20, 0, 1;
    %cmp/u 9, 15, 6;
    %or 5, 4, 1;
    %mov 9, 5, 1;
    %and 8, 9, 1;
    %jmp/0xz  T_0.6, 8;
    %ix/load 0, 1, 0;
    %assign/v0 v00EAE9B8_0, 0, 1;
    %jmp T_0.7;
T_0.6 ;
    %ix/load 0, 1, 0;
    %assign/v0 v00EAE9B8_0, 0, 0;
T_0.7 ;
    %ix/load 3, 1, 0;
    %mov 4, 0, 1;
    %load/av 8, v00EAEDD8, 8;
    %ix/load 3, 0, 0; address
    %ix/load 0, 8, 0; word width
    %ix/load 1, 0, 0; part off
    %assign/av v00EAEDD8, 0, 8;
t_3 ;
    %ix/load 3, 2, 0;
    %mov 4, 0, 1;
    %load/av 8, v00EAEDD8, 8;
    %ix/load 3, 1, 0; address
    %ix/load 0, 8, 0; word width
    %ix/load 1, 0, 0; part off
    %assign/av v00EAEDD8, 0, 8;
t_4 ;
    %load/v 8, v00EAEE30_0, 8;
    %ix/load 3, 2, 0; address
    %ix/load 0, 8, 0; word width
    %ix/load 1, 0, 0; part off
    %assign/av v00EAEDD8, 0, 8;
t_5 ;
    %ix/load 3, 1, 0;
    %mov 4, 0, 1;
    %load/av 8, v00EAEF90, 8;
    %ix/load 3, 0, 0; address
    %ix/load 0, 8, 0; word width
    %ix/load 1, 0, 0; part off
    %assign/av v00EAEF90, 0, 8;
t_6 ;
    %ix/load 3, 2, 0;
    %mov 4, 0, 1;
    %load/av 8, v00EAEF90, 8;
    %ix/load 3, 1, 0; address
    %ix/load 0, 8, 0; word width
    %ix/load 1, 0, 0; part off
    %assign/av v00EAEF90, 0, 8;
t_7 ;
    %load/v 8, v00EAEE88_0, 8;
    %ix/load 3, 2, 0; address
    %ix/load 0, 8, 0; word width
    %ix/load 1, 0, 0; part off
    %assign/av v00EAEF90, 0, 8;
t_8 ;
    %ix/load 3, 1, 0;
    %mov 4, 0, 1;
    %load/av 8, v00EAF0F0, 8;
    %ix/load 3, 0, 0; address
    %ix/load 0, 8, 0; word width
    %ix/load 1, 0, 0; part off
    %assign/av v00EAF0F0, 0, 8;
t_9 ;
    %ix/load 3, 2, 0;
    %mov 4, 0, 1;
    %load/av 8, v00EAF0F0, 8;
    %ix/load 3, 1, 0; address
    %ix/load 0, 8, 0; word width
    %ix/load 1, 0, 0; part off
    %assign/av v00EAF0F0, 0, 8;
t_10 ;
    %load/v 8, v00EAEEE0_0, 8;
    %ix/load 3, 2, 0; address
    %ix/load 0, 8, 0; word width
    %ix/load 1, 0, 0; part off
    %assign/av v00EAF0F0, 0, 8;
t_11 ;
    %load/v 8, v00EAF098_0, 5;
    %mov 13, 0, 4;
    %cmpi/u 8, 31, 9;
    %jmp/0xz  T_0.8, 4;
    %ix/load 0, 5, 0;
    %assign/v0 v00EAF098_0, 0, 0;
    %ix/load 0, 1, 0;
    %load/vp0 8, v00EAEC20_0, 5;
    %ix/load 0, 5, 0;
    %assign/v0 v00EAEC20_0, 0, 8;
    %jmp T_0.9;
T_0.8 ;
    %ix/load 0, 1, 0;
    %load/vp0 8, v00EAF098_0, 5;
    %ix/load 0, 5, 0;
    %assign/v0 v00EAF098_0, 0, 8;
T_0.9 ;
    %jmp T_0.5;
T_0.4 ;
    %ix/load 0, 1, 0;
    %assign/v0 v00EAE9B8_0, 0, 0;
T_0.5 ;
T_0.1 ;
    %jmp T_0;
    .thread T_0;
# The file index is used to find the file name in the following table.
:file_names 3;
    "N/A";
    "<interactive>";
    "window_generator.v";
